SF:lib/charts/data/data_handler.dart
DA:17,0
DA:18,0
DA:19,0
DA:22,0
DA:24,0
DA:25,0
DA:26,0
DA:29,0
DA:30,0
DA:31,0
DA:34,0
DA:35,0
DA:36,0
DA:37,0
DA:40,0
DA:41,0
DA:42,0
DA:43,0
DA:44,0
DA:45,0
DA:48,0
DA:49,0
DA:51,0
DA:53,0
DA:54,0
DA:58,1
DA:60,1
DA:61,3
DA:62,1
DA:65,4
DA:67,1
DA:68,5
DA:69,1
DA:71,1
DA:74,1
DA:75,1
DA:76,1
DA:79,3
DA:80,13
DA:81,5
DA:82,1
DA:83,5
DA:85,3
DA:87,5
DA:88,4
DA:90,5
DA:91,4
DA:93,3
DA:94,2
DA:96,2
DA:98,2
DA:99,2
DA:100,2
DA:101,2
DA:102,2
DA:104,2
LF:56
LH:31
end_of_record
SF:lib/_classes/structure/currency/exchange.dart
DA:13,3
DA:17,3
DA:18,6
DA:19,0
DA:24,0
DA:26,0
DA:27,0
DA:29,0
DA:33,0
DA:35,0
LF:10
LH:3
end_of_record
SF:lib/_classes/structure/transaction_log_data.dart
DA:16,1
DA:23,0
DA:25,2
DA:27,8
DA:29,0
DA:30,0
DA:31,0
DA:32,0
DA:33,0
DA:34,0
DA:35,0
DA:36,0
DA:40,0
DA:42,0
DA:43,0
DA:44,0
DA:45,0
DA:46,0
DA:47,0
LF:19
LH:3
end_of_record
SF:lib/_classes/storage/app_data.dart
DA:48,6
DA:49,3
DA:50,6
DA:51,9
DA:53,6
DA:54,9
DA:57,3
DA:59,3
DA:60,6
DA:63,0
DA:65,0
DA:71,0
DA:72,0
DA:73,0
DA:74,0
DA:75,0
DA:76,0
DA:79,0
DA:80,0
DA:81,0
DA:82,0
DA:85,0
DA:86,0
DA:87,0
DA:88,0
DA:89,0
DA:90,0
DA:92,0
DA:95,0
DA:96,0
DA:97,0
DA:101,0
DA:102,0
DA:103,0
DA:104,0
DA:107,0
DA:108,0
DA:110,0
DA:114,0
DA:115,0
DA:116,0
DA:117,0
DA:118,0
DA:119,0
DA:121,0
DA:122,0
DA:126,0
DA:127,0
DA:128,0
DA:130,0
DA:131,0
DA:132,0
DA:134,0
DA:135,0
DA:136,0
DA:138,0
DA:139,0
DA:140,0
DA:141,0
DA:143,0
DA:144,0
DA:146,0
DA:147,0
DA:149,0
DA:150,0
DA:151,0
DA:156,0
DA:157,0
DA:158,0
DA:161,0
DA:163,0
DA:167,0
DA:168,0
DA:169,0
DA:170,0
DA:171,0
DA:172,0
DA:173,0
DA:176,0
DA:177,0
DA:181,0
DA:182,0
DA:183,0
DA:184,0
DA:188,0
DA:189,0
DA:191,0
DA:194,0
DA:196,0
DA:198,0
DA:200,0
DA:203,0
DA:205,0
DA:206,0
DA:209,0
DA:210,0
DA:212,0
DA:213,0
DA:214,0
DA:218,0
DA:219,0
DA:220,0
DA:221,0
DA:222,0
DA:223,0
DA:224,0
DA:228,0
DA:229,0
DA:230,0
DA:231,0
DA:232,0
DA:233,0
DA:234,0
DA:238,0
DA:239,0
DA:240,0
DA:241,0
DA:245,3
DA:247,3
DA:248,3
DA:249,3
DA:253,3
DA:254,9
DA:255,3
DA:256,3
DA:257,3
DA:260,3
DA:262,6
DA:263,0
DA:265,12
DA:267,3
DA:269,0
DA:273,1
DA:274,3
DA:275,1
DA:276,1
DA:277,1
DA:280,3
DA:281,9
DA:284,2
DA:285,2
DA:286,4
DA:287,6
DA:288,0
LF:144
LH:33
end_of_record
SF:lib/_classes/structure/bill_app_data.dart
DA:17,0
DA:30,0
DA:33,0
DA:36,0
DA:38,0
DA:39,0
DA:40,0
DA:41,0
DA:42,0
DA:43,0
DA:44,0
DA:45,0
DA:46,0
DA:50,0
DA:51,0
DA:52,0
DA:53,0
DA:54,0
DA:55,0
DA:56,0
DA:57,0
DA:58,0
DA:59,0
DA:60,0
DA:64,0
DA:65,0
DA:66,0
DA:67,0
DA:68,0
DA:71,0
DA:73,0
DA:75,0
DA:76,0
DA:79,0
DA:81,0
DA:83,0
DA:84,0
DA:87,0
DA:89,0
DA:90,0
LF:40
LH:0
end_of_record
SF:lib/_mixins/storage_mixin.dart
DA:9,0
DA:10,0
DA:14,0
LF:3
LH:0
end_of_record
SF:lib/_classes/structure/budget_app_data.dart
DA:20,0
DA:34,0
DA:38,0
DA:41,0
DA:44,0
DA:46,0
DA:47,0
DA:48,0
DA:49,0
DA:50,0
DA:51,0
DA:52,0
DA:53,0
DA:54,0
DA:55,0
DA:56,0
DA:57,0
DA:61,0
DA:62,0
DA:63,0
DA:64,0
DA:65,0
DA:66,0
DA:67,0
DA:68,0
DA:69,0
DA:70,0
DA:71,0
DA:72,0
DA:73,0
DA:77,0
DA:78,0
DA:79,0
DA:80,0
DA:81,0
DA:84,0
DA:86,0
DA:87,0
DA:88,0
DA:89,0
DA:90,0
DA:91,0
DA:97,0
DA:98,0
DA:99,0
DA:100,0
DA:101,0
DA:102,0
DA:104,0
DA:108,0
DA:109,0
DA:110,0
DA:111,0
DA:112,0
DA:113,0
DA:114,0
DA:115,0
DA:116,0
DA:122,0
DA:124,0
DA:126,0
DA:127,0
DA:129,0
DA:130,0
DA:131,0
DA:132,0
DA:133,0
DA:134,0
DA:135,0
DA:136,0
DA:139,0
DA:140,0
DA:142,0
DA:143,0
LF:74
LH:0
end_of_record
SF:lib/charts/interface/ohlc_data.dart
DA:13,1
DA:21,0
DA:22,0
DA:23,0
DA:24,0
DA:25,0
DA:26,0
DA:27,0
LF:8
LH:1
end_of_record
SF:lib/_ext/string_ext.dart
DA:7,0
DA:9,0
DA:10,0
DA:11,0
DA:16,0
DA:17,0
DA:18,0
DA:19,0
DA:20,0
DA:21,0
DA:24,0
DA:25,0
DA:30,0
DA:31,0
DA:32,0
DA:33,0
DA:34,0
DA:35,0
DA:36,0
DA:42,0
DA:43,0
DA:44,0
DA:45,0
DA:46,0
DA:51,0
DA:53,0
LF:26
LH:0
end_of_record
SF:lib/_ext/int_ext.dart
DA:7,0
DA:9,0
DA:10,0
DA:11,0
DA:14,0
LF:5
LH:0
end_of_record
SF:lib/_classes/herald/app_locale.dart
DA:11,12
DA:12,3
DA:14,12
DA:16,3
DA:18,3
DA:19,12
DA:25,3
DA:26,3
DA:27,6
DA:28,0
DA:29,0
DA:30,0
DA:33,0
DA:35,0
DA:39,3
DA:40,6
DA:41,3
DA:42,6
DA:43,3
LF:19
LH:14
end_of_record
SF:lib/_classes/storage/app_preferences.dart
DA:24,4
DA:26,0
DA:27,0
DA:30,0
DA:31,0
DA:34,4
DA:35,8
LF:7
LH:3
end_of_record
SF:lib/_ext/date_time_ext.dart
DA:8,0
DA:11,0
DA:13,0
DA:15,0
DA:18,0
DA:21,0
DA:23,0
DA:25,0
DA:28,0
DA:31,0
DA:33,0
DA:35,0
DA:38,0
DA:42,0
DA:43,0
DA:45,0
DA:46,0
DA:48,0
LF:18
LH:0
end_of_record
SF:lib/_classes/controller/encryption_handler.dart
DA:13,0
DA:15,0
DA:17,0
DA:18,0
DA:21,3
DA:22,6
DA:25,0
DA:26,0
DA:29,0
DA:30,0
LF:10
LH:2
end_of_record
SF:lib/_classes/controller/iterator_controller.dart
DA:30,3
DA:32,1
DA:33,2
DA:35,0
DA:36,0
DA:38,0
DA:39,0
DA:41,0
DA:42,0
DA:44,0
DA:45,0
DA:47,0
DA:49,0
DA:50,0
DA:53,0
DA:55,0
DA:56,0
DA:57,0
DA:60,0
DA:61,0
DA:68,0
DA:70,0
DA:71,0
DA:74,0
DA:76,0
DA:77,0
DA:78,0
DA:81,0
DA:82,0
DA:84,0
DA:86,0
DA:87,0
DA:88,0
DA:92,0
DA:99,3
DA:100,15
DA:101,6
DA:104,0
DA:105,0
DA:107,0
DA:108,0
DA:110,0
DA:112,0
DA:113,0
DA:116,0
DA:118,0
DA:119,0
DA:120,0
DA:123,0
DA:124,0
DA:131,0
DA:133,0
DA:134,0
DA:135,0
DA:139,0
LF:55
LH:6
end_of_record
SF:lib/_classes/herald/app_design.dart
DA:17,12
DA:19,0
DA:21,6
DA:23,18
DA:25,0
DA:26,0
DA:27,0
DA:28,0
DA:29,0
DA:32,9
DA:34,3
DA:35,6
DA:36,6
DA:37,3
DA:40,0
DA:41,0
DA:42,0
DA:43,0
DA:46,0
DA:47,0
DA:48,0
DA:49,0
DA:51,0
DA:53,0
DA:55,0
LF:25
LH:8
end_of_record
SF:lib/_classes/herald/app_palette.dart
DA:9,6
DA:10,0
DA:11,0
DA:13,9
DA:15,0
DA:16,0
DA:17,0
DA:18,0
DA:19,0
DA:23,0
DA:24,0
DA:25,0
DA:26,0
LF:13
LH:2
end_of_record
SF:lib/_configs/custom_color_scheme.dart
DA:17,4
DA:18,4
DA:19,4
DA:20,0
DA:22,6
DA:24,8
DA:39,4
DA:41,0
DA:43,0
DA:46,0
DA:47,0
DA:48,0
DA:49,0
DA:50,0
DA:51,0
DA:52,0
DA:53,0
DA:54,0
DA:57,0
DA:58,0
DA:61,0
DA:62,0
DA:63,0
DA:64,0
DA:65,0
DA:66,0
DA:67,0
DA:68,0
DA:69,0
DA:70,0
DA:75,3
DA:77,3
DA:79,3
DA:81,3
DA:83,3
DA:85,3
DA:87,3
DA:89,3
DA:94,6
DA:96,3
DA:97,3
DA:100,9
DA:101,3
DA:102,3
DA:103,3
DA:104,3
DA:105,3
DA:106,3
DA:107,3
DA:108,3
DA:109,3
DA:110,3
DA:111,3
DA:112,3
DA:118,3
DA:119,3
DA:122,6
DA:123,3
DA:124,3
DA:125,3
DA:131,3
DA:132,3
DA:135,3
DA:136,3
DA:137,3
DA:143,3
DA:144,3
DA:147,6
DA:148,6
DA:149,3
DA:150,3
DA:151,3
DA:153,3
DA:158,3
DA:159,3
DA:160,3
DA:168,0
DA:169,0
DA:171,3
DA:180,3
DA:181,6
DA:182,9
DA:184,0
LF:83
LH:56
end_of_record
SF:lib/_classes/herald/app_sync.dart
DA:12,0
DA:17,0
DA:26,6
DA:27,3
DA:28,0
DA:29,0
DA:30,0
DA:34,0
DA:35,0
DA:38,0
DA:39,0
DA:40,0
DA:41,0
DA:44,0
DA:45,0
DA:46,0
DA:47,0
DA:50,0
DA:51,0
DA:52,0
DA:53,0
DA:57,0
DA:58,0
DA:59,0
DA:61,0
DA:62,0
DA:63,0
DA:64,0
DA:65,0
DA:68,0
DA:69,0
DA:70,0
DA:72,0
DA:73,0
DA:74,0
DA:78,0
DA:79,0
DA:82,0
DA:84,0
DA:86,3
DA:87,6
DA:88,6
DA:91,0
DA:92,0
DA:95,0
DA:96,0
DA:97,0
DA:98,0
DA:101,0
DA:102,0
DA:103,0
DA:104,0
DA:107,0
DA:108,0
DA:109,0
DA:111,0
DA:112,0
DA:116,0
DA:118,0
DA:119,0
DA:122,0
DA:123,0
DA:124,0
DA:125,0
DA:133,0
DA:134,0
DA:135,0
DA:139,0
DA:140,0
DA:143,3
DA:144,3
DA:146,0
LF:72
LH:7
end_of_record
SF:lib/_classes/herald/app_zoom.dart
DA:8,9
DA:12,9
DA:14,0
DA:15,0
DA:16,0
DA:17,0
DA:18,0
DA:19,0
LF:8
LH:2
end_of_record
SF:lib/_classes/math/abstract_recalculation.dart
DA:11,0
DA:12,0
DA:13,0
LF:3
LH:0
end_of_record
SF:lib/_classes/math/bill_recalculation.dart
DA:14,0
DA:19,0
DA:20,0
DA:22,0
DA:24,0
DA:25,0
DA:26,0
DA:27,0
DA:28,0
DA:29,0
DA:30,0
DA:35,0
DA:37,0
DA:38,0
DA:39,0
DA:41,0
DA:42,0
DA:43,0
DA:44,0
DA:46,0
DA:47,0
DA:52,0
DA:53,0
DA:54,0
DA:57,0
DA:58,0
DA:59,0
DA:60,0
DA:62,0
DA:63,0
DA:64,0
LF:31
LH:0
end_of_record
SF:lib/_classes/storage/history_data.dart
DA:12,0
DA:14,0
DA:15,0
DA:16,0
DA:18,0
DA:19,0
DA:20,0
DA:22,0
DA:30,0
DA:31,0
DA:34,0
DA:35,0
DA:37,0
DA:38,0
LF:14
LH:0
end_of_record
SF:lib/_classes/structure/account_app_data.dart
DA:17,0
DA:33,0
DA:35,0
DA:38,0
DA:41,0
DA:43,0
DA:44,0
DA:45,0
DA:46,0
DA:47,0
DA:48,0
DA:49,0
DA:50,0
DA:51,0
DA:52,0
DA:53,0
DA:54,0
DA:55,0
DA:59,0
DA:60,0
DA:61,0
DA:62,0
DA:63,0
DA:64,0
DA:65,0
DA:66,0
DA:67,0
DA:68,0
DA:69,0
DA:70,0
DA:71,0
DA:72,0
DA:73,0
DA:77,0
DA:78,0
DA:79,0
DA:80,0
DA:81,0
DA:85,0
DA:86,0
DA:87,0
DA:88,0
DA:90,0
DA:92,0
DA:95,0
DA:96,0
DA:97,0
DA:98,0
DA:99,0
DA:100,0
DA:105,0
DA:107,0
LF:52
LH:0
end_of_record
SF:lib/_classes/math/budget_recalculation.dart
DA:11,0
DA:16,0
DA:18,0
DA:19,0
DA:20,0
DA:21,0
DA:27,0
DA:28,0
DA:29,0
LF:9
LH:0
end_of_record
SF:lib/_classes/math/goal_recalculation.dart
DA:11,0
DA:16,0
DA:19,0
DA:20,0
DA:22,0
DA:25,0
DA:26,0
LF:7
LH:0
end_of_record
SF:lib/_classes/structure/goal_app_data.dart
DA:15,0
DA:31,0
DA:33,0
DA:36,0
DA:39,0
DA:41,0
DA:42,0
DA:43,0
DA:44,0
DA:45,0
DA:46,0
DA:47,0
DA:48,0
DA:49,0
DA:50,0
DA:51,0
DA:52,0
DA:53,0
DA:57,0
DA:58,0
DA:59,0
DA:60,0
DA:61,0
DA:62,0
DA:63,0
DA:64,0
DA:65,0
DA:66,0
DA:67,0
DA:68,0
DA:69,0
DA:70,0
DA:71,0
DA:75,0
DA:76,0
DA:77,0
DA:78,0
DA:79,0
DA:83,0
DA:84,0
DA:85,0
DA:86,0
DA:88,0
DA:89,0
DA:90,0
DA:92,0
DA:95,0
DA:96,0
DA:97,0
DA:101,0
LF:50
LH:0
end_of_record
SF:lib/_classes/math/invoice_recalculation.dart
DA:13,0
DA:15,0
DA:16,0
DA:18,0
DA:20,0
DA:21,0
DA:22,0
DA:24,0
DA:29,0
DA:32,0
DA:33,0
DA:34,0
DA:36,0
DA:37,0
DA:38,0
DA:39,0
DA:41,0
DA:42,0
LF:18
LH:0
end_of_record
SF:lib/_classes/structure/invoice_app_data.dart
DA:17,0
DA:34,0
DA:37,0
DA:40,0
DA:42,0
DA:43,0
DA:44,0
DA:45,0
DA:46,0
DA:47,0
DA:48,0
DA:49,0
DA:50,0
DA:51,0
DA:52,0
DA:53,0
DA:54,0
DA:58,0
DA:59,0
DA:60,0
DA:61,0
DA:62,0
DA:63,0
DA:64,0
DA:65,0
DA:66,0
DA:67,0
DA:68,0
DA:69,0
DA:70,0
DA:71,0
DA:72,0
DA:76,0
DA:77,0
DA:78,0
DA:79,0
DA:80,0
DA:83,0
DA:85,0
DA:86,0
DA:88,0
DA:89,0
DA:91,0
DA:93,0
LF:44
LH:0
end_of_record
SF:lib/_classes/math/total_recalculation.dart
DA:16,0
DA:20,0
DA:22,0
DA:25,0
DA:26,0
DA:27,0
DA:30,0
DA:31,0
DA:32,0
DA:37,0
DA:39,0
DA:41,0
DA:42,0
DA:43,0
DA:46,0
DA:47,0
DA:48,0
DA:51,0
DA:52,0
DA:55,0
DA:56,0
DA:57,0
DA:59,0
DA:60,0
DA:61,0
DA:63,0
DA:64,0
DA:66,0
DA:68,0
DA:69,0
DA:70,0
DA:71,0
DA:72,0
DA:76,0
DA:78,0
DA:80,0
DA:83,0
LF:37
LH:0
end_of_record
SF:lib/_classes/structure/summary_app_data.dart
DA:13,3
DA:17,3
DA:20,6
DA:22,18
DA:24,6
DA:26,3
DA:27,6
DA:28,0
DA:32,0
DA:33,0
DA:34,0
DA:35,0
DA:36,0
DA:38,0
DA:40,0
DA:41,0
DA:42,0
DA:43,0
DA:44,0
LF:19
LH:7
end_of_record
SF:lib/_classes/structure/currency_app_data.dart
DA:12,2
DA:23,6
DA:26,0
DA:29,0
DA:32,0
DA:34,0
DA:35,0
DA:36,0
DA:37,0
DA:38,0
DA:39,0
DA:40,0
DA:44,0
DA:45,0
DA:46,0
DA:47,0
DA:48,0
DA:49,0
DA:50,0
DA:51,0
DA:52,0
DA:53,0
DA:57,0
DA:58,0
DA:59,0
DA:60,0
DA:63,0
DA:65,0
DA:67,0
DA:68,0
DA:70,0
DA:71,0
LF:32
LH:2
end_of_record
SF:lib/_classes/storage/transaction_log.dart
DA:22,0
DA:23,0
DA:24,0
DA:25,0
DA:26,0
DA:27,0
DA:28,0
DA:42,3
DA:44,1
DA:46,3
DA:47,3
DA:48,3
DA:49,3
DA:50,3
DA:51,21
DA:52,12
DA:54,6
DA:56,0
DA:57,0
DA:58,0
DA:59,0
DA:63,0
DA:67,0
DA:72,0
DA:74,0
DA:75,0
DA:76,0
DA:79,0
DA:82,0
DA:84,0
DA:86,0
DA:89,0
DA:91,0
DA:92,0
DA:93,0
DA:98,0
DA:100,0
DA:109,0
DA:110,0
DA:111,0
DA:112,0
DA:114,0
DA:115,0
DA:118,0
DA:119,0
DA:121,0
DA:125,0
DA:128,0
DA:129,0
DA:131,0
DA:133,0
DA:137,0
DA:140,3
DA:144,0
DA:146,15
DA:148,3
DA:150,0
DA:156,3
DA:157,3
DA:159,6
DA:160,0
DA:165,0
DA:167,0
DA:172,0
DA:174,0
DA:177,0
DA:178,0
LF:67
LH:16
end_of_record
SF:lib/_ext/iterable_ext.dart
DA:9,3
DA:11,3
DA:12,0
LF:3
LH:2
end_of_record
SF:lib/_classes/structure/abstract_app_data.dart
DA:30,2
DA:43,2
DA:44,2
DA:45,2
DA:49,0
DA:50,0
DA:52,0
DA:53,0
DA:56,0
DA:57,0
DA:58,0
DA:59,0
DA:60,0
DA:61,0
DA:62,0
DA:63,0
DA:64,0
DA:65,0
DA:66,0
DA:67,0
DA:70,0
DA:71,0
DA:72,0
DA:73,0
DA:74,0
DA:75,0
DA:81,0
DA:83,0
DA:84,0
DA:86,2
DA:87,2
DA:89,0
DA:91,0
DA:94,0
DA:95,0
DA:96,0
DA:97,0
DA:100,0
DA:101,0
DA:102,0
DA:103,0
DA:104,0
LF:42
LH:6
end_of_record
SF:lib/_configs/account_type.dart
DA:17,0
DA:18,0
DA:19,0
DA:20,0
DA:21,0
DA:22,0
DA:23,0
DA:24,0
DA:28,0
DA:30,0
LF:10
LH:0
end_of_record
SF:lib/design/form/list_selector_item.dart
DA:14,0
DA:15,0
DA:16,0
DA:19,0
DA:21,0
DA:22,0
DA:24,0
DA:26,0
DA:27,0
DA:29,2
LF:10
LH:1
end_of_record
SF:lib/_configs/custom_text_theme.dart
DA:10,4
DA:12,4
DA:13,12
DA:14,4
DA:15,4
DA:19,4
DA:21,4
DA:25,4
DA:27,4
DA:31,4
DA:33,4
DA:37,4
DA:39,4
DA:42,4
DA:44,4
DA:48,4
DA:50,4
DA:54,4
DA:56,4
DA:59,4
DA:61,4
DA:65,4
DA:67,4
DA:70,4
DA:72,4
DA:76,4
DA:78,4
DA:82,4
DA:87,4
DA:90,6
DA:91,2
DA:94,4
DA:97,6
DA:98,2
DA:101,6
DA:104,6
DA:105,3
DA:108,6
DA:111,6
DA:112,3
DA:115,2
DA:118,2
DA:119,1
LF:43
LH:43
end_of_record
SF:lib/_configs/screen_helper.dart
DA:28,3
DA:30,3
DA:33,3
DA:34,6
DA:35,6
DA:36,6
DA:37,6
DA:38,9
DA:39,6
DA:40,6
DA:41,6
DA:44,3
DA:55,3
DA:56,3
DA:57,3
DA:58,3
DA:59,3
DA:60,3
DA:61,3
DA:64,3
DA:65,3
DA:66,9
DA:67,0
DA:69,3
LF:24
LH:23
end_of_record
SF:lib/_configs/theme_helper.dart
DA:23,3
DA:35,12
DA:37,3
DA:38,6
DA:40,3
DA:41,6
DA:43,0
DA:44,0
DA:46,3
DA:48,15
DA:49,6
DA:50,3
DA:52,3
DA:53,18
DA:55,3
DA:56,12
DA:58,3
DA:59,12
DA:60,12
DA:62,0
DA:64,0
DA:66,0
DA:67,0
DA:68,0
DA:69,0
DA:71,0
DA:78,3
DA:79,6
DA:82,0
DA:83,0
DA:86,3
DA:87,3
DA:88,9
DA:90,3
DA:92,3
DA:96,3
DA:97,3
DA:98,3
DA:104,3
DA:105,3
DA:108,0
DA:110,0
DA:112,9
DA:114,3
DA:115,9
DA:117,3
DA:118,5
DA:119,3
DA:120,3
DA:121,3
DA:122,3
DA:123,3
DA:126,9
DA:127,6
DA:128,3
DA:129,3
DA:130,3
DA:135,3
DA:136,3
DA:137,3
DA:138,3
DA:139,3
DA:140,3
DA:141,3
DA:144,9
DA:145,6
DA:146,3
DA:147,3
DA:148,3
DA:149,0
DA:154,9
DA:156,3
DA:157,12
LF:73
LH:59
end_of_record
SF:lib/design/wrapper/text_wrapper.dart
DA:14,3
DA:22,3
DA:24,3
DA:25,3
DA:26,12
DA:27,3
DA:28,3
DA:29,3
DA:30,3
DA:31,3
DA:32,3
DA:34,3
DA:38,3
DA:39,3
DA:40,3
DA:41,3
DA:43,3
LF:17
LH:17
end_of_record
SF:lib/_classes/herald/app_purchase.dart
DA:13,0
DA:14,0
DA:15,0
DA:19,0
DA:20,0
DA:21,0
DA:23,0
DA:26,0
DA:27,0
DA:28,0
DA:29,0
DA:31,0
DA:33,0
LF:13
LH:0
end_of_record
SF:lib/_classes/herald/app_theme.dart
DA:8,6
DA:9,3
DA:11,0
DA:15,0
DA:16,0
DA:17,0
DA:18,0
DA:19,0
DA:20,0
DA:21,0
DA:26,0
DA:27,0
DA:28,0
LF:13
LH:2
end_of_record
SF:lib/main.dart
DA:57,0
DA:58,0
DA:59,0
DA:60,0
DA:62,0
DA:63,0
DA:64,0
DA:65,0
DA:67,0
DA:72,0
DA:73,0
DA:74,0
DA:77,0
DA:80,0
DA:81,0
DA:82,0
DA:83,0
DA:84,0
DA:85,0
DA:86,0
DA:87,0
DA:89,0
DA:90,0
DA:92,0
DA:93,0
DA:95,0
DA:96,0
DA:98,0
DA:99,0
DA:101,0
DA:102,0
DA:104,0
DA:105,0
DA:107,0
DA:108,0
DA:111,0
DA:114,0
DA:117,0
DA:119,0
DA:122,0
DA:129,4
DA:131,3
DA:132,3
DA:136,3
DA:138,6
DA:139,0
DA:145,0
DA:147,3
DA:148,3
DA:149,3
DA:150,2
DA:151,2
DA:152,2
DA:153,2
DA:154,2
DA:155,2
DA:156,2
DA:157,1
DA:158,1
DA:159,1
DA:160,1
DA:161,1
DA:162,1
DA:163,1
DA:164,1
DA:165,1
DA:166,0
DA:167,0
DA:168,0
DA:169,0
DA:170,0
DA:171,0
DA:172,0
DA:173,0
DA:174,0
DA:175,0
DA:176,0
DA:179,6
DA:181,3
DA:185,3
DA:187,6
DA:188,9
DA:189,9
DA:190,9
DA:193,3
DA:195,3
DA:197,3
DA:200,6
DA:201,3
DA:202,3
DA:203,3
DA:206,6
DA:207,6
DA:208,3
DA:212,3
DA:213,3
DA:214,3
DA:217,6
DA:218,6
DA:219,3
DA:223,6
DA:228,15
LF:102
LH:49
end_of_record
SF:lib/charts/painter/foreground_chart_painter.dart
DA:31,1
DA:51,1
DA:52,3
DA:53,1
DA:54,5
DA:55,5
DA:58,1
DA:59,3
DA:60,1
DA:61,0
DA:62,1
DA:63,1
DA:65,0
DA:69,1
DA:71,1
DA:72,1
DA:73,1
DA:74,3
DA:75,1
DA:76,7
DA:77,3
DA:78,3
DA:82,1
DA:83,1
DA:84,2
DA:85,1
DA:86,4
DA:89,10
DA:90,5
DA:93,1
DA:94,1
DA:95,3
DA:96,1
DA:97,4
DA:100,1
DA:101,1
DA:102,15
DA:103,15
DA:109,1
DA:110,1
DA:111,1
DA:113,1
DA:114,1
DA:115,2
DA:121,1
DA:122,4
DA:125,1
DA:129,0
DA:130,0
DA:131,0
DA:132,0
DA:133,0
DA:134,0
DA:135,0
DA:140,0
DA:141,0
DA:144,1
DA:145,1
DA:146,3
DA:147,1
DA:148,5
DA:149,3
DA:150,1
DA:151,4
DA:152,2
DA:153,5
DA:155,1
DA:156,1
DA:157,3
DA:158,8
DA:160,1
DA:161,3
DA:162,4
DA:164,1
DA:165,0
DA:166,0
DA:172,1
DA:173,4
DA:176,1
DA:177,1
DA:178,3
DA:179,1
DA:180,1
DA:181,3
DA:182,1
DA:183,1
DA:184,1
DA:185,5
DA:187,3
DA:188,3
DA:189,3
DA:190,4
DA:191,8
DA:192,2
DA:193,2
DA:194,2
DA:195,0
DA:196,0
DA:198,3
DA:199,1
DA:201,1
DA:202,6
DA:205,2
DA:206,1
DA:207,1
DA:208,3
DA:209,8
LF:107
LH:92
end_of_record
SF:lib/_classes/controller/delayed_call.dart
DA:13,2
DA:15,2
DA:16,4
DA:17,2
DA:18,2
DA:20,10
DA:21,2
DA:22,2
DA:23,2
DA:27,0
DA:28,0
DA:29,0
LF:12
LH:9
end_of_record
SF:lib/_classes/controller/fallback_localization_delegate.dart
DA:6,0
DA:9,0
DA:12,0
LF:3
LH:0
end_of_record
SF:lib/_classes/controller/flow_state_machine.dart
DA:9,0
DA:10,0
DA:11,0
DA:12,0
DA:13,0
DA:14,0
DA:15,0
LF:7
LH:0
end_of_record
SF:lib/_classes/controller/focus_controller.dart
DA:23,2
DA:25,2
DA:26,4
DA:27,4
DA:28,2
DA:31,4
DA:33,2
DA:34,4
DA:35,8
DA:36,6
DA:39,2
DA:40,2
DA:41,4
DA:42,8
DA:44,6
DA:45,4
DA:47,6
DA:49,4
DA:52,0
DA:54,0
DA:55,0
DA:56,0
DA:59,0
DA:60,0
DA:61,0
DA:62,0
DA:63,0
DA:65,12
DA:67,6
DA:69,0
DA:70,0
DA:71,0
DA:74,0
DA:75,0
DA:76,0
DA:79,0
DA:87,2
DA:88,8
DA:92,0
DA:93,0
DA:95,6
DA:96,2
DA:97,6
DA:98,4
DA:100,4
DA:101,12
DA:102,2
DA:105,2
DA:111,8
DA:113,10
DA:115,2
DA:116,0
DA:117,2
DA:118,4
DA:119,4
DA:120,6
DA:121,8
DA:122,2
DA:123,6
DA:125,0
DA:131,2
DA:132,8
DA:133,4
DA:134,4
DA:135,4
DA:136,2
LF:66
LH:46
end_of_record
SF:lib/_classes/controller/purchase_controller.dart
DA:15,0
DA:19,0
DA:20,0
DA:21,0
DA:22,0
DA:23,0
DA:24,0
DA:28,0
DA:29,0
DA:32,0
DA:36,0
DA:37,0
DA:38,0
DA:39,0
DA:42,0
DA:43,0
DA:47,0
DA:48,0
DA:50,0
DA:52,0
DA:53,0
DA:54,0
DA:55,0
DA:59,0
DA:60,0
DA:63,0
DA:64,0
DA:65,0
DA:66,0
DA:68,0
LF:30
LH:0
end_of_record
SF:lib/_classes/storage/file_parser.dart
DA:39,0
DA:45,0
DA:46,0
DA:47,0
DA:48,0
DA:49,0
DA:50,0
DA:51,0
DA:52,0
DA:53,0
DA:54,0
DA:55,0
DA:56,0
DA:57,0
DA:58,0
DA:60,0
DA:64,0
DA:65,0
DA:66,0
DA:67,0
DA:68,0
DA:70,0
DA:71,0
DA:72,0
DA:75,0
DA:76,0
DA:77,0
DA:81,0
DA:83,0
DA:86,0
DA:87,0
DA:90,0
DA:91,0
DA:94,0
DA:98,0
DA:101,0
DA:102,0
DA:103,0
DA:106,0
DA:113,0
DA:118,0
DA:119,0
DA:121,0
DA:122,0
DA:124,0
DA:125,0
DA:126,0
DA:128,0
DA:131,0
DA:133,0
DA:134,0
DA:136,0
DA:138,0
DA:142,0
DA:144,0
DA:148,0
DA:149,0
DA:150,0
DA:153,0
DA:154,0
DA:155,0
DA:158,0
DA:159,0
LF:63
LH:0
end_of_record
SF:lib/_classes/storage/file_picker.dart
DA:35,0
DA:37,0
DA:38,0
DA:39,0
DA:43,0
DA:44,0
DA:46,0
DA:54,0
DA:55,0
DA:56,0
DA:57,0
DA:60,0
DA:61,0
DA:62,0
DA:63,0
DA:64,0
DA:67,0
DA:69,0
DA:70,0
DA:71,0
DA:73,0
DA:77,0
DA:78,0
DA:83,0
DA:84,0
DA:85,0
DA:89,0
DA:95,0
DA:96,0
DA:97,0
DA:98,0
DA:99,0
DA:101,0
DA:102,0
DA:103,0
DA:104,0
DA:105,0
DA:106,0
DA:107,0
DA:108,0
DA:110,0
DA:114,0
DA:119,0
DA:120,0
DA:122,0
DA:123,0
DA:124,0
DA:125,0
DA:126,0
DA:127,0
DA:128,0
DA:129,0
DA:132,0
LF:53
LH:0
end_of_record
SF:lib/_mixins/file/file_import_mixin.dart
DA:10,0
DA:11,0
DA:18,0
DA:20,0
DA:22,0
DA:23,0
LF:6
LH:0
end_of_record
SF:lib/_classes/storage/transaction_log/abstract_protocol.dart
DA:8,0
DA:9,0
DA:10,0
DA:11,0
DA:12,0
DA:17,0
DA:18,0
DA:19,0
DA:20,0
DA:25,0
DA:27,0
LF:11
LH:0
end_of_record
SF:lib/_mixins/file/file_export_mixin.dart
DA:10,0
DA:11,0
DA:13,0
DA:14,0
LF:4
LH:0
end_of_record
SF:lib/_classes/storage/transaction_log/file_protocol.dart
DA:19,0
DA:24,0
DA:26,0
DA:27,0
DA:30,0
DA:31,0
DA:32,0
DA:33,0
DA:34,0
DA:37,0
DA:39,0
DA:40,0
DA:42,0
DA:43,0
DA:45,0
DA:47,0
LF:16
LH:0
end_of_record
SF:lib/_classes/storage/transaction_log/interface_protocol.dart
DA:8,0
LF:1
LH:0
end_of_record
SF:lib/_classes/storage/transaction_log/web_dav_data.dart
DA:10,0
DA:17,0
DA:18,0
LF:3
LH:0
end_of_record
SF:lib/_classes/storage/transaction_log/web_dav_protocol.dart
DA:19,0
DA:24,0
DA:25,0
DA:26,0
DA:29,0
DA:30,0
DA:31,0
DA:32,0
DA:33,0
DA:39,0
DA:41,0
DA:45,0
DA:46,0
DA:47,0
DA:48,0
DA:49,0
DA:50,0
DA:52,0
DA:53,0
DA:54,0
DA:58,0
DA:60,0
DA:64,0
DA:65,0
DA:66,0
DA:67,0
DA:69,0
DA:70,0
DA:71,0
DA:72,0
LF:30
LH:0
end_of_record
SF:lib/_classes/structure/navigation/app_menu.dart
DA:11,3
DA:13,3
DA:14,3
DA:17,6
DA:20,1
DA:21,2
DA:24,3
DA:25,3
DA:26,3
DA:27,6
DA:31,3
DA:32,6
DA:36,3
DA:37,6
DA:41,3
DA:42,6
DA:46,3
DA:47,6
DA:51,3
DA:52,6
DA:56,3
DA:57,6
DA:61,3
DA:62,6
DA:66,3
DA:67,6
DA:71,9
DA:72,0
DA:73,0
DA:77,3
DA:78,6
LF:31
LH:29
end_of_record
SF:lib/_classes/structure/navigation/app_menu_item.dart
DA:11,3
LF:1
LH:1
end_of_record
SF:lib/_classes/structure/navigation/app_route.dart
DA:10,0
LF:1
LH:0
end_of_record
SF:lib/_classes/structure/navigation/app_page_route.dart
DA:7,3
DA:14,3
LF:2
LH:2
end_of_record
SF:lib/_configs/date_format_helper.dart
DA:14,0
DA:15,0
DA:16,0
DA:17,0
DA:18,0
DA:19,0
DA:20,0
DA:21,0
DA:23,0
DA:24,0
DA:25,0
DA:26,0
DA:27,0
DA:28,0
DA:29,0
DA:30,0
DA:31,0
DA:32,0
DA:34,0
DA:35,0
DA:36,0
DA:37,0
DA:38,0
DA:39,0
DA:40,0
DA:41,0
DA:42,0
DA:43,0
DA:44,0
DA:46,0
DA:50,0
DA:53,0
DA:54,0
DA:55,0
DA:56,0
DA:57,0
DA:58,0
DA:59,0
DA:60,0
DA:61,0
DA:62,0
DA:63,0
DA:64,0
DA:66,0
DA:68,0
DA:70,0
DA:71,0
DA:72,0
DA:75,0
DA:76,0
DA:77,0
DA:78,0
DA:79,0
DA:80,0
DA:82,0
DA:84,0
DA:85,0
DA:88,0
DA:91,0
DA:92,0
DA:93,0
DA:94,0
DA:97,0
DA:98,0
DA:99,0
LF:65
LH:0
end_of_record
SF:lib/_configs/firebase_options.dart
DA:17,0
DA:21,0
DA:22,0
DA:24,0
DA:26,0
LF:5
LH:0
end_of_record
SF:lib/_ext/build_context_ext.dart
DA:7,9
DA:9,9
LF:2
LH:2
end_of_record
SF:lib/_ext/color_ext.dart
DA:9,0
DA:10,0
DA:11,0
DA:12,0
DA:14,0
DA:17,0
DA:19,0
DA:20,0
DA:23,0
DA:24,0
DA:27,0
DA:28,0
LF:12
LH:0
end_of_record
SF:lib/_ext/icons_ext.dart
DA:7,0
LF:1
LH:0
end_of_record
SF:lib/_mixins/launcher_mixin.dart
DA:7,0
DA:8,0
DA:9,0
LF:3
LH:0
end_of_record
SF:lib/charts/bar_horizontal_single.dart
DA:12,0
DA:20,0
DA:22,0
DA:23,0
DA:24,0
DA:26,0
LF:6
LH:0
end_of_record
SF:lib/charts/bar_race_chart.dart
DA:24,0
DA:33,0
DA:34,0
DA:35,0
DA:36,0
DA:37,0
DA:38,0
DA:40,0
DA:41,0
DA:42,0
DA:43,0
DA:45,0
DA:48,0
DA:50,0
DA:53,0
DA:54,0
DA:55,0
DA:56,0
DA:57,0
DA:61,0
DA:63,0
DA:66,0
DA:68,0
DA:70,0
DA:71,0
DA:72,0
DA:73,0
DA:75,0
DA:76,0
DA:80,0
DA:81,0
DA:82,0
DA:86,0
DA:87,0
DA:88,0
LF:35
LH:0
end_of_record
SF:lib/charts/interface/chart_data.dart
DA:12,0
LF:1
LH:0
end_of_record
SF:lib/charts/painter/bar_chart_painter.dart
DA:12,0
DA:22,0
DA:24,0
DA:27,0
DA:28,0
DA:29,0
DA:30,0
DA:31,0
DA:32,0
DA:33,0
DA:34,0
DA:39,0
DA:40,0
DA:43,0
DA:44,0
DA:45,0
DA:46,0
DA:47,0
DA:48,0
DA:49,0
DA:50,0
DA:52,0
DA:55,0
DA:56,0
DA:57,0
DA:59,0
DA:60,0
DA:67,0
DA:68,0
DA:71,0
DA:75,0
DA:76,0
DA:77,0
DA:78,0
DA:79,0
DA:81,0
DA:86,0
DA:87,0
LF:38
LH:0
end_of_record
SF:lib/design/generic/empty_widget.dart
DA:9,16
DA:11,0
DA:13,0
DA:14,0
DA:15,0
DA:16,0
DA:17,0
DA:18,0
LF:8
LH:1
end_of_record
SF:lib/charts/bar_vertical_group.dart
DA:12,0
DA:20,0
DA:22,0
DA:23,0
DA:24,0
DA:25,0
DA:26,0
DA:27,0
DA:28,0
DA:29,0
DA:30,0
DA:31,0
DA:32,0
DA:33,0
DA:34,0
DA:35,0
LF:16
LH:0
end_of_record
SF:lib/charts/bar_vertical_single.dart
DA:13,0
DA:21,0
DA:23,0
DA:24,0
DA:25,0
DA:26,0
DA:27,0
LF:7
LH:0
end_of_record
SF:lib/charts/column_chart.dart
DA:21,0
DA:31,0
DA:33,0
DA:36,0
DA:37,0
DA:38,0
DA:39,0
DA:40,0
DA:41,0
DA:45,0
DA:47,0
DA:48,0
DA:50,0
DA:51,0
DA:52,0
DA:54,0
DA:55,0
DA:56,0
DA:57,0
DA:59,0
DA:60,0
DA:62,0
DA:63,0
DA:64,0
DA:65,0
DA:69,0
DA:70,0
DA:71,0
LF:28
LH:0
end_of_record
SF:lib/charts/painter/column_chart_painter.dart
DA:11,0
DA:20,0
DA:22,0
DA:25,0
DA:26,0
DA:27,0
DA:31,0
DA:32,0
DA:33,0
DA:37,0
DA:38,0
DA:39,0
DA:40,0
DA:41,0
DA:42,0
DA:43,0
DA:44,0
DA:45,0
DA:47,0
LF:19
LH:0
end_of_record
SF:lib/charts/data/monte_carlo_simulation.dart
DA:13,0
DA:15,0
DA:16,0
DA:17,0
DA:18,0
DA:19,0
DA:20,0
DA:21,0
DA:23,0
DA:26,0
DA:27,0
DA:29,0
DA:30,0
DA:31,0
DA:32,0
DA:37,0
DA:38,0
DA:39,0
DA:40,0
DA:45,0
DA:46,0
DA:47,0
DA:48,0
DA:49,0
LF:24
LH:0
end_of_record
SF:lib/charts/forecast_chart.dart
DA:19,0
DA:29,0
DA:31,0
DA:34,0
DA:35,0
DA:36,0
DA:37,0
DA:38,0
DA:39,0
DA:43,0
DA:46,0
DA:49,0
DA:50,0
DA:52,0
DA:53,0
DA:54,0
DA:55,0
DA:57,0
DA:58,0
DA:60,0
DA:61,0
DA:62,0
DA:63,0
DA:67,0
DA:68,0
DA:69,0
LF:26
LH:0
end_of_record
SF:lib/charts/painter/forecast_chart_painter.dart
DA:13,0
DA:22,0
DA:24,0
DA:27,0
DA:28,0
DA:29,0
DA:30,0
DA:31,0
DA:32,0
DA:33,0
DA:34,0
DA:35,0
DA:36,0
DA:41,0
DA:42,0
DA:43,0
DA:44,0
DA:48,0
DA:49,0
DA:52,0
DA:53,0
DA:56,0
DA:57,0
DA:61,0
DA:64,0
DA:65,0
DA:66,0
DA:67,0
DA:68,0
DA:69,0
DA:70,0
DA:71,0
DA:75,0
DA:78,0
DA:79,0
DA:80,0
DA:81,0
DA:82,0
DA:85,0
DA:87,0
DA:90,0
DA:91,0
DA:92,0
DA:95,0
DA:96,0
DA:97,0
DA:98,0
DA:99,0
DA:100,0
DA:101,0
DA:102,0
LF:51
LH:0
end_of_record
SF:lib/charts/gauge_chart.dart
DA:16,1
DA:26,1
DA:28,3
DA:29,1
DA:30,1
DA:31,1
DA:32,1
DA:33,1
DA:34,1
DA:35,2
DA:36,1
DA:37,1
LF:12
LH:12
end_of_record
SF:lib/charts/painter/gauge_painter.dart
DA:20,1
DA:27,3
DA:30,1
DA:32,4
DA:33,2
DA:35,1
DA:36,3
DA:37,2
DA:38,1
DA:41,1
DA:44,1
DA:45,1
DA:46,5
DA:47,2
DA:48,0
DA:49,4
DA:50,3
DA:52,3
DA:57,1
DA:60,1
DA:61,1
DA:62,1
DA:64,1
DA:65,2
DA:66,5
DA:71,1
DA:72,7
DA:75,1
DA:76,1
DA:77,3
DA:78,1
DA:79,1
DA:80,1
DA:81,1
DA:82,7
DA:85,1
DA:86,1
DA:87,2
DA:88,1
DA:89,1
DA:91,3
DA:92,3
DA:93,5
DA:94,1
DA:95,1
DA:96,5
DA:99,1
DA:100,1
DA:101,2
DA:102,5
DA:105,1
DA:106,5
DA:107,1
DA:108,2
DA:109,1
DA:110,1
DA:111,3
DA:112,4
DA:113,1
DA:114,4
DA:115,3
DA:116,4
DA:117,1
DA:118,1
DA:121,0
LF:65
LH:63
end_of_record
SF:lib/charts/gauge_linear_chart.dart
DA:10,0
DA:20,0
DA:22,0
DA:23,0
DA:24,0
DA:25,0
DA:26,0
DA:27,0
DA:28,0
DA:29,0
DA:30,0
DA:31,0
LF:12
LH:0
end_of_record
SF:lib/charts/painter/gauge_linear_painter.dart
DA:8,0
DA:13,0
DA:15,0
DA:18,0
DA:19,0
DA:20,0
DA:21,0
DA:22,0
DA:23,0
DA:25,0
DA:26,0
DA:27,0
DA:28,0
DA:29,0
DA:30,0
DA:31,0
DA:32,0
DA:33,0
DA:34,0
DA:35,0
DA:36,0
DA:39,0
DA:40,0
DA:41,0
DA:42,0
DA:43,0
DA:44,0
DA:45,0
DA:46,0
DA:47,0
DA:48,0
DA:49,0
DA:52,0
DA:53,0
DA:54,0
DA:55,0
DA:56,0
LF:37
LH:0
end_of_record
SF:lib/charts/interface/chart_value.dart
DA:11,0
LF:1
LH:0
end_of_record
SF:lib/charts/interface/data_scope.dart
DA:13,0
LF:1
LH:0
end_of_record
SF:lib/charts/ohlc_chart.dart
DA:21,0
DA:31,0
DA:35,0
DA:36,0
DA:37,0
DA:39,0
DA:42,0
DA:43,0
DA:44,0
DA:45,0
DA:46,0
DA:47,0
DA:51,0
DA:54,0
DA:56,0
DA:57,0
DA:59,0
DA:61,0
DA:62,0
DA:63,0
DA:64,0
DA:66,0
DA:67,0
DA:70,0
DA:72,0
DA:73,0
DA:77,0
DA:78,0
DA:79,0
LF:29
LH:0
end_of_record
SF:lib/charts/painter/ohlc_chart_painter.dart
DA:12,0
DA:22,0
DA:24,0
DA:27,0
DA:28,0
DA:29,0
DA:30,0
DA:34,0
DA:35,0
DA:36,0
DA:37,0
DA:38,0
DA:39,0
DA:40,0
DA:41,0
DA:42,0
DA:44,0
DA:47,0
DA:48,0
DA:49,0
DA:50,0
DA:51,0
DA:52,0
DA:53,0
LF:24
LH:0
end_of_record
SF:lib/charts/painter/abstract_painter.dart
DA:17,1
DA:26,0
DA:31,0
DA:32,0
DA:33,0
DA:34,0
DA:35,0
DA:36,0
DA:38,0
DA:39,0
LF:10
LH:1
end_of_record
SF:lib/charts/painter/line_chart_painter.dart
DA:11,0
DA:21,0
DA:23,0
DA:26,0
DA:27,0
DA:28,0
DA:32,0
DA:33,0
DA:34,0
DA:38,0
DA:39,0
DA:40,0
DA:41,0
DA:42,0
DA:43,0
LF:15
LH:0
end_of_record
SF:lib/charts/painter/pie_radius_painter.dart
DA:15,0
DA:19,0
DA:20,0
DA:23,0
DA:26,0
DA:28,0
DA:29,0
DA:31,0
DA:32,0
DA:33,0
DA:37,0
DA:38,0
DA:39,0
DA:40,0
DA:41,0
DA:42,0
DA:44,0
DA:45,0
DA:46,0
LF:19
LH:0
end_of_record
SF:lib/charts/pie_radius_chart.dart
DA:13,0
DA:20,0
DA:22,0
DA:23,0
DA:24,0
DA:25,0
DA:26,0
DA:27,0
DA:29,0
LF:9
LH:0
end_of_record
SF:lib/charts/radial_bar_chart.dart
DA:11,0
DA:18,0
DA:20,0
DA:22,0
DA:23,0
DA:24,0
DA:26,0
DA:27,0
DA:29,0
DA:30,0
DA:31,0
LF:11
LH:0
end_of_record
SF:lib/charts/trade_chart.dart
DA:23,0
DA:32,0
DA:33,0
DA:34,0
DA:35,0
DA:37,0
DA:38,0
DA:39,0
DA:40,0
DA:41,0
DA:43,0
DA:44,0
DA:46,0
DA:47,0
DA:50,0
DA:51,0
DA:53,0
DA:54,0
DA:55,0
DA:56,0
DA:57,0
DA:59,0
DA:61,0
DA:62,0
DA:63,0
DA:64,0
DA:70,0
DA:72,0
DA:73,0
DA:74,0
DA:76,0
DA:80,0
DA:81,0
DA:82,0
DA:84,0
DA:85,0
DA:87,0
DA:90,0
DA:91,0
DA:92,0
DA:93,0
DA:95,0
DA:96,0
DA:98,0
DA:99,0
DA:100,0
DA:101,0
DA:102,0
DA:106,0
DA:107,0
DA:108,0
LF:51
LH:0
end_of_record
SF:lib/components/_core/components_builder.dart
DA:25,0
DA:33,3
DA:34,15
DA:36,3
DA:37,6
DA:39,0
DA:40,0
DA:41,0
DA:42,0
DA:43,0
DA:44,0
DA:45,0
DA:46,0
DA:47,0
DA:48,0
DA:49,0
DA:50,0
DA:51,0
DA:52,0
DA:54,0
DA:57,0
DA:59,0
DA:62,0
DA:63,0
DA:64,0
DA:65,0
DA:66,0
DA:67,0
DA:68,0
DA:69,0
DA:70,0
DA:72,0
DA:74,0
DA:75,0
DA:76,0
DA:77,0
DA:78,0
DA:79,0
DA:80,0
DA:86,0
DA:87,0
DA:88,0
DA:89,0
DA:90,0
DA:91,0
DA:92,0
DA:96,0
DA:97,0
DA:98,0
DA:99,0
DA:100,0
DA:101,0
LF:52
LH:4
end_of_record
SF:lib/components/_core/components_builder_item.dart
DA:14,0
DA:16,0
DA:18,0
DA:19,0
DA:20,0
DA:22,0
LF:6
LH:0
end_of_record
SF:lib/components/_core/widgets/draggable_frame.dart
DA:20,0
DA:27,0
DA:28,0
DA:38,0
DA:40,0
DA:41,0
DA:43,0
DA:44,0
DA:45,0
DA:46,0
DA:49,0
DA:50,0
DA:51,0
DA:52,0
DA:55,0
DA:56,0
DA:58,0
DA:59,0
DA:62,0
DA:63,0
DA:66,0
DA:67,0
DA:68,0
DA:70,0
DA:76,0
DA:82,0
DA:88,0
DA:94,0
DA:98,0
DA:99,0
DA:100,0
DA:101,0
DA:102,0
DA:104,0
DA:106,0
DA:108,0
DA:113,0
DA:117,0
DA:118,0
DA:123,0
DA:127,0
DA:128,0
LF:42
LH:0
end_of_record
SF:lib/components/_core/components_builder_form.dart
DA:14,0
DA:16,0
DA:18,0
DA:20,0
LF:4
LH:0
end_of_record
SF:lib/components/component_recent.dart
DA:37,4
DA:39,0
DA:41,0
DA:42,0
DA:43,0
DA:44,0
DA:45,0
DA:46,0
DA:47,0
DA:50,0
DA:51,0
DA:52,0
DA:53,0
DA:54,0
DA:56,0
DA:58,0
DA:60,0
DA:61,0
DA:64,0
DA:66,0
DA:67,0
DA:69,0
DA:70,0
DA:73,0
DA:75,0
DA:76,0
DA:78,0
DA:79,0
DA:82,0
DA:85,0
DA:87,0
DA:88,0
DA:92,0
DA:95,0
DA:97,0
DA:98,0
DA:102,0
DA:118,0
DA:120,0
DA:121,0
DA:128,0
DA:130,0
DA:131,0
DA:132,0
DA:135,0
DA:137,0
DA:138,0
DA:141,0
DA:143,0
DA:144,0
DA:145,0
DA:147,0
DA:148,0
DA:149,0
DA:151,0
DA:152,0
DA:153,0
DA:154,0
DA:156,0
DA:157,0
DA:158,0
DA:159,0
DA:160,0
DA:161,0
DA:162,0
DA:163,0
DA:167,0
DA:168,0
DA:170,0
DA:172,0
DA:173,0
DA:174,0
DA:175,0
DA:178,0
LF:74
LH:1
end_of_record
SF:lib/components/_core/list_component_registry.dart
DA:14,0
DA:18,0
DA:25,0
DA:27,0
DA:29,0
DA:30,0
LF:6
LH:0
end_of_record
SF:lib/design/form/list_selector.dart
DA:30,2
DA:42,2
DA:43,2
DA:49,0
DA:51,0
DA:52,0
DA:54,0
DA:56,0
DA:57,0
DA:58,0
DA:59,0
DA:60,0
DA:61,0
DA:66,0
DA:67,0
DA:70,2
DA:72,4
DA:73,2
DA:74,6
DA:75,4
DA:76,24
DA:78,2
DA:79,4
DA:80,8
DA:81,2
DA:82,4
DA:83,0
DA:84,0
DA:85,2
DA:87,4
DA:88,4
DA:89,2
DA:90,6
DA:91,2
DA:93,2
DA:94,2
DA:95,2
DA:96,2
DA:97,2
DA:98,4
DA:99,2
DA:100,4
DA:102,6
DA:104,4
DA:105,0
DA:106,0
DA:107,0
DA:108,0
DA:109,0
DA:110,0
DA:113,2
DA:114,2
DA:115,4
DA:116,4
DA:120,2
DA:121,2
DA:122,4
DA:123,2
DA:124,2
DA:125,4
DA:126,6
DA:127,0
LF:62
LH:41
end_of_record
SF:lib/components/_core/widgets/draggable_pointer.dart
DA:17,0
DA:25,0
DA:26,0
DA:32,0
DA:34,0
DA:35,0
DA:36,0
DA:37,0
DA:38,0
DA:39,0
DA:40,0
DA:41,0
DA:42,0
DA:43,0
DA:44,0
DA:45,0
DA:46,0
DA:47,0
DA:48,0
DA:49,0
DA:50,0
DA:51,0
DA:58,0
DA:60,0
DA:61,0
DA:62,0
DA:63,0
DA:65,0
LF:28
LH:0
end_of_record
SF:lib/design/wrapper/confirmation_wrapper.dart
DA:5,0
DA:6,0
DA:7,0
DA:9,0
DA:10,0
DA:11,0
DA:12,0
DA:13,0
DA:14,0
DA:16,0
DA:18,0
DA:19,0
DA:20,0
DA:21,0
DA:23,0
LF:15
LH:0
end_of_record
SF:lib/design/wrapper/tap_widget.dart
DA:18,3
DA:28,3
DA:30,3
DA:31,0
DA:33,3
DA:34,3
DA:36,6
DA:37,3
DA:38,3
DA:39,12
DA:40,3
DA:41,9
DA:42,9
DA:43,3
DA:44,1
DA:45,1
DA:46,0
DA:47,3
DA:48,5
DA:51,3
DA:53,0
LF:21
LH:18
end_of_record
SF:lib/components/component_account_flow.dart
DA:21,12
DA:23,0
DA:24,0
DA:25,0
DA:26,0
DA:32,0
DA:34,0
DA:36,0
DA:37,0
DA:38,0
DA:39,0
DA:40,0
DA:41,0
DA:42,0
DA:43,0
DA:44,0
DA:45,0
DA:46,0
DA:47,0
DA:48,0
DA:49,0
DA:51,0
DA:58,0
DA:62,0
DA:63,0
DA:64,0
DA:65,0
DA:66,0
DA:67,0
DA:68,0
DA:72,0
DA:73,0
DA:75,0
DA:76,0
DA:77,0
LF:35
LH:1
end_of_record
SF:lib/design/wrapper/row_widget.dart
DA:15,3
DA:23,3
DA:24,9
DA:26,18
DA:27,9
DA:28,3
DA:31,3
DA:32,6
DA:33,4
DA:34,4
DA:36,3
DA:39,3
DA:40,0
DA:41,0
DA:44,3
DA:45,6
DA:46,9
DA:48,6
DA:51,3
DA:53,12
DA:54,3
DA:55,3
DA:56,3
DA:57,3
DA:59,3
DA:61,6
DA:62,9
DA:63,6
DA:64,6
DA:65,9
DA:66,3
DA:67,6
DA:68,3
DA:69,3
DA:70,3
DA:72,6
LF:36
LH:34
end_of_record
SF:lib/components/component_account_health.dart
DA:18,4
DA:20,0
DA:22,0
DA:23,0
DA:28,0
DA:30,0
DA:31,0
DA:32,0
DA:33,0
DA:34,0
DA:35,0
DA:36,0
DA:37,0
DA:38,0
DA:39,0
DA:40,0
DA:41,0
LF:17
LH:1
end_of_record
SF:lib/components/component_bill_ytd.dart
DA:21,8
DA:23,0
DA:24,0
DA:25,0
DA:26,0
DA:28,0
DA:29,0
DA:30,0
DA:31,0
DA:32,0
DA:37,0
DA:38,0
DA:39,0
DA:40,0
DA:42,0
DA:50,0
DA:52,0
DA:53,0
DA:54,0
DA:55,0
DA:56,0
DA:62,0
DA:64,0
DA:65,0
DA:66,0
DA:67,0
DA:68,0
DA:69,0
DA:70,0
DA:71,0
DA:72,0
DA:73,0
DA:74,0
DA:75,0
DA:76,0
DA:78,0
DA:83,0
DA:85,0
DA:89,0
DA:90,0
DA:91,0
DA:92,0
DA:93,0
DA:94,0
DA:95,0
DA:99,0
DA:100,0
DA:102,0
DA:103,0
DA:104,0
LF:50
LH:1
end_of_record
SF:lib/components/component_budget_forecast.dart
DA:22,8
DA:24,0
DA:26,0
DA:27,0
DA:28,0
DA:29,0
DA:30,0
DA:31,0
DA:32,0
DA:33,0
DA:34,0
DA:35,0
DA:36,0
DA:37,0
DA:39,0
DA:43,0
DA:44,0
DA:45,0
DA:49,0
DA:50,0
DA:54,0
DA:58,0
DA:59,0
DA:60,0
DA:61,0
DA:62,0
DA:63,0
DA:64,0
DA:68,0
DA:69,0
DA:71,0
DA:72,0
DA:73,0
LF:33
LH:1
end_of_record
SF:lib/components/component_budget_ytd.dart
DA:22,4
DA:24,0
DA:25,0
DA:26,0
DA:27,0
DA:28,0
DA:30,0
DA:31,0
DA:32,0
DA:33,0
DA:34,0
DA:35,0
DA:37,0
DA:38,0
DA:40,0
DA:43,0
DA:44,0
DA:45,0
DA:46,0
DA:47,0
DA:48,0
DA:49,0
DA:50,0
DA:51,0
DA:56,0
DA:57,0
DA:58,0
DA:66,0
DA:68,0
DA:69,0
DA:70,0
DA:71,0
DA:72,0
DA:78,0
DA:80,0
DA:81,0
DA:82,0
DA:83,0
DA:84,0
DA:85,0
DA:86,0
DA:87,0
DA:88,0
DA:89,0
DA:90,0
DA:91,0
DA:93,0
DA:98,0
DA:100,0
DA:104,0
DA:105,0
DA:106,0
DA:107,0
DA:108,0
DA:109,0
DA:110,0
DA:114,0
DA:115,0
DA:117,0
DA:118,0
DA:119,0
LF:61
LH:1
end_of_record
SF:lib/pages/home/widgets/account_widget.dart
DA:22,3
DA:35,3
DA:39,3
DA:41,3
DA:42,6
DA:43,0
DA:44,0
DA:45,0
DA:47,0
DA:48,0
DA:50,0
DA:51,0
DA:54,9
DA:55,3
DA:56,3
DA:60,0
DA:61,0
DA:64,0
DA:65,0
DA:66,0
DA:67,0
DA:68,0
DA:70,0
DA:74,0
DA:76,0
DA:77,0
DA:78,0
DA:81,0
DA:82,0
DA:83,0
DA:84,0
DA:85,0
DA:87,0
DA:91,0
DA:94,0
DA:95,0
DA:96,0
DA:97,0
DA:98,0
DA:99,0
DA:100,0
DA:101,0
DA:102,0
DA:103,0
DA:109,0
DA:110,0
DA:111,0
DA:113,0
DA:114,0
DA:115,0
DA:116,0
DA:117,0
DA:118,0
DA:119,0
DA:120,0
DA:121,0
DA:122,0
DA:123,0
DA:124,0
DA:125,0
LF:60
LH:8
end_of_record
SF:lib/pages/home/widgets/bill_widget.dart
DA:9,3
DA:22,3
LF:2
LH:2
end_of_record
SF:lib/pages/home/widgets/budget_widget.dart
DA:16,3
DA:29,3
DA:33,0
DA:35,0
DA:36,0
DA:37,0
DA:38,0
DA:39,0
DA:40,0
DA:41,0
DA:42,0
DA:48,0
DA:51,0
DA:52,0
DA:53,0
DA:54,0
DA:55,0
DA:62,0
DA:64,0
DA:65,0
DA:67,0
DA:68,0
DA:69,0
DA:70,0
DA:71,0
DA:72,0
DA:73,0
DA:74,0
DA:75,0
DA:76,0
DA:77,0
DA:78,0
LF:32
LH:2
end_of_record
SF:lib/design/form/simple_input.dart
DA:16,6
DA:17,0
DA:33,2
DA:47,2
DA:48,0
DA:52,2
DA:54,2
DA:55,2
DA:56,4
DA:57,2
DA:58,2
DA:59,2
DA:62,2
DA:63,6
DA:64,2
DA:65,2
DA:66,2
DA:67,2
DA:68,4
DA:69,2
DA:71,2
DA:72,6
DA:73,2
DA:74,0
DA:75,0
DA:76,2
DA:77,4
DA:78,2
DA:81,4
DA:82,6
DA:83,4
DA:84,2
DA:85,2
DA:86,2
LF:34
LH:30
end_of_record
SF:lib/design/generic/base_widget.dart
DA:32,3
DA:45,3
DA:47,0
DA:48,0
DA:49,0
DA:50,0
DA:51,0
DA:52,0
DA:53,0
DA:54,0
DA:55,0
DA:56,0
DA:57,0
DA:58,0
DA:59,0
DA:60,0
DA:61,0
DA:66,0
DA:67,0
DA:68,0
DA:69,0
DA:70,0
DA:74,3
DA:76,3
DA:77,3
DA:79,0
DA:82,0
DA:83,0
DA:84,0
DA:86,0
DA:88,0
DA:90,0
DA:91,0
DA:92,0
DA:93,0
DA:94,0
DA:96,0
DA:97,0
DA:98,0
DA:105,0
DA:106,0
DA:107,0
DA:108,0
DA:109,0
DA:110,0
DA:111,0
DA:112,0
DA:113,0
DA:114,0
DA:116,0
DA:121,3
DA:122,3
DA:123,3
DA:124,3
DA:125,3
DA:126,3
DA:127,3
DA:128,3
DA:129,3
DA:130,3
DA:131,3
DA:132,3
DA:133,3
DA:134,3
DA:135,6
DA:136,3
DA:138,3
DA:139,3
DA:140,3
DA:141,3
DA:142,3
DA:143,3
DA:144,3
DA:145,3
DA:146,3
DA:148,0
DA:149,0
DA:150,0
DA:151,0
LF:79
LH:30
end_of_record
SF:lib/design/button/full_sized_button_widget.dart
DA:23,2
DA:30,4
DA:32,2
DA:34,6
DA:35,2
DA:36,2
DA:37,2
DA:38,10
DA:39,2
DA:40,2
DA:41,4
DA:42,2
DA:43,0
DA:45,4
DA:46,6
DA:47,2
DA:48,0
DA:49,0
DA:50,2
DA:51,4
DA:53,2
DA:54,2
DA:55,2
DA:56,2
DA:57,4
DA:58,2
DA:59,4
DA:60,2
DA:62,2
DA:63,2
DA:64,2
DA:65,2
DA:67,2
DA:70,0
DA:71,0
DA:72,0
DA:73,0
DA:74,0
DA:75,0
DA:76,0
DA:93,0
DA:94,0
DA:95,0
DA:96,0
LF:44
LH:30
end_of_record
SF:lib/design/button/link_widget.dart
DA:14,0
DA:16,0
DA:18,0
DA:19,0
DA:20,0
DA:22,0
DA:23,0
DA:24,0
DA:25,0
DA:26,0
DA:27,0
DA:29,0
LF:12
LH:0
end_of_record
SF:lib/design/button/toolbar_button_widget.dart
DA:27,3
DA:43,3
DA:44,3
DA:49,9
DA:52,0
DA:53,0
DA:54,0
DA:57,0
DA:58,0
DA:59,0
DA:62,3
DA:64,3
DA:65,18
DA:66,3
DA:67,9
DA:68,15
DA:69,3
DA:70,3
DA:71,3
DA:72,3
DA:76,3
DA:78,6
DA:79,9
DA:81,3
DA:85,3
DA:86,6
DA:87,0
DA:88,0
DA:89,0
DA:90,0
DA:91,0
DA:92,0
DA:93,0
DA:94,0
DA:95,0
DA:96,0
DA:102,3
DA:103,6
DA:104,6
DA:105,6
DA:107,12
DA:108,6
DA:109,0
DA:110,0
DA:111,0
LF:45
LH:26
end_of_record
SF:lib/design/form/abstract_selector.dart
DA:11,2
DA:19,2
DA:21,4
DA:22,2
DA:29,2
DA:31,4
DA:32,10
DA:33,2
DA:34,6
DA:35,2
LF:10
LH:10
end_of_record
SF:lib/design/wrapper/focus_wrapper.dart
DA:10,2
DA:14,2
DA:16,2
DA:17,4
DA:19,2
LF:5
LH:5
end_of_record
SF:lib/design/form/color_selector.dart
DA:20,0
DA:25,0
DA:27,0
DA:28,0
DA:34,0
DA:36,0
DA:37,0
DA:40,0
DA:42,0
DA:43,0
DA:45,0
DA:46,0
DA:48,0
DA:49,0
DA:50,0
DA:51,0
DA:52,0
DA:53,0
DA:54,0
DA:55,0
DA:56,0
DA:60,0
DA:61,0
DA:62,0
DA:63,0
DA:64,0
DA:65,0
DA:67,0
DA:75,0
DA:77,0
DA:79,0
DA:80,0
DA:83,0
DA:84,0
DA:85,0
DA:86,0
LF:36
LH:0
end_of_record
SF:lib/design/form/currency_exchange_input.dart
DA:22,2
DA:31,2
DA:32,2
DA:39,2
DA:41,2
DA:42,2
DA:45,2
DA:46,6
DA:47,6
DA:48,10
DA:51,8
DA:53,2
DA:55,20
DA:56,0
DA:59,14
DA:62,0
DA:63,0
DA:64,0
DA:65,0
DA:66,0
DA:69,0
DA:70,0
DA:71,0
DA:72,0
DA:73,0
DA:74,0
DA:75,0
DA:77,0
DA:78,0
DA:79,0
DA:80,0
DA:81,0
DA:82,0
DA:84,0
DA:85,0
DA:86,0
DA:87,0
DA:88,0
DA:90,0
DA:91,0
DA:92,0
DA:93,0
DA:95,0
DA:97,0
DA:100,0
DA:101,0
DA:102,0
DA:104,0
DA:106,0
DA:115,0
LF:50
LH:14
end_of_record
SF:lib/_classes/controller/exchange_controller.dart
DA:26,2
DA:33,6
DA:34,6
DA:37,2
DA:38,2
DA:39,2
DA:40,4
DA:41,2
DA:44,4
DA:45,8
DA:46,8
DA:48,2
DA:51,0
DA:52,0
DA:53,0
DA:55,0
DA:56,0
DA:57,0
DA:58,0
DA:62,0
DA:63,0
DA:64,0
DA:67,0
DA:71,2
DA:73,6
DA:74,10
DA:75,4
DA:78,4
DA:79,4
DA:80,4
DA:81,2
DA:84,2
DA:85,10
DA:86,4
DA:87,8
DA:88,2
DA:89,2
DA:90,2
DA:92,6
DA:93,12
DA:94,6
DA:98,0
DA:99,0
DA:100,0
DA:104,0
DA:105,0
DA:106,0
DA:107,0
DA:109,0
DA:110,0
DA:111,0
DA:112,0
DA:113,0
DA:117,0
DA:118,0
DA:119,0
DA:120,0
DA:121,0
DA:122,0
DA:123,0
DA:125,0
DA:126,0
DA:130,0
DA:132,0
DA:133,0
DA:134,0
DA:135,0
DA:138,2
DA:139,6
DA:140,6
DA:142,0
DA:143,0
DA:144,0
LF:73
LH:33
end_of_record
SF:lib/design/wrapper/input_wrapper.dart
DA:54,12
DA:56,2
DA:73,2
DA:90,0
DA:107,0
DA:124,0
DA:141,2
DA:158,2
DA:160,2
DA:162,2
DA:164,2
DA:165,0
DA:166,0
DA:167,0
DA:169,0
DA:172,2
DA:173,2
DA:174,2
DA:175,2
DA:177,2
DA:178,8
DA:179,8
DA:180,4
DA:181,4
DA:182,2
DA:183,2
DA:187,2
DA:188,2
DA:190,2
DA:191,0
DA:192,0
DA:193,0
DA:196,0
DA:197,0
DA:200,2
DA:201,0
DA:202,0
DA:203,0
DA:207,2
DA:208,0
DA:209,0
DA:210,0
DA:213,2
DA:214,0
DA:215,0
DA:216,0
DA:218,0
DA:219,0
DA:221,4
DA:222,2
DA:223,6
DA:224,0
DA:226,2
DA:227,2
DA:229,2
DA:230,0
DA:231,0
DA:232,0
DA:234,0
DA:236,2
DA:237,0
DA:238,0
DA:241,4
DA:242,2
DA:243,2
DA:245,2
DA:246,2
DA:247,0
DA:248,2
DA:250,4
DA:252,4
DA:253,2
DA:254,2
DA:256,2
DA:257,2
DA:258,0
DA:259,2
DA:263,2
LF:78
LH:46
end_of_record
SF:lib/design/form/currency_selector.dart
DA:17,0
DA:18,0
DA:19,0
DA:21,0
DA:24,0
DA:25,0
DA:26,0
DA:27,0
DA:28,0
DA:30,0
DA:31,0
DA:32,0
DA:33,0
DA:41,0
DA:42,0
DA:44,0
DA:46,0
DA:48,0
DA:49,0
DA:53,0
DA:54,0
DA:55,0
DA:56,0
DA:57,0
DA:59,0
DA:61,0
DA:62,0
DA:63,0
DA:64,0
DA:65,0
DA:66,0
DA:68,0
DA:69,0
DA:70,0
DA:75,0
DA:77,0
DA:79,0
DA:81,0
DA:82,0
DA:83,0
DA:84,0
DA:85,0
DA:92,0
DA:93,0
DA:95,2
DA:96,6
DA:98,2
DA:99,2
DA:101,0
DA:102,0
DA:104,4
DA:108,0
DA:117,0
LF:53
LH:5
end_of_record
SF:lib/design/form/currency_selector_code.dart
DA:11,2
DA:12,2
DA:14,4
DA:17,0
DA:19,0
DA:20,0
DA:21,0
DA:22,0
DA:24,0
DA:26,0
DA:27,0
DA:28,0
DA:29,0
DA:30,0
DA:34,0
DA:36,0
DA:42,2
DA:46,2
DA:55,12
LF:19
LH:6
end_of_record
SF:lib/design/form/date_input.dart
DA:21,2
DA:26,2
DA:28,2
DA:29,2
DA:33,0
DA:35,0
DA:37,0
DA:38,0
DA:39,0
DA:41,0
DA:47,0
DA:48,0
DA:49,0
DA:50,0
DA:51,0
DA:54,0
DA:55,0
DA:59,2
DA:61,4
DA:62,4
DA:63,10
DA:64,6
DA:65,2
DA:66,4
DA:67,2
DA:68,4
DA:69,4
DA:70,0
DA:71,0
DA:72,0
DA:73,0
DA:74,0
DA:75,0
DA:78,8
DA:79,0
DA:80,2
DA:81,4
DA:82,0
LF:38
LH:17
end_of_record
SF:lib/design/form/date_time_input.dart
DA:22,2
DA:27,2
DA:29,2
DA:30,2
DA:34,0
DA:36,0
DA:38,0
DA:42,0
DA:43,0
DA:47,2
DA:49,2
DA:50,4
DA:51,4
DA:52,2
DA:54,2
DA:56,2
DA:58,2
DA:59,2
DA:60,2
DA:61,4
DA:62,4
DA:65,2
DA:66,2
DA:67,4
DA:68,2
DA:69,2
DA:70,4
DA:71,2
DA:72,6
DA:74,2
DA:76,0
LF:31
LH:25
end_of_record
SF:lib/design/form/icon_selector.dart
DA:18,0
DA:19,0
DA:21,0
DA:22,0
DA:23,0
DA:25,0
DA:27,0
DA:31,0
DA:32,0
DA:34,0
DA:38,0
DA:45,0
DA:46,0
DA:47,0
DA:50,0
DA:51,0
DA:53,0
DA:54,0
DA:60,0
DA:62,0
DA:63,0
DA:66,0
DA:67,0
DA:68,0
DA:69,0
DA:71,0
DA:73,0
DA:74,0
DA:75,0
DA:76,0
DA:77,0
DA:78,0
DA:79,0
DA:80,0
LF:34
LH:0
end_of_record
SF:lib/design/form/list_selector_page.dart
DA:25,0
DA:33,0
DA:34,0
DA:44,0
DA:46,0
DA:47,0
DA:48,0
DA:49,0
DA:52,0
DA:54,0
DA:55,0
DA:58,0
DA:59,0
DA:60,0
DA:63,0
DA:64,0
DA:65,0
DA:66,0
DA:67,0
DA:68,0
DA:69,0
DA:70,0
DA:71,0
DA:72,0
DA:77,0
DA:79,0
DA:80,0
DA:81,0
DA:83,0
DA:84,0
DA:85,0
DA:86,0
DA:87,0
DA:88,0
DA:89,0
DA:90,0
DA:92,0
DA:93,0
DA:94,0
DA:95,0
DA:96,0
DA:101,0
DA:102,0
DA:108,0
DA:110,0
DA:111,0
DA:112,0
DA:113,0
DA:114,0
DA:116,0
DA:118,0
DA:119,0
DA:120,0
DA:121,0
DA:123,0
DA:124,0
DA:125,0
DA:128,0
DA:129,0
DA:130,0
DA:133,0
DA:134,0
DA:137,0
DA:140,0
DA:141,0
DA:142,0
DA:143,0
DA:144,0
DA:148,0
DA:151,0
DA:154,0
DA:155,0
DA:157,0
DA:164,0
DA:165,0
DA:166,0
DA:167,0
DA:168,0
DA:169,0
DA:171,0
LF:80
LH:0
end_of_record
SF:lib/design/form/list_account_selector.dart
DA:14,0
DA:15,0
DA:16,0
DA:17,0
DA:18,0
DA:19,0
DA:21,0
DA:22,0
DA:23,0
DA:24,0
DA:28,0
DA:29,0
DA:30,0
DA:31,0
DA:32,0
DA:33,0
DA:34,0
DA:35,0
DA:36,0
DA:37,0
DA:38,0
DA:42,0
DA:43,0
DA:45,0
DA:46,0
DA:48,0
DA:59,2
DA:69,2
DA:71,0
DA:73,0
DA:74,0
DA:75,0
DA:78,2
DA:79,2
LF:34
LH:4
end_of_record
SF:lib/design/generic/base_line_widget.dart
DA:30,0
DA:46,0
DA:48,0
DA:51,0
DA:52,0
DA:53,0
DA:55,0
DA:57,0
DA:58,0
DA:59,0
DA:60,0
DA:61,0
DA:62,0
DA:64,0
DA:65,0
DA:66,0
DA:67,0
DA:68,0
DA:69,0
DA:70,0
DA:71,0
DA:74,0
DA:75,0
DA:76,0
DA:77,0
DA:78,0
DA:80,0
DA:81,0
DA:82,0
DA:83,0
DA:84,0
DA:85,0
DA:87,0
DA:88,0
DA:89,0
DA:94,0
DA:95,0
DA:97,0
DA:100,0
DA:103,0
LF:40
LH:0
end_of_record
SF:lib/design/form/list_budget_selector.dart
DA:13,0
DA:15,0
DA:16,0
DA:17,0
DA:18,0
DA:19,0
DA:20,0
DA:22,0
DA:23,0
DA:24,0
DA:25,0
DA:30,0
DA:32,0
DA:36,2
DA:45,2
DA:47,0
DA:49,0
DA:51,2
DA:52,2
LF:19
LH:4
end_of_record
SF:lib/pages/budget/widgets/budget_line_widget.dart
DA:32,0
DA:49,0
DA:51,0
DA:54,0
DA:55,0
DA:57,0
DA:59,0
DA:60,0
DA:62,0
DA:63,0
DA:64,0
DA:65,0
DA:66,0
DA:67,0
DA:68,0
DA:69,0
DA:72,0
DA:73,0
DA:74,0
DA:75,0
DA:77,0
DA:78,0
DA:80,0
DA:81,0
DA:83,0
DA:86,0
DA:87,0
DA:90,0
DA:93,0
DA:94,0
DA:96,0
DA:98,0
DA:104,0
DA:105,0
DA:108,0
DA:111,0
DA:112,0
DA:113,0
DA:114,0
DA:116,0
DA:117,0
DA:118,0
DA:119,0
DA:120,0
DA:121,0
DA:122,0
DA:127,0
DA:128,0
DA:129,0
DA:130,0
DA:133,0
DA:134,0
DA:138,0
DA:140,0
LF:54
LH:0
end_of_record
SF:lib/design/form/month_year_input.dart
DA:24,0
DA:32,0
DA:33,0
DA:37,0
DA:39,0
DA:41,0
DA:42,0
DA:43,0
DA:45,0
DA:50,0
DA:51,0
DA:55,0
DA:57,0
DA:58,0
DA:59,0
DA:60,0
DA:61,0
DA:63,0
DA:64,0
DA:65,0
DA:67,0
DA:68,0
DA:69,0
DA:71,0
DA:73,0
DA:75,0
DA:77,0
DA:78,0
DA:79,0
DA:80,0
DA:81,0
DA:82,0
DA:83,0
DA:89,0
LF:34
LH:0
end_of_record
SF:lib/design/generic/base_group_widget.dart
DA:29,0
DA:41,0
DA:42,0
DA:43,0
DA:44,0
DA:45,0
DA:46,0
DA:47,0
DA:48,0
DA:50,0
DA:51,0
DA:52,0
DA:54,0
DA:57,0
DA:60,0
DA:61,0
DA:62,0
DA:63,0
DA:69,0
DA:71,0
DA:72,0
DA:73,0
DA:74,0
DA:75,0
DA:78,0
DA:79,0
DA:80,0
DA:83,0
DA:84,0
DA:85,0
DA:87,0
DA:89,0
DA:90,0
DA:91,0
DA:92,0
DA:93,0
DA:94,0
DA:95,0
DA:97,0
DA:98,0
DA:99,0
DA:100,0
DA:101,0
DA:102,0
DA:103,0
DA:104,0
DA:107,0
DA:108,0
DA:109,0
DA:110,0
DA:113,0
DA:114,0
DA:115,0
DA:116,0
DA:117,0
DA:118,0
DA:119,0
DA:120,0
DA:123,0
LF:59
LH:0
end_of_record
SF:lib/design/generic/base_header_widget.dart
DA:29,3
DA:39,3
DA:41,3
DA:43,3
DA:44,3
DA:45,3
DA:46,3
DA:47,9
DA:48,3
DA:49,6
DA:50,3
DA:51,9
DA:52,3
DA:53,12
DA:54,3
DA:55,3
DA:56,6
DA:57,3
DA:58,6
DA:59,6
DA:61,6
DA:62,3
DA:63,3
DA:64,6
DA:65,3
DA:66,3
DA:67,3
DA:70,6
DA:72,3
DA:75,9
DA:77,3
DA:80,3
DA:81,9
DA:84,6
DA:85,6
DA:86,0
DA:87,9
DA:90,3
DA:91,0
DA:94,0
DA:95,0
DA:98,0
DA:99,0
DA:101,0
DA:102,0
DA:103,0
DA:104,0
LF:47
LH:37
end_of_record
SF:lib/design/wrapper/number_wrapper.dart
DA:11,0
DA:18,0
DA:20,0
DA:21,0
DA:22,0
DA:23,0
LF:6
LH:0
end_of_record
SF:lib/design/generic/base_list_infinite_widget.dart
DA:18,0
DA:26,0
DA:27,0
DA:35,0
DA:37,0
DA:38,0
DA:39,0
DA:42,0
DA:44,0
DA:45,0
DA:48,0
DA:49,0
DA:50,0
DA:51,0
DA:52,0
DA:53,0
DA:58,0
DA:59,0
DA:60,0
DA:64,0
DA:65,0
DA:66,0
DA:67,0
DA:68,0
DA:69,0
DA:73,0
DA:74,0
DA:75,0
DA:76,0
DA:77,0
DA:81,0
DA:83,0
DA:86,0
DA:87,0
DA:89,0
DA:92,0
DA:93,0
DA:94,0
DA:95,0
DA:97,0
DA:98,0
DA:104,0
DA:105,0
DA:107,0
DA:108,0
LF:45
LH:0
end_of_record
SF:lib/design/wrapper/background_wrapper.dart
DA:11,0
DA:17,0
DA:19,0
DA:20,0
DA:21,0
LF:5
LH:0
end_of_record
SF:lib/design/wrapper/keep_alive_wrapper.dart
DA:9,0
DA:11,0
DA:12,0
DA:16,0
DA:18,0
DA:19,0
DA:22,0
LF:7
LH:0
end_of_record
SF:lib/design/generic/base_list_limited_widget.dart
DA:19,3
DA:29,3
DA:30,3
DA:31,3
DA:32,0
DA:33,0
DA:34,0
DA:36,3
DA:40,3
DA:42,9
DA:44,15
DA:45,0
DA:49,18
DA:51,3
DA:55,3
DA:56,3
DA:58,6
DA:59,0
DA:60,0
DA:62,0
DA:64,0
DA:65,0
DA:66,0
LF:23
LH:13
end_of_record
SF:lib/design/generic/base_swipe_widget.dart
DA:20,0
DA:28,0
DA:29,0
DA:30,0
DA:32,0
DA:34,0
DA:35,0
DA:36,0
DA:37,0
DA:38,0
DA:44,0
DA:46,0
DA:47,0
DA:49,0
DA:50,0
DA:51,0
DA:52,0
DA:53,0
DA:54,0
DA:56,0
DA:57,0
DA:58,0
DA:59,0
DA:61,0
DA:62,0
DA:63,0
DA:64,0
DA:67,0
DA:69,0
DA:71,0
DA:73,0
DA:82,0
DA:83,0
DA:85,0
DA:88,0
DA:89,0
DA:92,0
LF:37
LH:0
end_of_record
SF:lib/design/generic/loading_widget.dart
DA:11,0
DA:17,0
DA:18,0
DA:24,0
DA:26,0
DA:29,0
DA:30,0
DA:33,0
DA:35,0
DA:36,0
DA:39,0
DA:41,0
DA:42,0
DA:43,0
DA:44,0
DA:45,0
DA:46,0
DA:47,0
DA:48,0
DA:49,0
DA:51,0
DA:52,0
DA:53,0
DA:54,0
DA:55,0
DA:56,0
DA:57,0
DA:60,0
LF:28
LH:0
end_of_record
SF:lib/design/generic/notification_bar.dart
DA:8,0
DA:9,0
DA:10,0
DA:11,0
DA:12,0
DA:15,0
LF:6
LH:0
end_of_record
SF:lib/design/generic/text_widget.dart
DA:8,0
DA:10,0
DA:11,0
DA:13,0
DA:16,0
DA:19,0
DA:20,0
LF:7
LH:0
end_of_record
SF:lib/design/wrapper/dots_indicator_decoration.dart
DA:13,0
DA:21,0
DA:23,0
DA:24,0
DA:25,0
DA:26,0
DA:27,0
DA:28,0
DA:41,0
DA:48,0
DA:50,0
DA:52,0
DA:55,0
DA:56,0
DA:57,0
DA:58,0
DA:59,0
DA:60,0
DA:61,0
DA:62,0
DA:64,0
LF:21
LH:0
end_of_record
SF:lib/design/wrapper/dots_tab_bar_widget.dart
DA:16,0
DA:25,0
DA:33,0
DA:34,0
DA:36,0
DA:37,0
DA:38,0
DA:39,0
DA:42,0
DA:43,0
DA:44,0
DA:45,0
DA:46,0
DA:47,0
LF:14
LH:0
end_of_record
SF:lib/design/wrapper/grid_layer.dart
DA:15,3
DA:24,3
DA:26,18
DA:27,24
DA:28,3
DA:29,9
DA:30,9
DA:31,3
DA:32,3
DA:33,3
DA:34,9
DA:35,12
DA:37,0
DA:38,0
LF:14
LH:12
end_of_record
SF:lib/design/wrapper/input_controller_wrapper.dart
DA:25,9
DA:28,3
DA:33,3
DA:34,3
DA:42,3
DA:44,6
DA:45,3
DA:48,1
DA:50,1
DA:51,0
DA:52,1
DA:53,0
DA:54,1
DA:55,0
DA:57,1
DA:58,2
DA:60,0
DA:62,3
DA:65,1
DA:66,3
DA:68,0
DA:69,0
DA:70,0
DA:73,0
DA:74,0
DA:80,1
DA:81,1
DA:82,1
DA:83,2
DA:84,0
DA:86,2
DA:87,0
DA:89,2
DA:90,0
DA:92,1
DA:93,1
DA:95,1
DA:96,0
DA:98,1
DA:99,0
DA:101,1
DA:102,0
DA:104,1
DA:105,1
DA:106,1
DA:110,4
DA:111,4
DA:115,0
DA:116,0
DA:117,0
DA:121,0
DA:123,0
DA:126,3
DA:128,6
DA:129,3
DA:130,3
DA:131,3
DA:132,6
DA:133,3
DA:136,6
LF:60
LH:40
end_of_record
SF:lib/design/wrapper/required_widget.dart
DA:15,2
DA:21,4
DA:24,2
DA:25,2
DA:26,2
DA:27,4
DA:28,2
DA:30,4
DA:31,6
DA:37,2
DA:39,2
DA:40,2
DA:41,2
DA:42,2
DA:44,0
DA:45,0
DA:46,0
DA:49,0
DA:50,0
DA:51,0
DA:52,0
DA:53,0
DA:55,0
DA:56,0
DA:59,0
DA:60,0
DA:61,0
DA:62,0
DA:67,0
DA:68,0
DA:70,0
DA:71,0
LF:32
LH:14
end_of_record
SF:lib/design/wrapper/single_scroll_wrapper.dart
DA:12,2
DA:18,2
DA:20,2
DA:21,2
DA:22,8
LF:5
LH:5
end_of_record
SF:lib/design/wrapper/tab_widget.dart
DA:27,2
DA:37,2
DA:39,2
DA:41,2
DA:42,2
DA:43,4
DA:44,0
DA:61,2
DA:63,2
DA:64,2
DA:67,2
DA:68,8
DA:69,6
DA:70,6
DA:71,6
DA:72,4
DA:73,2
DA:75,2
DA:79,2
DA:81,4
DA:82,4
DA:83,2
DA:86,0
DA:87,0
DA:90,0
DA:91,0
DA:92,0
DA:93,0
DA:94,0
DA:95,0
DA:99,0
DA:100,0
DA:102,0
DA:103,0
DA:106,0
DA:107,0
DA:108,0
DA:113,0
DA:115,0
DA:116,0
DA:118,0
DA:119,0
DA:120,0
DA:121,0
DA:124,0
DA:125,0
DA:126,0
DA:127,0
DA:128,0
DA:129,0
DA:132,0
DA:133,0
DA:134,0
DA:139,0
DA:140,0
DA:141,0
DA:142,0
DA:143,0
DA:145,0
DA:146,0
DA:147,0
DA:148,0
DA:150,0
DA:157,0
DA:158,0
DA:159,0
DA:160,0
DA:161,0
DA:162,0
DA:163,0
DA:165,0
DA:166,0
DA:167,0
DA:170,0
DA:172,0
DA:173,0
DA:174,0
DA:175,0
DA:180,0
DA:181,0
DA:183,0
DA:185,0
DA:186,0
DA:187,0
DA:188,0
DA:193,0
DA:199,0
DA:204,0
DA:205,0
DA:206,0
DA:207,0
DA:208,0
DA:209,0
DA:210,0
DA:211,0
DA:212,0
DA:213,0
DA:214,0
DA:215,0
DA:218,0
DA:219,0
DA:220,0
DA:221,0
DA:222,0
DA:233,0
DA:235,0
DA:236,0
DA:237,0
DA:238,0
DA:242,0
DA:244,0
DA:245,0
DA:246,0
DA:247,0
DA:251,0
DA:253,0
DA:254,0
DA:256,0
DA:261,0
DA:263,0
DA:264,0
DA:265,0
DA:266,0
DA:267,0
DA:268,0
DA:269,0
DA:270,0
DA:274,0
DA:276,0
DA:278,0
DA:279,0
DA:280,0
DA:281,0
DA:288,2
DA:290,2
DA:291,2
DA:293,4
DA:297,0
DA:300,2
DA:302,2
DA:303,4
DA:304,0
DA:306,2
DA:307,2
DA:308,2
DA:309,2
DA:310,2
DA:311,4
DA:312,2
DA:313,2
DA:314,4
LF:151
LH:37
end_of_record
SF:lib/design/wrapper/table_widget.dart
DA:15,0
DA:23,0
DA:25,0
DA:26,0
DA:27,0
DA:28,0
DA:31,0
DA:32,0
DA:33,0
DA:34,0
DA:35,0
DA:36,0
DA:37,0
DA:38,0
DA:39,0
LF:15
LH:0
end_of_record
SF:lib/pages/about/about_page.dart
DA:20,0
DA:22,0
DA:23,0
DA:30,0
DA:32,0
DA:33,0
DA:34,0
DA:35,0
DA:38,0
DA:41,0
DA:44,0
DA:45,0
DA:47,0
DA:50,0
DA:53,0
DA:54,0
DA:55,0
DA:56,0
DA:57,0
DA:58,0
DA:60,0
DA:65,0
DA:67,0
DA:68,0
DA:69,0
DA:70,0
DA:71,0
DA:72,0
DA:73,0
DA:74,0
DA:79,0
DA:80,0
DA:81,0
DA:87,0
DA:88,0
DA:89,0
DA:90,0
DA:93,0
DA:94,0
DA:95,0
DA:100,0
DA:105,0
DA:106,0
DA:107,0
DA:108,0
DA:109,0
DA:112,0
DA:113,0
DA:114,0
DA:115,0
DA:116,0
DA:120,0
DA:121,0
DA:123,0
DA:124,0
DA:125,0
DA:132,0
DA:133,0
DA:135,0
DA:136,0
DA:137,0
DA:138,0
DA:139,0
DA:141,0
DA:143,0
DA:144,0
LF:66
LH:0
end_of_record
SF:lib/pages/account/account_add_page.dart
DA:33,4
DA:45,0
DA:46,0
DA:61,0
DA:63,0
DA:64,0
DA:65,0
DA:66,0
DA:67,0
DA:68,0
DA:69,0
DA:70,0
DA:71,0
DA:72,0
DA:75,0
DA:77,0
DA:78,0
DA:79,0
DA:80,0
DA:83,0
DA:84,0
DA:86,0
DA:88,0
DA:89,0
DA:92,0
DA:94,0
DA:95,0
DA:97,0
DA:98,0
DA:99,0
DA:100,0
DA:101,0
DA:103,0
DA:104,0
DA:106,0
DA:107,0
DA:108,0
DA:112,0
DA:113,0
DA:115,0
DA:117,0
DA:118,0
DA:120,0
DA:121,0
DA:122,0
DA:127,0
DA:129,0
DA:130,0
DA:131,0
DA:133,0
DA:134,0
DA:135,0
DA:136,0
DA:137,0
DA:138,0
DA:139,0
DA:140,0
DA:142,0
DA:143,0
DA:144,0
DA:145,0
DA:146,0
DA:147,0
DA:149,0
DA:151,0
DA:152,0
DA:153,0
DA:154,0
DA:156,0
DA:158,0
DA:160,0
DA:161,0
DA:162,0
DA:163,0
DA:164,0
DA:165,0
DA:168,0
DA:169,0
DA:170,0
DA:171,0
DA:172,0
DA:175,0
DA:176,0
DA:177,0
DA:178,0
DA:179,0
DA:184,0
DA:186,0
DA:187,0
DA:188,0
DA:189,0
DA:190,0
DA:192,0
DA:193,0
DA:195,0
DA:196,0
DA:197,0
DA:199,0
DA:200,0
DA:201,0
DA:202,0
DA:204,0
DA:205,0
DA:208,0
DA:210,0
DA:211,0
DA:212,0
DA:213,0
DA:215,0
DA:216,0
DA:221,0
DA:223,0
DA:224,0
DA:226,0
LF:114
LH:1
end_of_record
SF:lib/pages/account/account_edit_page.dart
DA:13,0
DA:18,0
DA:19,0
DA:26,0
DA:28,0
DA:29,0
DA:32,0
DA:33,0
DA:36,0
DA:37,0
DA:38,0
DA:39,0
DA:40,0
DA:41,0
DA:42,0
DA:43,0
DA:44,0
DA:45,0
DA:46,0
DA:47,0
DA:51,0
DA:53,0
DA:56,0
DA:58,0
DA:59,0
DA:60,0
DA:61,0
DA:62,0
DA:63,0
DA:64,0
DA:65,0
DA:67,0
DA:68,0
DA:70,0
DA:71,0
DA:72,0
DA:76,0
DA:77,0
DA:79,0
DA:81,0
DA:82,0
LF:41
LH:0
end_of_record
SF:lib/pages/account/account_view_page.dart
DA:26,0
DA:31,0
DA:32,0
DA:39,0
DA:41,0
DA:42,0
DA:45,0
DA:48,0
DA:50,0
DA:51,0
DA:52,0
DA:53,0
DA:54,0
DA:55,0
DA:57,0
DA:58,0
DA:61,0
DA:63,0
DA:65,0
DA:67,0
DA:74,0
DA:76,0
DA:77,0
DA:78,0
DA:79,0
DA:81,0
DA:82,0
DA:85,0
DA:88,0
DA:89,0
DA:90,0
DA:94,0
DA:95,0
DA:96,0
DA:97,0
DA:98,0
DA:99,0
DA:101,0
DA:102,0
DA:103,0
DA:104,0
DA:105,0
DA:109,0
DA:110,0
DA:111,0
DA:112,0
DA:113,0
DA:114,0
DA:115,0
DA:116,0
DA:117,0
DA:118,0
DA:119,0
DA:120,0
DA:124,0
DA:126,0
DA:127,0
DA:129,0
DA:131,0
DA:132,0
DA:133,0
DA:134,0
DA:135,0
DA:138,0
DA:139,0
DA:142,0
DA:143,0
DA:144,0
DA:145,0
DA:146,0
DA:147,0
DA:149,0
DA:150,0
DA:151,0
DA:152,0
DA:153,0
DA:155,0
DA:156,0
DA:157,0
DA:158,0
DA:160,0
DA:161,0
DA:162,0
DA:163,0
LF:84
LH:0
end_of_record
SF:lib/pages/account/account_page.dart
DA:22,4
DA:27,1
DA:28,1
DA:32,1
DA:33,2
DA:34,0
DA:35,0
DA:37,0
DA:38,0
DA:39,0
DA:42,2
DA:45,1
DA:47,2
DA:48,0
DA:50,2
DA:53,1
DA:54,2
DA:56,1
DA:58,1
DA:59,1
DA:61,0
DA:62,1
DA:67,1
DA:69,1
DA:70,1
DA:71,1
DA:72,1
DA:73,1
DA:74,1
DA:75,1
DA:76,1
DA:77,1
DA:79,2
DA:82,5
DA:85,1
DA:86,1
DA:87,1
DA:90,2
DA:91,0
DA:92,1
DA:93,2
DA:96,0
DA:97,0
DA:99,0
DA:101,0
DA:102,0
DA:105,0
DA:106,0
LF:48
LH:33
end_of_record
SF:lib/pages/automation/automation_page.dart
DA:13,4
DA:15,0
DA:16,0
DA:20,0
DA:23,0
DA:28,0
DA:30,0
DA:31,0
DA:32,0
DA:33,0
DA:34,0
DA:37,0
DA:38,0
DA:54,0
DA:56,0
LF:15
LH:1
end_of_record
SF:lib/pages/bill/bill_add_page.dart
DA:16,4
DA:18,2
DA:19,2
DA:26,2
DA:28,4
DA:30,2
DA:31,2
DA:33,2
DA:34,2
DA:36,2
DA:37,4
DA:38,12
DA:42,2
DA:44,2
DA:45,2
DA:49,2
DA:50,0
DA:51,2
DA:52,2
DA:54,4
DA:56,2
DA:58,4
DA:60,2
DA:62,4
DA:65,2
DA:66,6
DA:67,6
DA:68,6
LF:28
LH:27
end_of_record
SF:lib/pages/bill/bill_edit_page.dart
DA:12,0
DA:17,0
DA:18,0
DA:22,0
DA:24,0
DA:25,0
DA:26,0
DA:27,0
DA:28,0
DA:29,0
DA:30,0
DA:31,0
DA:32,0
DA:33,0
DA:34,0
LF:15
LH:0
end_of_record
SF:lib/pages/bill/bill_page.dart
DA:22,4
DA:24,0
DA:25,0
DA:35,0
DA:37,0
DA:38,0
DA:39,0
DA:40,0
DA:45,0
DA:47,0
DA:48,0
DA:51,0
DA:52,0
DA:53,0
DA:54,0
DA:55,0
DA:56,0
DA:58,0
DA:60,0
DA:61,0
DA:66,0
DA:70,0
DA:72,0
DA:73,0
DA:74,0
DA:75,0
DA:77,0
DA:78,0
DA:79,0
DA:80,0
DA:82,0
DA:84,0
DA:85,0
DA:86,0
DA:87,0
DA:88,0
DA:89,0
DA:90,0
DA:91,0
DA:92,0
DA:93,0
DA:95,0
DA:97,0
DA:98,0
DA:99,0
DA:101,0
DA:102,0
DA:103,0
DA:104,0
DA:105,0
DA:106,0
DA:107,0
DA:108,0
DA:109,0
DA:121,0
DA:122,0
DA:123,0
DA:128,0
DA:129,0
DA:131,0
DA:132,0
DA:134,0
DA:136,0
DA:137,0
DA:139,0
DA:140,0
DA:145,0
DA:147,0
DA:148,0
DA:149,0
DA:150,0
DA:151,0
DA:155,0
DA:156,0
DA:157,0
DA:158,0
DA:159,0
LF:77
LH:1
end_of_record
SF:lib/pages/bill/bill_view_page.dart
DA:17,0
DA:22,0
DA:23,0
DA:27,0
DA:28,0
DA:30,0
DA:33,0
DA:35,0
DA:36,0
DA:37,0
DA:38,0
DA:39,0
DA:40,0
DA:42,0
DA:43,0
DA:46,0
DA:48,0
DA:50,0
DA:52,0
DA:59,0
DA:61,0
DA:62,0
DA:63,0
DA:64,0
DA:65,0
DA:66,0
DA:67,0
LF:27
LH:0
end_of_record
SF:lib/pages/budget/budget_page.dart
DA:22,4
DA:27,0
DA:28,0
DA:32,0
DA:33,0
DA:35,0
DA:36,0
DA:38,0
DA:40,0
DA:43,0
DA:46,0
DA:48,0
DA:49,0
DA:51,0
DA:54,0
DA:55,0
DA:57,0
DA:59,0
DA:60,0
DA:62,0
DA:63,0
DA:68,0
DA:70,0
DA:71,0
DA:72,0
DA:73,0
DA:74,0
DA:75,0
DA:76,0
DA:77,0
DA:78,0
DA:80,0
DA:83,0
DA:86,0
DA:87,0
DA:88,0
DA:91,0
DA:92,0
DA:93,0
DA:96,0
DA:97,0
DA:99,0
DA:101,0
DA:102,0
DA:104,0
DA:105,0
DA:108,0
DA:109,0
DA:110,0
DA:111,0
DA:112,0
DA:113,0
DA:114,0
LF:53
LH:1
end_of_record
SF:lib/pages/budget/budget_add_page.dart
DA:31,4
DA:40,0
DA:41,0
DA:53,0
DA:55,0
DA:56,0
DA:57,0
DA:58,0
DA:59,0
DA:60,0
DA:61,0
DA:64,0
DA:66,0
DA:67,0
DA:68,0
DA:69,0
DA:72,0
DA:74,0
DA:77,0
DA:79,0
DA:80,0
DA:83,0
DA:85,0
DA:86,0
DA:88,0
DA:89,0
DA:90,0
DA:91,0
DA:93,0
DA:95,0
DA:96,0
DA:97,0
DA:100,0
DA:101,0
DA:103,0
DA:105,0
DA:106,0
DA:108,0
DA:109,0
DA:110,0
DA:115,0
DA:117,0
DA:118,0
DA:119,0
DA:121,0
DA:122,0
DA:123,0
DA:124,0
DA:125,0
DA:126,0
DA:127,0
DA:128,0
DA:130,0
DA:131,0
DA:132,0
DA:133,0
DA:135,0
DA:137,0
DA:139,0
DA:140,0
DA:141,0
DA:142,0
DA:143,0
DA:144,0
DA:147,0
DA:148,0
DA:149,0
DA:150,0
DA:151,0
DA:156,0
DA:158,0
DA:159,0
DA:160,0
DA:161,0
DA:163,0
DA:164,0
DA:166,0
DA:167,0
DA:168,0
DA:169,0
DA:170,0
DA:172,0
DA:175,0
DA:177,0
DA:178,0
DA:182,0
DA:183,0
DA:184,0
DA:186,0
DA:187,0
DA:188,0
DA:192,0
DA:193,0
DA:194,0
DA:195,0
DA:197,0
DA:198,0
DA:200,0
DA:202,0
DA:203,0
DA:204,0
DA:205,0
DA:206,0
DA:209,0
DA:210,0
DA:211,0
DA:212,0
DA:213,0
DA:214,0
DA:218,0
DA:225,0
DA:227,0
DA:229,0
DA:230,0
DA:231,0
DA:232,0
DA:233,0
LF:117
LH:1
end_of_record
SF:lib/pages/budget/budget_edit_page.dart
DA:12,0
DA:17,0
DA:18,0
DA:25,0
DA:27,0
DA:28,0
DA:31,0
DA:32,0
DA:35,0
DA:36,0
DA:37,0
DA:38,0
DA:39,0
DA:40,0
DA:41,0
DA:42,0
DA:43,0
DA:47,0
DA:49,0
DA:52,0
DA:54,0
DA:55,0
DA:56,0
DA:57,0
DA:58,0
DA:59,0
DA:60,0
DA:61,0
DA:62,0
DA:65,0
DA:67,0
DA:70,0
DA:72,0
DA:73,0
LF:34
LH:0
end_of_record
SF:lib/pages/budget/budget_view_page.dart
DA:24,0
DA:29,0
DA:30,0
DA:37,0
DA:39,0
DA:40,0
DA:43,0
DA:46,0
DA:48,0
DA:49,0
DA:50,0
DA:51,0
DA:52,0
DA:53,0
DA:55,0
DA:56,0
DA:59,0
DA:61,0
DA:63,0
DA:65,0
DA:72,0
DA:73,0
DA:74,0
DA:77,0
DA:79,0
DA:81,0
DA:85,0
DA:86,0
DA:87,0
DA:88,0
DA:89,0
DA:90,0
DA:91,0
DA:92,0
DA:93,0
DA:94,0
DA:95,0
DA:100,0
DA:102,0
DA:103,0
DA:104,0
DA:105,0
DA:107,0
DA:109,0
DA:110,0
DA:111,0
DA:112,0
DA:113,0
DA:114,0
DA:117,0
DA:118,0
DA:121,0
DA:122,0
DA:123,0
DA:124,0
DA:125,0
DA:127,0
DA:128,0
DA:130,0
DA:131,0
DA:132,0
DA:134,0
DA:135,0
DA:136,0
DA:137,0
LF:65
LH:0
end_of_record
SF:lib/pages/currency/currency_page.dart
DA:21,4
DA:23,0
DA:24,0
DA:31,0
DA:33,0
DA:34,0
DA:37,0
DA:38,0
DA:40,0
DA:41,0
DA:43,0
DA:45,0
DA:47,0
DA:48,0
DA:53,0
DA:54,0
DA:55,0
DA:56,0
DA:59,0
DA:62,0
DA:64,0
DA:68,0
DA:70,0
DA:71,0
DA:72,0
DA:73,0
DA:74,0
DA:75,0
DA:76,0
DA:77,0
DA:78,0
DA:79,0
DA:80,0
DA:81,0
DA:82,0
DA:83,0
DA:84,0
DA:85,0
DA:89,0
DA:90,0
DA:91,0
DA:92,0
DA:93,0
DA:94,0
DA:96,0
DA:97,0
DA:98,0
DA:99,0
DA:101,0
DA:103,0
DA:104,0
DA:105,0
DA:106,0
DA:107,0
DA:108,0
DA:109,0
DA:110,0
DA:113,0
DA:114,0
DA:115,0
DA:121,0
DA:122,0
DA:123,0
DA:125,0
DA:128,0
DA:129,0
DA:130,0
DA:131,0
DA:132,0
DA:140,0
LF:70
LH:1
end_of_record
SF:lib/pages/goal/goal_add_page.dart
DA:29,4
DA:39,0
DA:40,0
DA:53,0
DA:55,0
DA:56,0
DA:57,0
DA:58,0
DA:59,0
DA:60,0
DA:61,0
DA:62,0
DA:65,0
DA:67,0
DA:68,0
DA:69,0
DA:70,0
DA:73,0
DA:74,0
DA:76,0
DA:77,0
DA:78,0
DA:81,0
DA:82,0
DA:83,0
DA:85,0
DA:86,0
DA:87,0
DA:89,0
DA:91,0
DA:92,0
DA:93,0
DA:94,0
DA:98,0
DA:99,0
DA:101,0
DA:103,0
DA:104,0
DA:106,0
DA:107,0
DA:108,0
DA:109,0
DA:112,0
DA:113,0
DA:116,0
DA:121,0
DA:123,0
DA:124,0
DA:126,0
DA:127,0
DA:128,0
DA:129,0
DA:130,0
DA:131,0
DA:132,0
DA:133,0
DA:134,0
DA:135,0
DA:136,0
DA:138,0
DA:140,0
DA:142,0
DA:143,0
DA:145,0
DA:146,0
DA:147,0
DA:148,0
DA:149,0
DA:150,0
DA:153,0
DA:154,0
DA:155,0
DA:156,0
DA:157,0
DA:162,0
DA:164,0
DA:165,0
DA:167,0
DA:168,0
DA:169,0
DA:170,0
DA:172,0
DA:173,0
DA:174,0
DA:177,0
DA:178,0
DA:179,0
DA:180,0
DA:182,0
DA:183,0
DA:184,0
DA:190,0
DA:191,0
DA:193,0
DA:194,0
DA:195,0
LF:96
LH:1
end_of_record
SF:lib/pages/goal/goal_edit_page.dart
DA:12,0
DA:17,0
DA:18,0
DA:25,0
DA:27,0
DA:28,0
DA:31,0
DA:33,0
DA:36,0
DA:38,0
DA:39,0
DA:40,0
DA:41,0
DA:42,0
DA:43,0
DA:44,0
DA:45,0
DA:48,0
DA:49,0
DA:52,0
DA:53,0
DA:54,0
DA:55,0
DA:56,0
DA:57,0
DA:58,0
DA:59,0
DA:60,0
DA:64,0
DA:66,0
DA:69,0
DA:71,0
DA:72,0
LF:33
LH:0
end_of_record
SF:lib/pages/goal/goal_page.dart
DA:17,4
DA:19,1
DA:20,1
DA:24,1
DA:26,2
DA:29,1
DA:30,2
DA:32,1
DA:34,1
DA:35,1
DA:37,0
DA:38,1
DA:43,1
DA:45,1
DA:46,2
DA:47,1
DA:49,1
DA:50,2
DA:51,1
DA:52,1
DA:54,1
DA:56,3
DA:59,1
DA:60,1
DA:64,1
DA:65,1
DA:68,1
DA:69,0
DA:70,0
DA:71,0
DA:73,0
DA:74,0
DA:77,0
DA:78,0
DA:79,0
DA:80,0
DA:81,0
DA:82,0
DA:83,0
DA:84,0
LF:40
LH:26
end_of_record
SF:lib/pages/goal/goal_view_page.dart
DA:20,0
DA:25,0
DA:26,0
DA:32,0
DA:34,0
DA:35,0
DA:38,0
DA:40,0
DA:41,0
DA:44,0
DA:45,0
DA:46,0
DA:48,0
DA:49,0
DA:50,0
DA:52,0
DA:53,0
DA:54,0
DA:57,0
DA:60,0
DA:62,0
DA:63,0
DA:64,0
DA:65,0
DA:66,0
DA:67,0
DA:68,0
DA:70,0
DA:71,0
DA:74,0
DA:75,0
DA:77,0
DA:78,0
DA:81,0
DA:83,0
DA:85,0
DA:87,0
DA:94,0
DA:96,0
DA:97,0
DA:98,0
DA:99,0
DA:100,0
DA:101,0
DA:102,0
DA:103,0
DA:104,0
DA:105,0
DA:106,0
DA:107,0
DA:108,0
DA:109,0
DA:110,0
LF:53
LH:0
end_of_record
SF:lib/pages/home/home_page.dart
DA:36,4
DA:38,3
DA:39,3
DA:47,3
DA:49,3
DA:50,6
DA:51,6
DA:52,6
DA:53,0
DA:54,0
DA:55,0
DA:56,0
DA:58,0
DA:63,0
DA:66,0
DA:67,0
DA:68,0
DA:69,0
DA:70,0
DA:72,0
DA:74,0
DA:78,0
DA:79,0
DA:81,3
DA:83,6
DA:86,0
DA:88,0
DA:91,3
DA:93,3
DA:96,3
DA:97,3
DA:98,3
DA:101,6
DA:102,0
DA:108,3
DA:110,3
DA:111,3
DA:112,3
DA:116,6
DA:117,0
DA:119,9
DA:120,0
DA:124,0
DA:125,0
DA:130,3
DA:132,3
DA:136,6
DA:140,3
DA:141,6
DA:143,3
DA:145,3
DA:146,3
DA:148,3
DA:149,2
DA:150,3
DA:155,3
DA:157,6
DA:158,3
DA:159,0
DA:161,3
DA:164,6
DA:165,3
DA:166,3
DA:169,3
DA:173,3
DA:175,3
DA:176,0
DA:177,0
DA:179,3
DA:180,3
DA:181,3
DA:182,3
DA:183,3
DA:184,3
DA:185,3
DA:186,12
DA:188,3
DA:190,21
DA:191,6
DA:194,6
DA:197,3
DA:198,0
DA:200,3
DA:202,15
DA:203,6
DA:206,6
DA:209,3
DA:210,0
DA:211,9
DA:212,3
DA:214,15
DA:215,6
DA:218,6
DA:221,3
DA:222,0
DA:223,9
DA:225,3
DA:230,3
DA:231,0
DA:232,0
DA:233,0
DA:234,0
DA:236,3
DA:237,0
DA:238,0
DA:239,0
DA:241,6
DA:242,3
DA:243,3
DA:245,0
DA:246,0
DA:249,3
DA:250,3
DA:251,0
DA:252,0
DA:253,0
DA:254,0
DA:257,0
DA:263,3
DA:264,3
DA:266,0
DA:267,0
DA:268,0
DA:272,3
DA:274,6
DA:280,0
DA:289,0
DA:298,0
DA:307,0
LF:129
LH:80
end_of_record
SF:lib/pages/invoice/invoice_edit_page.dart
DA:13,0
DA:18,0
DA:19,0
DA:23,0
DA:25,0
DA:26,0
DA:27,0
DA:28,0
DA:29,0
DA:30,0
DA:31,0
DA:32,0
DA:33,0
DA:34,0
DA:35,0
DA:36,0
DA:38,0
DA:39,0
DA:40,0
DA:41,0
DA:42,0
DA:43,0
DA:44,0
DA:45,0
DA:46,0
LF:25
LH:0
end_of_record
SF:lib/pages/invoice/invoice_view_page.dart
DA:17,0
DA:22,0
DA:23,0
DA:29,0
DA:30,0
DA:32,0
DA:35,0
DA:37,0
DA:38,0
DA:39,0
DA:40,0
DA:41,0
DA:42,0
DA:44,0
DA:46,0
DA:49,0
DA:51,0
DA:53,0
DA:56,0
DA:63,0
DA:65,0
DA:66,0
DA:67,0
DA:68,0
DA:69,0
DA:70,0
DA:71,0
LF:27
LH:0
end_of_record
SF:lib/pages/metrics/metrics_page.dart
DA:16,4
DA:21,0
DA:22,0
DA:28,0
DA:29,0
DA:31,0
DA:34,0
DA:37,0
DA:38,0
DA:39,0
DA:40,0
DA:41,0
DA:45,0
DA:47,0
DA:48,0
DA:50,0
DA:51,0
DA:52,0
DA:53,0
DA:55,0
DA:57,0
DA:59,0
DA:61,0
DA:63,0
DA:66,0
DA:68,0
DA:69,0
LF:27
LH:1
end_of_record
SF:lib/pages/settings/settings_page.dart
DA:14,4
DA:16,0
DA:17,0
DA:21,0
DA:22,0
DA:24,0
DA:27,0
DA:30,0
DA:32,0
DA:35,0
DA:36,0
DA:37,0
DA:39,0
DA:41,0
DA:43,0
DA:45,0
DA:47,0
LF:17
LH:1
end_of_record
SF:lib/pages/start/start_page.dart
DA:19,8
DA:21,0
DA:22,0
DA:33,0
DA:34,0
DA:36,0
DA:37,0
DA:39,0
DA:40,0
DA:42,0
DA:43,0
DA:45,0
DA:48,0
DA:51,0
DA:52,0
DA:53,0
DA:54,0
DA:55,0
DA:56,0
DA:59,0
DA:60,0
DA:66,0
DA:67,0
DA:68,0
DA:71,0
DA:73,0
DA:75,0
DA:76,0
DA:77,0
DA:79,0
DA:80,0
DA:81,0
DA:83,0
DA:84,0
DA:85,0
DA:86,0
DA:88,0
DA:89,0
DA:91,0
DA:93,0
DA:94,0
DA:96,0
DA:98,0
DA:99,0
DA:101,0
DA:103,0
DA:104,0
DA:106,0
DA:108,0
DA:109,0
LF:50
LH:1
end_of_record
SF:lib/pages/subscription/subscription_page.dart
DA:17,4
DA:19,0
DA:20,0
DA:24,0
DA:27,0
DA:32,0
DA:34,0
DA:35,0
DA:36,0
DA:37,0
DA:38,0
DA:39,0
DA:40,0
DA:42,0
DA:44,0
DA:47,0
DA:48,0
DA:49,0
DA:50,0
DA:51,0
DA:54,0
DA:55,0
DA:57,0
DA:58,0
DA:59,0
DA:66,0
DA:67,0
DA:68,0
DA:69,0
DA:79,0
DA:81,0
LF:31
LH:1
end_of_record
SF:lib/pages/_interfaces/abstract_add_page.dart
DA:8,4
DA:18,0
DA:19,0
DA:20,0
DA:23,0
DA:24,0
DA:25,0
LF:7
LH:1
end_of_record
SF:lib/pages/_interfaces/abstract_page_state.dart
DA:33,3
DA:39,3
DA:40,3
DA:41,3
DA:42,6
DA:43,0
DA:49,0
DA:51,0
DA:52,0
DA:53,0
DA:55,0
DA:56,0
DA:57,0
DA:58,0
DA:60,0
DA:62,0
DA:65,0
DA:66,0
DA:67,0
DA:70,0
DA:75,0
DA:76,0
DA:77,0
DA:79,0
DA:80,0
DA:81,0
DA:83,0
DA:92,3
DA:93,3
DA:94,3
DA:95,3
DA:96,0
DA:98,0
DA:99,0
DA:100,0
DA:101,0
DA:102,0
DA:106,0
DA:109,3
DA:110,6
DA:113,6
DA:114,0
DA:120,3
DA:121,3
DA:122,3
DA:123,12
DA:127,0
DA:128,0
DA:129,0
DA:130,0
DA:131,0
DA:134,0
DA:135,0
DA:139,0
DA:140,0
DA:142,0
DA:146,0
DA:147,0
DA:148,0
DA:150,0
DA:151,0
DA:153,0
DA:154,0
DA:155,0
DA:156,0
DA:157,0
DA:158,0
DA:160,0
DA:168,3
DA:169,3
DA:170,3
DA:171,3
DA:172,6
DA:173,9
DA:174,6
DA:175,15
DA:176,3
DA:180,6
DA:181,3
DA:182,3
DA:184,3
DA:185,3
DA:186,6
DA:187,3
DA:188,3
DA:190,3
DA:194,3
DA:196,3
DA:197,6
DA:198,3
DA:199,3
DA:202,18
DA:206,3
DA:207,3
DA:208,6
DA:211,12
DA:219,3
DA:220,3
DA:223,6
DA:224,1
DA:225,6
DA:226,2
DA:228,4
DA:229,1
DA:234,3
DA:235,3
DA:236,3
DA:238,3
DA:239,3
DA:240,0
DA:241,3
DA:242,3
DA:247,3
DA:249,6
DA:250,3
DA:251,9
DA:252,6
DA:253,3
DA:254,6
DA:255,3
DA:257,3
DA:258,3
DA:259,12
DA:260,6
DA:264,0
DA:266,0
DA:269,0
DA:271,0
DA:274,3
DA:277,15
DA:278,9
DA:279,3
DA:280,0
DA:281,3
DA:285,0
DA:287,0
DA:288,0
DA:289,0
DA:292,6
DA:293,0
DA:294,3
DA:295,6
DA:296,3
DA:298,0
DA:300,3
DA:301,3
DA:302,3
DA:305,3
DA:307,0
DA:311,0
DA:312,0
DA:315,0
DA:318,3
DA:320,3
DA:321,3
DA:322,3
DA:328,3
DA:329,3
DA:330,3
DA:332,3
DA:338,0
DA:345,3
DA:349,3
LF:163
LH:94
end_of_record
SF:lib/pages/_interfaces/widgets/menu_widget.dart
DA:18,1
DA:25,1
DA:26,1
DA:27,1
DA:30,0
DA:32,0
DA:36,1
DA:38,1
DA:39,1
DA:40,1
DA:41,1
DA:42,3
DA:43,2
DA:44,2
DA:45,1
DA:47,1
DA:48,1
DA:49,2
DA:50,2
DA:52,3
DA:53,1
DA:54,1
DA:55,1
DA:58,0
DA:59,2
DA:61,1
DA:63,1
DA:64,2
DA:65,1
DA:66,1
DA:67,1
DA:68,1
DA:69,2
LF:33
LH:30
end_of_record
SF:lib/pages/about/widgets/members_tab.dart
DA:12,0
DA:13,0
DA:14,0
DA:15,0
DA:16,0
DA:17,0
DA:18,0
DA:19,0
DA:20,0
DA:21,0
DA:24,4
DA:26,0
DA:28,0
DA:29,0
DA:30,0
DA:31,0
DA:32,0
DA:33,0
DA:34,0
DA:41,0
DA:42,0
DA:43,0
DA:44,0
DA:45,0
DA:46,0
DA:47,0
DA:51,0
LF:27
LH:1
end_of_record
SF:lib/pages/about/widgets/member_widget.dart
DA:18,0
DA:19,0
DA:20,0
DA:21,0
DA:22,0
DA:23,0
DA:28,0
DA:30,0
DA:32,0
DA:33,0
DA:34,0
DA:35,0
DA:36,0
DA:37,0
DA:38,0
DA:39,0
DA:40,0
DA:41,0
DA:42,0
DA:49,0
DA:50,0
DA:51,0
DA:52,0
DA:53,0
DA:54,0
DA:55,0
DA:57,0
DA:58,0
DA:59,0
DA:60,0
DA:61,0
DA:62,0
DA:63,0
DA:64,0
DA:66,0
LF:35
LH:0
end_of_record
SF:lib/pages/account/widgets/account_line_widget.dart
DA:21,0
DA:28,0
DA:30,0
DA:31,0
DA:32,0
DA:33,0
DA:34,0
DA:35,0
DA:36,0
DA:37,0
DA:38,0
DA:39,0
DA:40,0
DA:42,0
DA:43,0
DA:45,0
DA:46,0
DA:47,0
DA:49,0
DA:50,0
DA:52,0
DA:53,0
DA:55,0
DA:56,0
DA:58,0
DA:59,0
DA:61,0
DA:62,0
DA:64,0
DA:65,0
DA:66,0
DA:67,0
DA:70,0
DA:78,0
DA:79,0
DA:80,0
DA:82,0
DA:83,0
DA:84,0
DA:85,0
DA:86,0
DA:87,0
DA:89,0
DA:90,0
DA:92,0
DA:93,0
DA:95,0
DA:96,0
DA:97,0
DA:98,0
DA:102,0
DA:105,0
DA:107,0
DA:108,0
DA:109,0
DA:110,0
DA:112,0
DA:114,0
DA:115,0
DA:116,0
DA:117,0
DA:118,0
DA:121,0
DA:122,0
DA:123,0
DA:124,0
DA:127,0
DA:128,0
DA:129,0
DA:130,0
DA:131,0
DA:134,0
DA:135,0
DA:136,0
DA:137,0
LF:75
LH:0
end_of_record
SF:lib/pages/account/widgets/header_widget.dart
DA:16,0
DA:22,0
DA:24,0
DA:25,0
DA:26,0
DA:27,0
DA:29,0
DA:30,0
DA:31,0
DA:32,0
DA:36,0
DA:37,0
DA:38,0
DA:39,0
DA:41,0
DA:43,0
DA:44,0
DA:45,0
DA:46,0
DA:47,0
DA:50,0
DA:51,0
DA:52,0
DA:53,0
DA:56,0
DA:57,0
DA:58,0
DA:59,0
DA:62,0
DA:63,0
DA:65,0
DA:66,0
LF:32
LH:0
end_of_record
SF:lib/pages/automation/widgets/sync_tab.dart
DA:21,4
DA:25,0
DA:26,0
DA:37,0
DA:39,0
DA:40,0
DA:41,0
DA:44,0
DA:45,0
DA:46,0
DA:47,0
DA:49,0
DA:50,0
DA:54,0
DA:55,0
DA:56,0
DA:57,0
DA:58,0
DA:59,0
DA:60,0
DA:61,0
DA:62,0
DA:63,0
DA:67,0
DA:69,0
DA:70,0
DA:71,0
DA:72,0
DA:73,0
DA:74,0
DA:75,0
DA:76,0
DA:77,0
DA:78,0
DA:80,0
DA:81,0
DA:82,0
DA:83,0
DA:84,0
DA:85,0
DA:86,0
DA:87,0
DA:92,0
DA:93,0
DA:94,0
DA:95,0
DA:96,0
DA:98,0
DA:99,0
DA:100,0
DA:101,0
DA:102,0
DA:103,0
DA:107,0
DA:108,0
DA:109,0
DA:110,0
DA:112,0
DA:114,0
DA:115,0
DA:116,0
DA:123,0
DA:124,0
DA:125,0
DA:127,0
DA:128,0
DA:129,0
DA:132,0
DA:134,0
DA:136,0
DA:137,0
DA:138,0
DA:141,0
DA:142,0
DA:144,0
DA:146,0
DA:147,0
DA:148,0
DA:149,0
DA:150,0
DA:151,0
DA:153,0
DA:154,0
DA:155,0
DA:156,0
DA:157,0
DA:159,0
DA:160,0
DA:161,0
DA:162,0
DA:164,0
DA:165,0
DA:166,0
DA:167,0
DA:168,0
DA:169,0
DA:171,0
DA:172,0
DA:173,0
DA:177,0
DA:178,0
DA:179,0
DA:180,0
DA:181,0
DA:183,0
DA:184,0
DA:185,0
DA:186,0
DA:187,0
DA:188,0
DA:190,0
DA:196,0
DA:198,0
DA:199,0
DA:200,0
DA:202,0
DA:204,0
DA:206,0
DA:208,0
DA:209,0
DA:210,0
DA:214,0
LF:122
LH:1
end_of_record
SF:lib/pages/bill/widgets/expenses_tab.dart
DA:40,2
DA:53,2
DA:54,2
DA:70,6
DA:71,2
DA:72,2
DA:73,2
DA:74,2
DA:76,2
DA:78,2
DA:79,6
DA:80,2
DA:81,6
DA:82,6
DA:83,6
DA:84,6
DA:85,8
DA:86,8
DA:87,6
DA:88,10
DA:89,10
DA:90,6
DA:91,14
DA:93,6
DA:94,2
DA:95,2
DA:96,2
DA:98,2
DA:101,2
DA:103,2
DA:104,4
DA:105,4
DA:106,4
DA:107,4
DA:108,2
DA:111,6
DA:113,0
DA:114,0
DA:115,0
DA:118,0
DA:119,0
DA:120,0
DA:121,0
DA:122,0
DA:124,0
DA:125,0
DA:126,0
DA:127,0
DA:128,0
DA:129,0
DA:130,0
DA:131,0
DA:135,6
DA:137,2
DA:138,2
DA:139,2
DA:141,2
DA:142,0
DA:143,0
DA:144,0
DA:147,0
DA:148,0
DA:151,2
DA:156,2
DA:158,2
DA:159,2
DA:160,6
DA:161,4
DA:162,0
DA:165,2
DA:166,2
DA:167,2
DA:168,2
DA:169,2
DA:170,2
DA:171,2
DA:172,2
DA:175,2
DA:176,4
DA:177,4
DA:178,2
DA:179,4
DA:180,2
DA:181,0
DA:182,0
DA:184,0
DA:185,0
DA:190,2
DA:193,2
DA:194,4
DA:195,2
DA:196,4
DA:197,4
DA:198,0
DA:199,0
DA:201,0
DA:202,0
DA:207,2
DA:209,2
DA:211,2
DA:212,2
DA:213,2
DA:215,2
DA:216,4
DA:217,4
DA:218,0
DA:221,2
DA:222,2
DA:223,4
DA:225,2
DA:226,2
DA:227,4
DA:229,4
DA:234,2
DA:235,10
DA:236,2
DA:238,2
DA:239,2
DA:240,6
DA:242,2
DA:243,4
DA:244,2
DA:245,4
DA:247,2
DA:248,4
DA:249,2
DA:251,2
DA:253,4
DA:254,0
LF:129
LH:97
end_of_record
SF:lib/pages/bill/widgets/income_tab.dart
DA:37,2
DA:49,0
DA:50,0
DA:64,0
DA:66,0
DA:67,0
DA:68,0
DA:69,0
DA:70,0
DA:71,0
DA:72,0
DA:73,0
DA:74,0
DA:75,0
DA:77,0
DA:78,0
DA:79,0
DA:80,0
DA:82,0
DA:85,0
DA:87,0
DA:88,0
DA:89,0
DA:90,0
DA:91,0
DA:94,0
DA:96,0
DA:97,0
DA:98,0
DA:101,0
DA:102,0
DA:103,0
DA:104,0
DA:105,0
DA:106,0
DA:107,0
DA:109,0
DA:110,0
DA:111,0
DA:115,0
DA:117,0
DA:118,0
DA:119,0
DA:121,0
DA:122,0
DA:123,0
DA:124,0
DA:127,0
DA:128,0
DA:131,0
DA:136,0
DA:138,0
DA:139,0
DA:140,0
DA:141,0
DA:142,0
DA:145,0
DA:146,0
DA:147,0
DA:148,0
DA:150,0
DA:151,0
DA:152,0
DA:153,0
DA:156,0
DA:157,0
DA:158,0
DA:159,0
DA:160,0
DA:161,0
DA:162,0
DA:164,0
DA:165,0
DA:170,0
DA:172,0
DA:174,0
DA:175,0
DA:176,0
DA:178,0
DA:179,0
DA:180,0
DA:181,0
DA:184,0
DA:185,0
DA:186,0
DA:187,0
DA:188,0
DA:190,0
DA:191,0
DA:197,0
DA:198,0
DA:199,0
DA:201,0
DA:202,0
DA:203,0
DA:205,0
DA:206,0
DA:207,0
DA:208,0
DA:210,0
DA:211,0
DA:212,0
DA:214,0
DA:216,0
DA:217,0
LF:105
LH:1
end_of_record
SF:lib/pages/bill/widgets/transfer_tab.dart
DA:37,2
DA:50,0
DA:51,0
DA:68,0
DA:70,0
DA:71,0
DA:72,0
DA:73,0
DA:74,0
DA:75,0
DA:76,0
DA:78,0
DA:79,0
DA:80,0
DA:81,0
DA:83,0
DA:86,0
DA:88,0
DA:89,0
DA:90,0
DA:91,0
DA:92,0
DA:95,0
DA:96,0
DA:97,0
DA:100,0
DA:102,0
DA:103,0
DA:104,0
DA:105,0
DA:106,0
DA:107,0
DA:108,0
DA:110,0
DA:111,0
DA:112,0
DA:116,0
DA:118,0
DA:119,0
DA:120,0
DA:122,0
DA:123,0
DA:124,0
DA:125,0
DA:128,0
DA:129,0
DA:132,0
DA:137,0
DA:139,0
DA:140,0
DA:141,0
DA:142,0
DA:143,0
DA:145,0
DA:146,0
DA:147,0
DA:148,0
DA:150,0
DA:151,0
DA:152,0
DA:153,0
DA:156,0
DA:157,0
DA:158,0
DA:159,0
DA:160,0
DA:161,0
DA:162,0
DA:164,0
DA:165,0
DA:170,0
DA:173,0
DA:174,0
DA:175,0
DA:176,0
DA:177,0
DA:178,0
DA:179,0
DA:181,0
DA:182,0
DA:187,0
DA:189,0
DA:191,0
DA:192,0
DA:193,0
DA:195,0
DA:196,0
DA:197,0
DA:198,0
DA:201,0
DA:202,0
DA:203,0
DA:204,0
DA:205,0
DA:207,0
DA:208,0
DA:214,0
DA:215,0
DA:216,0
DA:218,0
DA:219,0
DA:220,0
DA:222,0
DA:223,0
DA:224,0
DA:225,0
DA:227,0
DA:228,0
DA:229,0
DA:231,0
DA:233,0
DA:234,0
LF:112
LH:1
end_of_record
SF:lib/pages/bill/widgets/expenses_edit_tab.dart
DA:12,0
DA:23,0
DA:32,0
DA:33,0
DA:37,0
DA:39,0
DA:40,0
DA:41,0
DA:42,0
DA:43,0
DA:44,0
DA:45,0
DA:46,0
DA:47,0
DA:48,0
DA:52,0
DA:53,0
DA:55,0
DA:56,0
LF:19
LH:0
end_of_record
SF:lib/pages/bill/widgets/bill_line_widget.dart
DA:30,0
DA:47,0
DA:49,0
DA:52,0
DA:53,0
DA:55,0
DA:56,0
DA:57,0
DA:59,0
DA:60,0
DA:61,0
DA:62,0
DA:65,0
DA:66,0
DA:67,0
DA:68,0
DA:69,0
DA:72,0
DA:73,0
DA:74,0
DA:75,0
DA:78,0
DA:79,0
DA:80,0
DA:81,0
DA:82,0
DA:83,0
DA:87,0
DA:88,0
DA:89,0
DA:90,0
DA:91,0
DA:92,0
DA:96,0
DA:97,0
DA:99,0
DA:100,0
DA:105,0
DA:106,0
DA:109,0
DA:110,0
DA:112,0
DA:116,0
DA:117,0
DA:118,0
DA:119,0
DA:120,0
DA:121,0
DA:122,0
DA:125,0
DA:126,0
DA:127,0
DA:128,0
DA:129,0
DA:130,0
DA:131,0
DA:132,0
DA:133,0
DA:139,0
DA:140,0
LF:60
LH:0
end_of_record
SF:lib/pages/bill/widgets/sliver_header_delegate.dart
DA:16,0
DA:23,0
DA:24,0
DA:26,0
DA:27,0
DA:29,0
DA:32,0
DA:34,0
DA:36,0
DA:37,0
DA:42,0
DA:43,0
DA:44,0
DA:45,0
DA:46,0
DA:47,0
DA:48,0
DA:50,0
DA:51,0
DA:54,0
DA:55,0
DA:56,0
DA:60,0
DA:61,0
DA:62,0
LF:25
LH:0
end_of_record
SF:lib/pages/bill/widgets/bill_header_widget.dart
DA:20,0
DA:26,0
DA:28,0
DA:29,0
DA:30,0
DA:31,0
DA:32,0
DA:34,0
DA:35,0
DA:37,0
DA:38,0
DA:39,0
DA:40,0
DA:41,0
DA:43,0
DA:44,0
DA:45,0
DA:49,0
DA:50,0
DA:51,0
DA:54,0
DA:55,0
DA:57,0
DA:58,0
DA:59,0
DA:60,0
DA:63,0
DA:65,0
DA:66,0
DA:67,0
LF:30
LH:0
end_of_record
SF:lib/pages/bill/widgets/income_edit_tab.dart
DA:11,0
DA:23,0
DA:24,0
DA:28,0
DA:30,0
DA:31,0
DA:32,0
DA:33,0
DA:34,0
DA:35,0
DA:36,0
DA:37,0
DA:39,0
DA:40,0
DA:41,0
DA:45,0
DA:46,0
DA:48,0
DA:49,0
LF:19
LH:0
end_of_record
SF:lib/pages/bill/widgets/transfer_edit_tab.dart
DA:11,0
DA:24,0
DA:25,0
DA:29,0
DA:31,0
DA:32,0
DA:34,0
DA:35,0
DA:37,0
DA:38,0
DA:39,0
DA:40,0
DA:41,0
DA:42,0
DA:43,0
DA:44,0
DA:48,0
DA:49,0
DA:51,0
DA:52,0
LF:20
LH:0
end_of_record
SF:lib/pages/budget/widgets/header_widget.dart
DA:15,0
DA:21,0
DA:23,0
DA:24,0
DA:25,0
DA:26,0
DA:28,0
DA:29,0
DA:30,0
DA:31,0
DA:35,0
DA:36,0
DA:37,0
DA:38,0
DA:40,0
DA:42,0
DA:43,0
DA:44,0
DA:45,0
DA:46,0
DA:49,0
DA:50,0
DA:52,0
DA:55,0
DA:56,0
DA:58,0
DA:61,0
DA:62,0
DA:64,0
DA:65,0
LF:30
LH:0
end_of_record
SF:lib/pages/budget/widgets/budget_header_widget.dart
DA:18,0
DA:24,0
DA:26,0
DA:27,0
DA:28,0
DA:29,0
DA:30,0
DA:31,0
DA:33,0
DA:34,0
DA:35,0
DA:36,0
DA:37,0
DA:38,0
DA:39,0
DA:40,0
DA:42,0
DA:43,0
DA:44,0
DA:48,0
DA:49,0
DA:50,0
DA:51,0
DA:54,0
DA:55,0
DA:57,0
DA:58,0
DA:59,0
DA:60,0
LF:29
LH:0
end_of_record
SF:lib/pages/goal/widgets/goal_line_widget.dart
DA:34,0
DA:51,0
DA:53,0
DA:56,0
DA:57,0
DA:59,0
DA:60,0
DA:61,0
DA:63,0
DA:64,0
DA:66,0
DA:67,0
DA:68,0
DA:69,0
DA:70,0
DA:71,0
DA:74,0
DA:77,0
DA:78,0
DA:79,0
DA:80,0
DA:82,0
DA:83,0
DA:84,0
DA:85,0
DA:86,0
DA:87,0
DA:88,0
DA:93,0
DA:94,0
DA:95,0
DA:96,0
DA:99,0
DA:100,0
DA:102,0
DA:105,0
DA:106,0
DA:108,0
DA:111,0
DA:112,0
DA:114,0
DA:115,0
DA:118,0
DA:119,0
DA:122,0
DA:127,0
DA:129,0
LF:47
LH:0
end_of_record
SF:lib/pages/goal/widgets/header_widget.dart
DA:15,1
DA:21,1
DA:23,1
DA:24,5
DA:25,1
DA:26,2
DA:28,1
DA:29,1
DA:30,1
DA:31,3
DA:35,1
DA:36,1
DA:37,1
DA:38,1
DA:40,4
DA:42,1
DA:43,1
DA:44,1
DA:45,2
DA:46,3
DA:49,1
DA:50,1
DA:52,3
DA:55,1
DA:56,1
DA:58,5
DA:61,1
DA:62,1
DA:64,3
DA:67,1
DA:68,1
DA:70,2
DA:71,3
LF:33
LH:33
end_of_record
SF:lib/pages/goal/widgets/profit_widget.dart
DA:27,1
DA:32,4
DA:33,3
DA:34,2
DA:35,2
DA:38,1
DA:39,2
DA:40,1
DA:41,1
DA:42,0
DA:43,0
DA:46,0
DA:47,0
DA:51,1
DA:52,2
DA:53,1
DA:54,1
DA:55,1
DA:56,1
DA:59,1
DA:61,1
DA:62,2
DA:63,3
DA:64,1
DA:65,1
DA:67,1
DA:69,1
DA:70,1
DA:71,5
DA:72,1
DA:73,4
DA:77,1
DA:78,4
DA:82,1
DA:83,4
DA:87,1
DA:88,3
DA:94,1
DA:95,1
DA:97,2
DA:98,2
LF:41
LH:37
end_of_record
SF:lib/pages/home/home_edit_page.dart
DA:19,0
DA:21,0
DA:22,0
DA:29,0
DA:30,0
DA:31,0
DA:34,0
DA:35,0
DA:36,0
DA:39,0
DA:40,0
DA:41,0
DA:44,0
DA:45,0
DA:52,0
DA:55,0
DA:56,0
DA:57,0
DA:60,0
DA:61,0
DA:62,0
DA:65,0
DA:67,0
DA:68,0
DA:69,0
DA:70,0
DA:72,0
DA:73,0
DA:74,0
DA:77,0
DA:78,0
DA:79,0
DA:82,0
DA:83,0
DA:85,0
DA:88,0
DA:89,0
DA:93,0
DA:94,0
DA:96,0
DA:97,0
DA:98,0
DA:99,0
DA:100,0
DA:105,0
DA:106,0
DA:107,0
LF:47
LH:0
end_of_record
SF:lib/pages/home/widgets/init_tab.dart
DA:11,4
DA:13,0
DA:14,0
DA:18,0
DA:21,0
DA:22,0
DA:24,0
DA:27,0
DA:30,0
DA:33,0
DA:35,0
DA:37,0
DA:38,0
LF:13
LH:1
end_of_record
SF:lib/pages/home/widgets/goal_widget.dart
DA:17,3
DA:23,3
DA:25,6
DA:26,3
DA:28,6
DA:29,3
DA:31,6
DA:32,3
DA:33,3
DA:35,9
DA:36,12
DA:38,3
DA:40,3
DA:41,15
DA:48,0
DA:50,0
DA:52,0
DA:54,0
DA:55,0
LF:19
LH:14
end_of_record
SF:lib/pages/home/widgets/goal_line_widget.dart
DA:20,0
DA:26,0
DA:28,0
DA:29,0
DA:30,0
DA:31,0
DA:32,0
DA:33,0
DA:35,0
DA:36,0
DA:38,0
DA:39,0
DA:40,0
DA:41,0
DA:42,0
DA:43,0
DA:44,0
DA:48,0
DA:49,0
DA:50,0
DA:51,0
DA:54,0
DA:57,0
DA:58,0
DA:59,0
DA:62,0
DA:65,0
DA:66,0
DA:67,0
DA:70,0
DA:73,0
DA:74,0
DA:75,0
DA:76,0
DA:77,0
DA:78,0
DA:83,0
DA:86,0
DA:87,0
DA:88,0
DA:89,0
DA:92,0
DA:96,0
DA:98,0
DA:100,0
DA:101,0
DA:102,0
DA:104,0
DA:105,0
LF:49
LH:0
end_of_record
SF:lib/pages/invoice/widgets/invoice_header_widget.dart
DA:20,0
DA:26,0
DA:28,0
DA:29,0
DA:30,0
DA:31,0
DA:32,0
DA:34,0
DA:35,0
DA:37,0
DA:38,0
DA:39,0
DA:40,0
DA:41,0
DA:43,0
DA:44,0
DA:45,0
DA:49,0
DA:50,0
DA:51,0
DA:52,0
DA:54,0
DA:55,0
DA:56,0
DA:59,0
DA:60,0
DA:62,0
DA:63,0
DA:64,0
DA:65,0
DA:68,0
DA:70,0
DA:71,0
DA:72,0
LF:34
LH:0
end_of_record
SF:lib/pages/metrics/widgets/account_tab.dart
DA:26,0
DA:32,0
DA:33,0
DA:34,0
DA:35,0
DA:36,0
DA:37,0
DA:38,0
DA:39,0
DA:41,0
DA:43,0
DA:44,0
DA:48,0
DA:49,0
DA:50,0
DA:51,0
DA:52,0
DA:54,0
DA:55,0
DA:57,0
DA:59,0
DA:62,0
DA:63,0
DA:64,0
DA:65,0
DA:66,0
DA:67,0
DA:68,0
DA:74,0
DA:76,0
DA:77,0
DA:78,0
DA:79,0
DA:80,0
DA:81,0
DA:82,0
DA:83,0
DA:84,0
DA:85,0
DA:86,0
DA:91,0
DA:94,0
DA:95,0
DA:96,0
DA:97,0
DA:98,0
DA:99,0
DA:101,0
DA:104,0
DA:105,0
LF:50
LH:0
end_of_record
SF:lib/pages/metrics/widgets/bill_tab.dart
DA:20,0
DA:26,0
DA:28,0
DA:29,0
DA:30,0
DA:31,0
DA:32,0
DA:33,0
DA:34,0
DA:35,0
DA:36,0
DA:37,0
DA:40,0
DA:41,0
DA:42,0
DA:44,0
DA:47,0
DA:48,0
DA:49,0
DA:50,0
DA:51,0
LF:21
LH:0
end_of_record
SF:lib/pages/metrics/widgets/budget_tab.dart
DA:13,4
DA:18,0
DA:20,0
DA:21,0
DA:22,0
DA:23,0
DA:24,0
LF:7
LH:1
end_of_record
SF:lib/pages/settings/widgets/import_tab.dart
DA:28,4
DA:32,0
DA:33,0
DA:45,0
DA:47,0
DA:48,0
DA:49,0
DA:59,0
DA:61,0
DA:62,0
DA:63,0
DA:64,0
DA:65,0
DA:66,0
DA:67,0
DA:68,0
DA:69,0
DA:73,0
DA:78,0
DA:79,0
DA:80,0
DA:81,0
DA:82,0
DA:83,0
DA:87,0
DA:88,0
DA:89,0
DA:90,0
DA:91,0
DA:92,0
DA:94,0
DA:96,0
DA:97,0
DA:98,0
DA:100,0
DA:103,0
DA:104,0
DA:107,0
DA:108,0
DA:109,0
DA:110,0
DA:112,0
DA:113,0
DA:114,0
DA:115,0
DA:116,0
DA:117,0
DA:118,0
DA:119,0
DA:124,0
DA:126,0
DA:127,0
DA:128,0
DA:129,0
DA:131,0
DA:132,0
DA:133,0
DA:134,0
DA:135,0
DA:136,0
DA:137,0
DA:138,0
DA:139,0
DA:141,0
DA:142,0
DA:143,0
DA:144,0
DA:145,0
DA:146,0
DA:147,0
DA:148,0
DA:149,0
DA:150,0
DA:152,0
DA:153,0
DA:154,0
DA:156,0
DA:157,0
DA:158,0
DA:159,0
DA:160,0
DA:161,0
DA:162,0
DA:163,0
DA:164,0
DA:171,0
DA:172,0
DA:174,0
DA:176,0
DA:177,0
DA:178,0
DA:179,0
DA:181,0
DA:184,0
DA:186,0
DA:188,0
DA:189,0
DA:190,0
DA:191,0
DA:193,0
DA:196,0
DA:198,0
DA:199,0
DA:200,0
DA:202,0
DA:203,0
DA:204,0
DA:206,0
DA:207,0
DA:208,0
DA:209,0
DA:211,0
DA:214,0
DA:216,0
DA:217,0
DA:218,0
DA:219,0
DA:222,0
DA:224,0
DA:225,0
DA:226,0
DA:228,0
DA:231,0
DA:233,0
DA:235,0
DA:236,0
DA:237,0
DA:238,0
DA:244,0
DA:245,0
DA:248,0
DA:249,0
DA:251,0
DA:252,0
DA:253,0
DA:254,0
DA:255,0
DA:256,0
LF:138
LH:1
end_of_record
SF:lib/pages/settings/widgets/setting_tab.dart
DA:8,0
DA:11,4
DA:13,0
DA:14,0
DA:18,0
LF:5
LH:1
end_of_record
SF:lib/pages/settings/widgets/recover_tab.dart
DA:19,4
DA:21,0
DA:22,0
DA:32,0
DA:34,0
DA:35,0
DA:38,0
DA:39,0
DA:40,0
DA:43,0
DA:45,0
DA:47,0
DA:49,0
DA:51,0
DA:52,0
DA:53,0
DA:54,0
DA:55,0
DA:56,0
DA:60,0
DA:61,0
DA:62,0
DA:63,0
DA:64,0
DA:65,0
DA:66,0
DA:67,0
DA:70,0
DA:71,0
DA:72,0
DA:73,0
DA:74,0
DA:75,0
DA:76,0
DA:80,0
DA:81,0
DA:82,0
DA:84,0
DA:85,0
DA:87,0
DA:90,0
DA:91,0
DA:93,0
DA:99,0
DA:100,0
DA:101,0
DA:102,0
DA:103,0
DA:104,0
DA:105,0
LF:50
LH:1
end_of_record
SF:lib/pages/settings/widgets/recover_tab/date_time_helper_widget.dart
DA:11,4
DA:13,0
DA:15,0
DA:16,0
DA:18,0
DA:19,0
DA:20,0
DA:21,0
DA:22,0
DA:23,0
DA:24,0
DA:25,0
DA:26,0
DA:27,0
DA:28,0
DA:29,0
DA:30,0
DA:31,0
LF:18
LH:1
end_of_record
SF:lib/pages/settings/widgets/recover_tab/nav_button_widget.dart
DA:18,0
DA:27,0
DA:29,0
DA:30,0
DA:31,0
DA:32,0
DA:33,0
DA:34,0
DA:35,0
DA:36,0
DA:37,0
DA:38,0
DA:39,0
DA:40,0
DA:44,0
DA:45,0
LF:16
LH:0
end_of_record
SF:lib/pages/settings/widgets/recover_tab/recover_file_form.dart
DA:22,0
DA:31,0
DA:32,0
DA:40,0
DA:42,0
DA:43,0
DA:46,0
DA:48,0
DA:49,0
DA:50,0
DA:51,0
DA:52,0
DA:54,0
DA:55,0
DA:58,0
DA:60,0
DA:61,0
DA:62,0
DA:64,0
DA:65,0
DA:66,0
DA:68,0
DA:69,0
DA:71,0
DA:72,0
DA:73,0
DA:74,0
DA:78,0
DA:80,0
DA:82,0
DA:83,0
DA:84,0
DA:87,0
DA:88,0
DA:90,0
DA:92,0
DA:93,0
DA:94,0
LF:38
LH:0
end_of_record
SF:lib/pages/settings/widgets/recover_tab/recover_webdav_form.dart
DA:23,0
DA:32,0
DA:33,0
DA:44,0
DA:46,0
DA:47,0
DA:50,0
DA:52,0
DA:53,0
DA:54,0
DA:55,0
DA:56,0
DA:58,0
DA:59,0
DA:62,0
DA:64,0
DA:65,0
DA:66,0
DA:68,0
DA:69,0
DA:70,0
DA:72,0
DA:73,0
DA:77,0
DA:78,0
DA:79,0
DA:81,0
DA:82,0
DA:85,0
DA:86,0
DA:87,0
DA:89,0
DA:90,0
DA:95,0
DA:96,0
DA:97,0
DA:99,0
DA:100,0
DA:102,0
DA:103,0
DA:104,0
DA:105,0
DA:109,0
DA:111,0
DA:113,0
DA:114,0
DA:115,0
DA:116,0
DA:117,0
DA:119,0
DA:120,0
DA:123,0
DA:124,0
DA:126,0
DA:128,0
DA:129,0
DA:130,0
DA:131,0
DA:132,0
DA:133,0
DA:134,0
DA:136,0
DA:138,0
DA:139,0
DA:140,0
LF:65
LH:0
end_of_record
SF:lib/pages/start/widgets/setting_tab.dart
DA:33,4
DA:40,0
DA:41,0
DA:67,0
DA:69,0
DA:70,0
DA:71,0
DA:72,0
DA:73,0
DA:74,0
DA:75,0
DA:76,0
DA:79,0
DA:81,0
DA:82,0
DA:85,0
DA:86,0
DA:89,0
DA:90,0
DA:93,0
DA:95,0
DA:98,0
DA:99,0
DA:103,0
DA:104,0
DA:105,0
DA:108,0
DA:109,0
DA:110,0
DA:113,0
DA:114,0
DA:115,0
DA:116,0
DA:119,0
DA:120,0
DA:121,0
DA:124,0
DA:125,0
DA:126,0
DA:129,0
DA:130,0
DA:131,0
DA:132,0
DA:133,0
DA:134,0
DA:135,0
DA:138,0
DA:139,0
DA:141,0
DA:143,0
DA:144,0
DA:145,0
DA:146,0
DA:147,0
DA:148,0
DA:149,0
DA:150,0
DA:151,0
DA:152,0
DA:153,0
DA:156,0
DA:157,0
DA:158,0
DA:159,0
DA:160,0
DA:162,0
DA:163,0
DA:164,0
DA:165,0
DA:166,0
DA:167,0
DA:169,0
DA:170,0
DA:171,0
DA:172,0
DA:173,0
DA:174,0
DA:175,0
DA:176,0
DA:177,0
DA:178,0
DA:179,0
DA:181,0
DA:182,0
DA:183,0
DA:184,0
DA:185,0
DA:187,0
DA:188,0
DA:189,0
DA:190,0
DA:191,0
DA:192,0
DA:193,0
DA:195,0
DA:196,0
DA:197,0
DA:199,0
DA:200,0
DA:206,0
DA:207,0
DA:208,0
DA:209,0
DA:210,0
DA:211,0
DA:212,0
DA:213,0
DA:214,0
DA:215,0
DA:217,0
DA:218,0
DA:219,0
DA:220,0
DA:221,0
DA:222,0
DA:223,0
DA:224,0
DA:225,0
DA:226,0
DA:228,0
DA:229,0
DA:231,0
DA:233,0
DA:234,0
DA:235,0
DA:236,0
DA:238,0
DA:239,0
DA:240,0
DA:241,0
DA:242,0
DA:244,0
DA:248,0
DA:250,0
DA:251,0
DA:252,0
DA:253,0
DA:254,0
DA:256,0
DA:261,0
DA:262,0
DA:263,0
DA:264,0
DA:265,0
DA:266,0
DA:267,0
DA:268,0
DA:270,0
DA:271,0
DA:272,0
DA:273,0
DA:274,0
DA:275,0
DA:276,0
DA:277,0
DA:279,0
DA:280,0
DA:281,0
DA:282,0
DA:283,0
DA:284,0
DA:285,0
DA:286,0
DA:288,0
DA:289,0
DA:290,0
DA:291,0
DA:292,0
DA:293,0
DA:294,0
DA:295,0
DA:297,0
DA:298,0
DA:299,0
DA:300,0
DA:301,0
DA:302,0
DA:303,0
DA:304,0
DA:306,0
DA:307,0
DA:308,0
DA:309,0
DA:310,0
DA:311,0
DA:312,0
DA:313,0
DA:315,0
DA:316,0
DA:317,0
DA:318,0
DA:319,0
DA:320,0
DA:321,0
DA:322,0
DA:324,0
DA:325,0
DA:326,0
DA:327,0
DA:328,0
DA:329,0
DA:330,0
DA:331,0
DA:337,0
DA:340,0
DA:341,0
DA:342,0
DA:343,0
DA:344,0
DA:345,0
DA:348,0
DA:349,0
DA:351,0
DA:356,0
DA:357,0
DA:358,0
DA:359,0
DA:360,0
DA:364,0
DA:367,0
LF:220
LH:1
end_of_record
SF:lib/pages/start/widgets/usage_tab.dart
DA:10,0
DA:17,0
DA:18,0
DA:22,0
DA:23,0
DA:25,0
DA:27,0
DA:28,0
DA:29,0
DA:30,0
DA:31,0
DA:32,0
DA:34,0
LF:13
LH:0
end_of_record
SF:lib/pages/start/widgets/account_tab.dart
DA:18,0
DA:25,0
DA:26,0
DA:30,0
DA:32,0
DA:33,0
DA:36,0
DA:37,0
DA:38,0
DA:42,0
DA:44,0
DA:45,0
DA:46,0
DA:50,0
DA:52,0
DA:53,0
DA:54,0
DA:55,0
DA:56,0
DA:57,0
DA:58,0
DA:59,0
DA:60,0
DA:61,0
DA:67,0
DA:69,0
LF:26
LH:0
end_of_record
SF:lib/pages/start/widgets/budget_tab.dart
DA:18,0
DA:25,0
DA:26,0
DA:30,0
DA:32,0
DA:33,0
DA:36,0
DA:37,0
DA:38,0
DA:42,0
DA:44,0
DA:45,0
DA:46,0
DA:50,0
DA:52,0
DA:53,0
DA:54,0
DA:55,0
DA:56,0
DA:57,0
DA:58,0
DA:59,0
DA:60,0
DA:61,0
DA:67,0
DA:69,0
LF:26
LH:0
end_of_record
SF:lib/pages/start/widgets/privacy_tab.dart
DA:11,0
DA:18,0
DA:19,0
DA:23,0
DA:24,0
DA:26,0
DA:28,0
DA:29,0
DA:32,0
DA:34,0
DA:35,0
DA:36,0
DA:37,0
DA:38,0
DA:39,0
DA:41,0
LF:16
LH:0
end_of_record
SF:lib/pages/start/widgets/abstract_tab.dart
DA:14,4
DA:27,0
DA:29,0
DA:30,0
DA:32,0
DA:33,0
DA:38,0
DA:40,0
DA:41,0
DA:42,0
DA:43,0
DA:44,0
DA:48,0
DA:49,0
DA:50,0
LF:15
LH:1
end_of_record
SF:lib/pages/subscription/widgets/apple_widget.dart
DA:13,4
DA:15,0
DA:17,0
DA:18,0
DA:20,0
DA:23,0
DA:24,0
DA:26,0
DA:27,0
DA:28,0
DA:30,0
DA:32,0
DA:33,0
DA:34,0
DA:36,0
DA:38,0
DA:39,0
DA:40,0
LF:18
LH:1
end_of_record
SF:lib/pages/subscription/widgets/google_widget.dart
DA:14,4
DA:16,0
DA:18,0
LF:3
LH:1
end_of_record
SF:lib/pages/subscription/widgets/other_widget.dart
DA:11,4
DA:13,0
DA:15,0
DA:16,0
DA:18,0
DA:19,0
DA:20,0
DA:24,0
DA:25,0
DA:26,0
DA:30,0
DA:31,0
DA:32,0
DA:36,0
DA:37,0
DA:38,0
DA:42,0
DA:43,0
DA:44,0
LF:19
LH:1
end_of_record
SF:lib/pages/subscription/widgets/purchase_widget.dart
DA:26,0
DA:28,0
DA:29,0
DA:35,0
DA:36,0
DA:37,0
DA:39,0
DA:40,0
DA:41,0
DA:45,0
DA:47,0
DA:48,0
DA:49,0
DA:50,0
DA:51,0
DA:52,0
DA:53,0
DA:54,0
DA:55,0
DA:56,0
DA:57,0
DA:58,0
DA:59,0
DA:60,0
DA:61,0
DA:62,0
DA:64,0
DA:68,0
DA:69,0
DA:70,0
DA:71,0
DA:74,0
DA:75,0
DA:78,0
DA:79,0
DA:80,0
DA:81,0
DA:85,0
DA:88,0
DA:89,0
DA:90,0
DA:91,0
DA:94,0
DA:97,0
DA:101,0
DA:102,0
DA:103,0
DA:104,0
DA:105,0
DA:108,0
DA:109,0
DA:110,0
DA:111,0
DA:113,0
DA:115,0
DA:116,0
DA:118,0
DA:132,0
DA:134,0
DA:135,0
DA:136,0
DA:137,0
DA:138,0
DA:139,0
DA:144,0
LF:65
LH:0
end_of_record
