SF:lib/_classes/gen/generate_list_of_classes.dart
DA:7,1
LF:1
LH:1
end_of_record
SF:lib/_mixins/shared_preferences_mixin.dart
DA:16,1
DA:18,0
DA:19,0
DA:22,4
DA:23,8
LF:5
LH:3
end_of_record
SF:lib/_classes/gen/generate_gherkin_resources.dart
DA:7,2
LF:1
LH:1
end_of_record
SF:lib/_classes/app_theme.dart
DA:9,2
DA:10,2
DA:12,1
DA:16,1
DA:17,1
DA:19,0
DA:20,0
DA:21,0
DA:22,0
DA:27,0
DA:28,0
DA:29,0
LF:12
LH:5
end_of_record
SF:lib/_classes/app_data.dart
DA:63,2
DA:64,1
DA:65,2
DA:66,2
DA:69,0
DA:70,0
DA:71,0
DA:72,0
DA:75,0
DA:76,0
DA:77,0
DA:78,0
DA:79,0
DA:81,0
DA:84,0
DA:85,0
DA:86,0
DA:90,0
DA:91,0
DA:92,0
DA:93,0
DA:96,0
DA:97,0
DA:98,0
DA:100,0
DA:101,0
DA:102,0
DA:104,0
DA:112,0
DA:113,0
DA:115,0
DA:118,0
DA:122,0
DA:123,0
DA:124,0
DA:125,0
DA:126,0
DA:127,0
DA:129,0
DA:130,0
DA:134,0
DA:136,0
DA:137,0
DA:139,0
DA:140,0
DA:142,0
DA:143,0
DA:145,0
DA:146,0
DA:148,0
DA:149,0
DA:154,0
DA:155,0
DA:156,0
DA:157,0
DA:161,0
DA:162,0
DA:164,0
DA:167,0
DA:169,0
DA:171,0
DA:173,0
DA:176,0
DA:178,0
DA:179,0
DA:182,0
DA:184,0
DA:186,0
DA:187,0
DA:188,0
DA:192,0
DA:193,0
DA:194,0
DA:195,0
DA:196,0
DA:197,0
DA:198,0
DA:202,0
DA:203,0
DA:204,0
DA:205,0
DA:206,0
DA:207,0
DA:208,0
DA:212,0
DA:213,0
DA:214,0
DA:215,0
DA:219,1
DA:221,1
DA:222,1
DA:226,1
DA:227,3
DA:228,1
DA:229,1
DA:230,1
DA:233,0
DA:234,0
DA:235,0
DA:236,0
DA:237,0
DA:240,1
DA:241,3
DA:244,0
DA:245,0
DA:246,0
DA:250,0
DA:251,0
DA:254,0
DA:255,0
LF:110
LH:14
end_of_record
SF:lib/_classes/gen/generate_with_method_setters.dart
DA:7,1
LF:1
LH:1
end_of_record
SF:lib/main.dart
DA:42,0
DA:43,0
DA:44,0
DA:46,0
DA:47,0
DA:49,0
DA:50,0
DA:51,0
DA:54,0
DA:55,0
DA:56,0
DA:59,0
DA:60,0
DA:61,0
DA:62,0
DA:63,0
DA:64,0
DA:66,0
DA:67,0
DA:70,0
DA:77,1
DA:79,1
DA:80,1
DA:86,1
DA:87,1
DA:88,1
DA:89,2
DA:90,2
DA:91,0
DA:94,0
DA:95,0
DA:96,0
DA:97,0
DA:98,0
DA:99,0
DA:100,0
DA:101,0
DA:102,0
DA:103,0
DA:104,0
DA:105,0
DA:106,0
DA:107,0
DA:108,0
DA:109,0
DA:110,0
DA:111,0
DA:112,0
DA:113,0
DA:114,0
DA:115,0
DA:118,1
DA:119,0
DA:120,2
DA:121,2
DA:122,0
DA:123,0
DA:124,0
DA:125,0
DA:126,0
DA:127,0
DA:128,0
DA:129,2
DA:130,0
DA:131,0
DA:132,0
DA:133,0
DA:135,1
DA:136,1
DA:138,0
DA:141,1
DA:142,2
DA:143,3
DA:146,1
DA:148,1
DA:152,1
DA:154,2
DA:157,1
DA:159,2
DA:162,2
DA:163,1
DA:164,1
LF:82
LH:26
end_of_record
SF:lib/_classes/currency/cryptocurrencies.dart
DA:6,3
DA:7,1
DA:8,1
DA:9,1
DA:10,1
DA:11,1
DA:12,1
DA:13,1
DA:14,1
DA:15,1
DA:16,1
DA:17,1
DA:18,1
DA:19,1
DA:20,1
DA:21,1
DA:22,1
DA:23,1
DA:24,1
DA:25,1
DA:26,1
DA:27,1
DA:28,1
DA:29,1
DA:30,1
DA:31,1
DA:32,1
DA:33,1
DA:34,1
DA:35,1
DA:36,1
DA:37,1
DA:38,1
DA:39,1
DA:40,1
DA:41,1
DA:44,3
LF:37
LH:37
end_of_record
SF:lib/_classes/currency/currency_provider.dart
DA:12,3
DA:14,1
DA:15,2
DA:16,4
DA:20,1
DA:21,2
DA:22,2
DA:23,3
DA:24,1
DA:25,1
DA:26,2
DA:27,2
DA:28,2
DA:29,2
DA:31,1
DA:32,1
DA:36,1
DA:37,1
DA:40,1
DA:41,1
DA:42,3
DA:45,1
DA:46,1
DA:47,3
LF:24
LH:24
end_of_record
SF:lib/_classes/app_menu.dart
DA:14,1
DA:15,3
DA:18,0
DA:19,0
DA:22,1
DA:23,2
DA:26,1
DA:27,1
DA:28,1
DA:29,2
DA:33,1
DA:34,2
DA:38,1
DA:39,2
DA:43,1
DA:44,2
DA:48,1
DA:49,2
DA:53,1
DA:54,2
DA:58,1
DA:59,2
DA:63,1
DA:64,2
DA:68,1
DA:69,2
DA:73,1
DA:74,2
LF:28
LH:26
end_of_record
SF:lib/_classes/app_menu_item.dart
DA:12,1
LF:1
LH:1
end_of_record
SF:lib/_classes/delayed_call.dart
DA:13,1
DA:15,1
DA:16,1
DA:17,1
DA:18,4
DA:21,0
DA:22,0
DA:23,0
LF:8
LH:5
end_of_record
SF:lib/_classes/focus_controller.dart
DA:11,3
DA:12,3
DA:13,1
DA:14,2
DA:15,3
DA:17,3
DA:19,1
DA:20,4
DA:24,2
DA:26,1
DA:27,2
DA:28,4
DA:29,2
DA:30,3
DA:32,3
DA:35,1
DA:36,3
DA:38,2
DA:41,1
DA:42,4
DA:45,1
DA:46,1
DA:49,1
DA:50,2
DA:51,4
DA:52,7
DA:56,1
DA:57,3
DA:61,2
DA:62,2
DA:63,3
DA:64,0
DA:65,0
DA:67,1
DA:70,1
DA:74,1
DA:75,0
DA:77,1
DA:78,0
DA:79,0
DA:87,0
DA:88,0
DA:89,0
DA:90,0
DA:92,0
DA:93,0
DA:99,1
DA:101,1
DA:104,0
DA:108,1
DA:110,6
DA:112,1
DA:117,0
DA:118,0
DA:119,0
DA:120,0
DA:121,0
DA:123,0
DA:124,0
LF:59
LH:40
end_of_record
SF:lib/charts/bar_vertical_group.dart
DA:13,0
DA:21,0
DA:23,0
DA:24,0
DA:25,0
DA:26,0
DA:27,0
DA:28,0
DA:29,0
DA:30,0
DA:31,0
DA:32,0
DA:33,0
DA:34,0
DA:35,0
DA:36,0
LF:16
LH:0
end_of_record
SF:lib/charts/bar_vertical_single.dart
DA:13,0
DA:21,0
DA:23,0
DA:24,0
DA:25,0
DA:26,0
DA:27,0
DA:28,0
DA:29,0
DA:31,0
LF:10
LH:0
end_of_record
SF:lib/charts/forecast_chart.dart
DA:16,0
DA:25,0
DA:26,0
DA:30,0
DA:32,0
DA:33,0
DA:34,0
DA:38,0
DA:41,0
DA:43,0
DA:44,0
DA:46,0
DA:47,0
DA:48,0
DA:49,0
DA:51,0
DA:53,0
DA:55,0
DA:56,0
DA:57,0
DA:58,0
DA:62,0
DA:63,0
DA:64,0
LF:24
LH:0
end_of_record
SF:lib/charts/forecast_chart_painter.dart
DA:16,0
DA:26,0
DA:31,0
DA:33,0
DA:38,0
DA:39,0
DA:40,0
DA:41,0
DA:42,0
DA:46,0
DA:47,0
DA:48,0
DA:50,0
DA:54,0
DA:55,0
DA:56,0
DA:57,0
DA:58,0
DA:59,0
DA:60,0
DA:61,0
DA:62,0
DA:64,0
DA:66,0
DA:67,0
DA:68,0
LF:26
LH:0
end_of_record
SF:lib/charts/foreground_chart_painter.dart
DA:25,0
DA:38,0
DA:39,0
DA:40,0
DA:41,0
DA:42,0
DA:44,0
DA:46,0
DA:49,0
DA:51,0
DA:52,0
DA:53,0
DA:54,0
DA:55,0
DA:59,0
DA:60,0
DA:61,0
DA:62,0
DA:63,0
DA:64,0
DA:65,0
DA:66,0
DA:67,0
DA:68,0
DA:69,0
DA:75,0
DA:76,0
DA:77,0
DA:79,0
DA:80,0
DA:81,0
DA:86,0
DA:87,0
DA:88,0
DA:91,0
DA:94,0
DA:95,0
DA:96,0
DA:97,0
DA:98,0
DA:99,0
DA:100,0
DA:101,0
DA:102,0
DA:103,0
DA:107,0
DA:108,0
DA:111,0
DA:112,0
DA:113,0
DA:114,0
DA:115,0
DA:116,0
DA:117,0
DA:120,0
DA:121,0
DA:122,0
DA:124,0
DA:125,0
DA:127,0
DA:128,0
DA:129,0
DA:130,0
DA:131,0
DA:132,0
DA:133,0
DA:134,0
DA:135,0
DA:136,0
DA:138,0
DA:140,0
DA:141,0
DA:142,0
DA:143,0
DA:144,0
DA:152,0
LF:76
LH:0
end_of_record
SF:lib/charts/radial_bar_chart.dart
DA:12,0
DA:19,0
DA:21,0
DA:23,0
DA:24,0
DA:25,0
DA:27,0
DA:28,0
DA:30,0
DA:31,0
DA:32,0
LF:11
LH:0
end_of_record
SF:lib/custom_text_theme.dart
DA:10,1
DA:12,1
DA:13,2
DA:14,1
DA:17,1
DA:19,1
DA:22,1
DA:24,1
DA:27,1
DA:29,1
DA:32,1
DA:34,1
DA:37,1
DA:39,1
DA:42,1
DA:44,1
DA:47,1
DA:49,1
DA:52,1
DA:54,1
DA:57,1
DA:62,2
DA:65,1
DA:67,2
DA:70,1
DA:72,0
DA:75,0
LF:27
LH:25
end_of_record
SF:lib/firebase_options.dart
DA:17,0
DA:21,0
DA:22,0
DA:24,0
DA:26,0
LF:5
LH:0
end_of_record
SF:lib/helpers/theme_helper.dart
DA:11,1
DA:15,0
DA:17,1
DA:19,4
LF:4
LH:3
end_of_record
SF:lib/routes/about_page.dart
DA:16,0
DA:18,0
DA:19,0
DA:26,0
DA:28,0
DA:29,0
DA:30,0
DA:31,0
DA:34,0
DA:37,0
DA:42,0
DA:43,0
DA:44,0
DA:47,0
DA:49,0
DA:50,0
DA:51,0
DA:52,0
DA:53,0
DA:54,0
DA:55,0
DA:56,0
DA:57,0
DA:61,0
DA:62,0
DA:63,0
DA:65,0
DA:66,0
DA:69,0
DA:70,0
DA:71,0
DA:72,0
DA:74,0
DA:75,0
DA:76,0
DA:81,0
DA:85,0
DA:86,0
DA:87,0
DA:88,0
DA:89,0
DA:92,0
DA:93,0
DA:94,0
DA:95,0
DA:98,0
DA:99,0
DA:100,0
DA:101,0
DA:107,0
DA:108,0
DA:109,0
DA:110,0
DA:111,0
DA:112,0
DA:114,0
DA:123,0
DA:125,0
LF:58
LH:0
end_of_record
SF:lib/routes/account_add_page.dart
DA:37,1
DA:46,1
DA:48,1
DA:49,1
DA:65,1
DA:67,4
DA:68,4
DA:69,3
DA:70,3
DA:71,4
DA:72,3
DA:73,3
DA:74,2
DA:75,4
DA:76,1
DA:79,1
DA:81,2
DA:84,0
DA:85,0
DA:86,0
DA:89,0
DA:90,0
DA:92,0
DA:93,0
DA:94,0
DA:95,0
DA:96,0
DA:98,0
DA:99,0
DA:101,0
DA:102,0
DA:103,0
DA:107,1
DA:108,3
DA:111,0
DA:112,0
DA:113,0
DA:116,0
DA:117,0
DA:118,0
DA:122,1
DA:124,2
DA:125,1
DA:127,1
DA:128,4
DA:129,1
DA:130,0
DA:131,1
DA:133,1
DA:135,1
DA:137,1
DA:139,2
DA:140,4
DA:148,1
DA:149,1
DA:150,4
DA:151,4
DA:152,4
DA:153,4
DA:154,4
DA:155,4
DA:159,1
DA:161,2
DA:162,4
DA:163,5
DA:164,1
DA:166,1
DA:167,2
DA:168,1
DA:169,1
DA:170,1
DA:172,1
DA:173,1
DA:174,2
DA:175,1
DA:177,1
DA:178,1
DA:179,1
DA:180,0
DA:181,4
DA:184,1
DA:185,1
DA:186,2
DA:187,1
DA:189,1
DA:190,1
DA:191,2
DA:192,4
DA:194,1
DA:195,1
DA:199,1
DA:200,1
DA:201,1
DA:202,2
DA:203,1
DA:205,1
DA:206,1
DA:207,0
DA:211,1
DA:212,1
DA:213,2
DA:214,1
DA:216,1
DA:217,1
DA:218,0
DA:222,1
DA:223,1
DA:224,2
DA:225,1
DA:227,1
DA:228,1
DA:229,2
DA:230,4
DA:235,1
DA:236,1
DA:237,2
DA:238,1
DA:240,1
DA:241,4
DA:243,1
DA:244,1
DA:245,0
DA:248,1
DA:249,1
DA:250,2
DA:251,1
DA:253,1
DA:254,1
DA:255,0
DA:256,4
DA:258,1
DA:259,1
DA:260,2
DA:261,1
DA:263,1
DA:264,1
DA:266,2
DA:267,4
DA:268,1
DA:269,1
DA:272,1
DA:273,1
DA:275,1
DA:276,1
DA:277,2
DA:278,1
DA:280,1
DA:281,2
DA:286,1
DA:287,4
DA:289,1
DA:290,0
LF:152
LH:124
end_of_record
SF:lib/routes/account_edit_page.dart
DA:14,0
DA:16,0
DA:18,0
DA:19,0
DA:26,0
DA:28,0
DA:29,0
DA:32,0
DA:33,0
DA:36,0
DA:37,0
DA:38,0
DA:39,0
DA:40,0
DA:41,0
DA:42,0
DA:43,0
DA:44,0
DA:45,0
DA:46,0
DA:47,0
DA:51,0
DA:53,0
DA:56,0
DA:58,0
DA:60,0
DA:61,0
DA:62,0
DA:63,0
DA:64,0
DA:65,0
DA:66,0
DA:68,0
DA:69,0
DA:71,0
DA:72,0
DA:73,0
DA:77,0
DA:79,0
DA:82,0
DA:84,0
DA:85,0
LF:42
LH:0
end_of_record
SF:lib/routes/account_view_page.dart
DA:20,0
DA:22,0
DA:24,0
DA:25,0
DA:29,0
DA:31,0
DA:32,0
DA:35,0
DA:36,0
DA:37,0
DA:38,0
DA:39,0
DA:42,0
DA:44,0
DA:45,0
DA:46,0
DA:47,0
DA:48,0
DA:49,0
DA:50,0
DA:51,0
DA:54,0
DA:55,0
DA:56,0
DA:63,0
DA:64,0
DA:65,0
DA:68,0
DA:70,0
DA:76,0
DA:78,0
DA:79,0
DA:80,0
DA:81,0
DA:82,0
DA:83,0
DA:84,0
DA:85,0
DA:86,0
DA:87,0
DA:88,0
DA:89,0
DA:90,0
DA:94,0
DA:95,0
DA:96,0
DA:98,0
LF:47
LH:0
end_of_record
SF:lib/routes/account_page.dart
DA:18,1
DA:20,1
DA:22,1
DA:23,1
DA:27,1
DA:29,2
DA:30,0
DA:32,2
DA:35,1
DA:37,1
DA:38,2
DA:39,2
DA:44,1
DA:46,2
DA:48,2
DA:50,0
DA:51,0
DA:52,0
DA:53,0
DA:54,0
DA:56,0
DA:60,2
DA:62,1
DA:63,1
DA:64,1
DA:65,2
DA:66,2
DA:68,6
LF:28
LH:21
end_of_record
SF:lib/routes/bill_add_page.dart
DA:15,0
DA:17,0
DA:18,0
DA:22,0
DA:24,0
DA:27,0
DA:32,0
DA:34,0
DA:35,0
DA:38,0
DA:40,0
DA:42,0
DA:43,0
DA:45,0
DA:47,0
DA:49,0
DA:51,0
DA:53,0
LF:18
LH:0
end_of_record
SF:lib/routes/bill_edit_page.dart
DA:15,0
DA:17,0
DA:19,0
DA:20,0
DA:24,0
DA:26,0
DA:29,0
DA:34,0
DA:36,0
DA:37,0
DA:40,0
DA:42,0
DA:43,0
DA:44,0
DA:45,0
DA:46,0
DA:47,0
DA:48,0
DA:49,0
DA:50,0
DA:51,0
LF:21
LH:0
end_of_record
SF:lib/routes/bill_page.dart
DA:15,0
DA:17,0
DA:18,0
DA:22,0
DA:24,0
DA:27,0
DA:29,0
DA:30,0
DA:31,0
DA:36,0
DA:38,0
DA:39,0
DA:40,0
DA:41,0
DA:42,0
DA:43,0
DA:44,0
DA:45,0
LF:18
LH:0
end_of_record
SF:lib/routes/bill_view_page.dart
DA:19,0
DA:21,0
DA:23,0
DA:24,0
DA:28,0
DA:30,0
DA:31,0
DA:34,0
DA:35,0
DA:36,0
DA:37,0
DA:38,0
DA:41,0
DA:43,0
DA:44,0
DA:45,0
DA:46,0
DA:47,0
DA:48,0
DA:49,0
DA:50,0
DA:53,0
DA:54,0
DA:55,0
DA:62,0
DA:64,0
DA:65,0
DA:66,0
DA:67,0
DA:68,0
DA:69,0
DA:70,0
DA:71,0
DA:72,0
DA:73,0
DA:74,0
DA:75,0
DA:76,0
LF:38
LH:0
end_of_record
SF:lib/routes/budget_page.dart
DA:17,0
DA:19,0
DA:21,0
DA:22,0
DA:26,0
DA:28,0
DA:29,0
DA:31,0
DA:34,0
DA:36,0
DA:37,0
DA:38,0
DA:43,0
DA:45,0
DA:47,0
DA:49,0
DA:50,0
DA:52,0
DA:56,0
DA:58,0
DA:59,0
DA:60,0
DA:61,0
DA:62,0
DA:64,0
LF:25
LH:0
end_of_record
SF:lib/routes/budget_add_page.dart
DA:32,0
DA:38,0
DA:40,0
DA:41,0
DA:52,0
DA:54,0
DA:55,0
DA:56,0
DA:57,0
DA:58,0
DA:59,0
DA:60,0
DA:63,0
DA:65,0
DA:68,0
DA:69,0
DA:70,0
DA:73,0
DA:74,0
DA:76,0
DA:77,0
DA:78,0
DA:80,0
DA:82,0
DA:83,0
DA:87,0
DA:88,0
DA:91,0
DA:92,0
DA:93,0
DA:96,0
DA:97,0
DA:98,0
DA:102,0
DA:104,0
DA:105,0
DA:106,0
DA:107,0
DA:108,0
DA:109,0
DA:110,0
DA:112,0
DA:114,0
DA:116,0
DA:118,0
DA:119,0
DA:127,0
DA:129,0
DA:130,0
DA:131,0
DA:133,0
DA:134,0
DA:135,0
DA:136,0
DA:137,0
DA:139,0
DA:140,0
DA:141,0
DA:142,0
DA:143,0
DA:144,0
DA:146,0
DA:147,0
DA:151,0
DA:152,0
DA:153,0
DA:154,0
DA:155,0
DA:157,0
DA:158,0
DA:159,0
DA:163,0
DA:164,0
DA:165,0
DA:166,0
DA:168,0
DA:169,0
DA:170,0
DA:176,0
DA:177,0
DA:178,0
DA:179,0
DA:181,0
DA:182,0
DA:184,0
DA:185,0
DA:186,0
DA:187,0
DA:190,0
DA:191,0
DA:192,0
DA:193,0
DA:195,0
DA:196,0
DA:198,0
DA:199,0
DA:200,0
LF:97
LH:0
end_of_record
SF:lib/routes/budget_edit_page.dart
DA:14,0
DA:16,0
DA:18,0
DA:19,0
DA:26,0
DA:28,0
DA:29,0
DA:32,0
DA:33,0
DA:36,0
DA:37,0
DA:38,0
DA:39,0
DA:40,0
DA:41,0
DA:42,0
DA:43,0
DA:47,0
DA:49,0
DA:52,0
DA:54,0
DA:55,0
DA:56,0
DA:57,0
DA:58,0
DA:59,0
DA:60,0
DA:63,0
DA:65,0
DA:68,0
DA:70,0
DA:71,0
LF:32
LH:0
end_of_record
SF:lib/routes/budget_view_page.dart
DA:20,0
DA:22,0
DA:24,0
DA:25,0
DA:29,0
DA:31,0
DA:32,0
DA:35,0
DA:36,0
DA:37,0
DA:38,0
DA:39,0
DA:42,0
DA:44,0
DA:45,0
DA:46,0
DA:47,0
DA:48,0
DA:49,0
DA:50,0
DA:51,0
DA:54,0
DA:55,0
DA:56,0
DA:63,0
DA:64,0
DA:65,0
DA:68,0
DA:70,0
DA:76,0
DA:78,0
DA:79,0
DA:80,0
DA:81,0
DA:82,0
DA:83,0
DA:84,0
DA:85,0
DA:86,0
DA:87,0
DA:88,0
DA:89,0
DA:90,0
DA:94,0
DA:95,0
DA:96,0
DA:98,0
LF:47
LH:0
end_of_record
SF:lib/routes/currency_page.dart
DA:17,0
DA:19,0
DA:20,0
DA:26,0
DA:28,0
DA:31,0
DA:33,0
DA:34,0
DA:35,0
DA:40,0
DA:41,0
DA:42,0
DA:44,0
DA:47,0
DA:49,0
DA:53,0
DA:55,0
DA:56,0
DA:57,0
DA:58,0
DA:59,0
DA:60,0
DA:62,0
DA:63,0
DA:64,0
DA:65,0
DA:66,0
DA:67,0
DA:68,0
DA:69,0
DA:71,0
DA:73,0
DA:74,0
DA:75,0
DA:77,0
DA:78,0
DA:79,0
DA:80,0
DA:83,0
DA:84,0
DA:85,0
DA:91,0
DA:92,0
DA:93,0
DA:95,0
LF:45
LH:0
end_of_record
SF:lib/routes/goal_add_page.dart
DA:31,0
DA:38,0
DA:40,0
DA:41,0
DA:53,0
DA:55,0
DA:56,0
DA:57,0
DA:58,0
DA:59,0
DA:60,0
DA:61,0
DA:64,0
DA:66,0
DA:69,0
DA:70,0
DA:71,0
DA:74,0
DA:75,0
DA:77,0
DA:78,0
DA:79,0
DA:80,0
DA:82,0
DA:84,0
DA:85,0
DA:86,0
DA:87,0
DA:91,0
DA:92,0
DA:95,0
DA:97,0
DA:98,0
DA:99,0
DA:100,0
DA:101,0
DA:102,0
DA:103,0
DA:104,0
DA:107,0
DA:108,0
DA:109,0
DA:112,0
DA:114,0
DA:116,0
DA:118,0
DA:120,0
DA:121,0
DA:129,0
DA:131,0
DA:132,0
DA:133,0
DA:135,0
DA:136,0
DA:137,0
DA:138,0
DA:139,0
DA:141,0
DA:142,0
DA:143,0
DA:144,0
DA:145,0
DA:146,0
DA:148,0
DA:149,0
DA:151,0
DA:152,0
DA:153,0
DA:154,0
DA:156,0
DA:158,0
DA:159,0
DA:160,0
DA:161,0
DA:163,0
DA:164,0
DA:165,0
DA:170,0
DA:171,0
DA:172,0
DA:173,0
DA:175,0
DA:177,0
DA:178,0
DA:179,0
DA:180,0
DA:182,0
DA:183,0
DA:184,0
DA:191,0
DA:192,0
DA:194,0
DA:195,0
DA:196,0
DA:197,0
DA:199,0
DA:201,0
DA:202,0
DA:203,0
DA:204,0
DA:206,0
DA:207,0
DA:209,0
DA:210,0
DA:211,0
DA:212,0
DA:218,0
DA:219,0
DA:220,0
DA:221,0
DA:223,0
DA:225,0
DA:226,0
DA:227,0
DA:228,0
DA:230,0
DA:231,0
DA:233,0
DA:234,0
DA:235,0
DA:236,0
DA:244,0
DA:245,0
DA:246,0
DA:247,0
DA:248,0
DA:249,0
LF:127
LH:0
end_of_record
SF:lib/routes/goal_edit_page.dart
DA:14,0
DA:16,0
DA:18,0
DA:19,0
DA:26,0
DA:28,0
DA:29,0
DA:32,0
DA:34,0
DA:37,0
DA:39,0
DA:40,0
DA:41,0
DA:42,0
DA:43,0
DA:44,0
DA:45,0
DA:46,0
DA:49,0
DA:50,0
DA:53,0
DA:54,0
DA:55,0
DA:56,0
DA:57,0
DA:58,0
DA:59,0
DA:60,0
DA:61,0
DA:65,0
DA:67,0
DA:70,0
DA:72,0
DA:73,0
LF:34
LH:0
end_of_record
SF:lib/routes/goal_page.dart
DA:15,0
DA:17,0
DA:18,0
DA:22,0
DA:24,0
DA:27,0
DA:29,0
DA:30,0
DA:31,0
DA:36,0
DA:38,0
DA:39,0
DA:40,0
DA:41,0
DA:42,0
DA:43,0
DA:44,0
DA:46,0
DA:47,0
DA:48,0
DA:49,0
DA:50,0
DA:51,0
DA:54,0
LF:24
LH:0
end_of_record
SF:lib/routes/goal_view_page.dart
DA:21,0
DA:23,0
DA:25,0
DA:26,0
DA:32,0
DA:34,0
DA:35,0
DA:38,0
DA:40,0
DA:41,0
DA:44,0
DA:45,0
DA:46,0
DA:47,0
DA:50,0
DA:51,0
DA:52,0
DA:54,0
DA:55,0
DA:56,0
DA:57,0
DA:58,0
DA:59,0
DA:60,0
DA:63,0
DA:65,0
DA:66,0
DA:67,0
DA:68,0
DA:69,0
DA:70,0
DA:71,0
DA:72,0
DA:73,0
DA:74,0
DA:77,0
DA:78,0
DA:79,0
DA:82,0
DA:83,0
DA:84,0
DA:91,0
DA:93,0
DA:94,0
DA:95,0
DA:96,0
DA:97,0
DA:98,0
DA:99,0
DA:100,0
DA:102,0
DA:103,0
DA:104,0
DA:105,0
DA:106,0
DA:107,0
LF:56
LH:0
end_of_record
SF:lib/routes/home_page.dart
DA:24,2
DA:26,1
DA:27,1
DA:33,1
DA:35,1
DA:36,3
DA:37,2
DA:38,0
DA:42,0
DA:44,0
DA:47,1
DA:49,1
DA:50,3
DA:52,1
DA:53,1
DA:54,1
DA:55,1
DA:60,2
DA:61,0
DA:66,1
DA:67,1
DA:77,1
DA:78,1
DA:79,1
DA:84,2
DA:85,0
DA:92,1
DA:94,1
DA:95,0
DA:96,2
DA:101,1
DA:103,2
DA:104,1
DA:105,1
DA:106,0
DA:108,1
DA:112,1
DA:114,2
DA:115,1
DA:116,1
DA:117,1
DA:118,1
DA:119,1
DA:120,5
DA:121,2
DA:122,2
DA:123,1
DA:124,1
DA:126,1
DA:127,1
DA:128,2
DA:130,1
DA:131,1
DA:132,5
DA:133,2
DA:136,2
DA:137,1
DA:139,1
DA:140,0
DA:142,1
DA:143,1
DA:144,5
DA:145,2
DA:148,2
DA:149,1
DA:151,1
DA:152,0
DA:153,3
DA:154,1
DA:156,5
DA:157,2
DA:160,2
DA:163,1
DA:164,0
DA:165,3
DA:168,0
DA:169,0
DA:177,1
DA:178,1
DA:180,1
DA:181,1
DA:182,1
LF:82
LH:70
end_of_record
SF:lib/routes/metrics_page.dart
DA:12,0
DA:14,0
DA:15,0
DA:19,0
DA:24,0
DA:26,0
DA:28,0
DA:29,0
DA:31,0
DA:33,0
DA:35,0
DA:37,0
DA:39,0
DA:42,0
DA:43,0
DA:50,0
DA:52,0
LF:17
LH:0
end_of_record
SF:lib/routes/settings_page.dart
DA:14,0
DA:16,0
DA:17,0
DA:21,0
DA:26,0
DA:28,0
DA:30,0
DA:31,0
DA:33,0
DA:35,0
DA:37,0
DA:39,0
DA:41,0
DA:44,0
DA:45,0
DA:52,0
DA:54,0
LF:17
LH:0
end_of_record
SF:lib/routes/start_page.dart
DA:18,0
DA:20,0
DA:21,0
DA:27,0
DA:29,0
DA:30,0
DA:34,0
DA:35,0
DA:36,0
DA:37,0
DA:43,0
DA:48,0
DA:53,0
DA:54,0
DA:55,0
DA:57,0
DA:61,0
DA:63,0
DA:64,0
DA:65,0
DA:66,0
DA:67,0
DA:69,0
DA:71,0
DA:72,0
DA:73,0
DA:74,0
DA:75,0
DA:76,0
DA:84,0
DA:86,0
LF:31
LH:0
end_of_record
SF:lib/routes/subscription_page.dart
DA:14,0
DA:16,0
DA:17,0
DA:21,0
DA:26,0
DA:28,0
DA:29,0
DA:30,0
DA:31,0
DA:32,0
DA:33,0
DA:34,0
DA:36,0
DA:44,0
DA:46,0
LF:15
LH:0
end_of_record
SF:lib/routes/abstract_page.dart
DA:17,3
DA:30,1
DA:31,2
DA:32,1
DA:33,3
DA:35,1
DA:36,1
DA:41,2
DA:42,0
DA:45,1
DA:46,1
DA:47,4
DA:49,1
DA:50,1
DA:51,0
DA:52,0
DA:53,0
DA:54,0
DA:55,0
DA:56,0
DA:57,0
DA:58,0
DA:59,0
DA:63,0
DA:65,0
DA:66,0
DA:77,1
DA:78,3
DA:79,4
DA:80,1
DA:82,1
DA:83,1
DA:84,1
DA:85,1
DA:86,2
DA:87,3
DA:88,4
DA:89,2
DA:91,4
DA:92,1
DA:99,1
DA:101,1
DA:102,2
DA:103,1
DA:104,1
DA:105,1
DA:106,1
DA:107,1
DA:108,1
DA:109,2
DA:110,1
DA:114,2
DA:115,1
LF:53
LH:40
end_of_record
SF:lib/widgets/_wrappers/row_widget.dart
DA:14,1
DA:23,1
DA:25,7
DA:27,1
DA:28,1
DA:30,8
DA:31,2
DA:32,2
DA:34,1
DA:35,1
DA:36,4
DA:38,1
DA:40,3
LF:13
LH:13
end_of_record
SF:lib/widgets/_wrappers/toolbar_button_widget.dart
DA:12,1
DA:19,1
DA:20,1
DA:26,1
DA:28,1
DA:29,0
DA:30,0
DA:31,1
DA:34,1
DA:36,1
DA:37,3
DA:39,1
DA:40,3
DA:41,1
DA:45,2
LF:15
LH:13
end_of_record
SF:lib/widgets/menu_widget.dart
DA:14,1
DA:21,1
DA:22,1
DA:23,1
DA:26,1
DA:28,2
DA:29,2
DA:30,5
DA:31,3
DA:33,1
DA:34,1
DA:35,1
DA:36,1
DA:39,1
DA:41,1
DA:42,1
DA:43,2
DA:47,1
DA:48,2
DA:49,2
DA:51,0
DA:53,0
LF:22
LH:20
end_of_record
SF:lib/_classes/data/account_app_data.dart
DA:15,0
DA:31,0
DA:33,0
DA:38,0
DA:41,0
DA:43,0
DA:44,0
DA:45,0
DA:46,0
DA:47,0
DA:48,0
DA:49,0
DA:50,0
DA:51,0
DA:52,0
DA:53,0
DA:54,0
DA:55,0
DA:59,0
DA:60,0
DA:61,0
DA:62,0
DA:63,0
DA:64,0
DA:65,0
DA:66,0
DA:67,0
DA:68,0
DA:69,0
DA:70,0
DA:71,0
DA:72,0
DA:73,0
DA:77,0
DA:78,0
DA:79,0
DA:80,0
DA:81,0
DA:84,0
DA:85,0
DA:86,0
DA:87,0
DA:89,0
LF:43
LH:0
end_of_record
SF:lib/widgets/_forms/color_selector.dart
DA:19,1
DA:23,1
DA:25,0
DA:26,0
DA:27,0
DA:28,0
DA:29,0
DA:30,0
DA:31,0
DA:33,0
DA:36,0
DA:38,0
DA:39,0
DA:40,0
DA:43,0
DA:44,0
DA:45,0
DA:46,0
DA:48,0
DA:50,0
DA:51,0
DA:52,0
DA:53,0
DA:54,0
DA:56,0
DA:57,0
DA:61,0
DA:62,0
DA:63,0
DA:64,0
DA:65,0
DA:67,0
DA:75,1
DA:77,5
DA:78,0
DA:79,0
DA:82,1
DA:84,0
DA:85,1
DA:88,5
DA:89,1
LF:41
LH:8
end_of_record
SF:lib/widgets/_forms/currency_selector.dart
DA:19,1
DA:20,2
DA:22,0
DA:23,0
DA:25,0
DA:26,0
DA:28,1
DA:39,1
DA:44,2
DA:46,1
DA:48,1
DA:49,3
DA:51,1
DA:53,1
DA:54,1
DA:57,0
DA:59,0
DA:62,0
DA:64,0
DA:65,0
DA:68,0
DA:70,0
DA:71,0
DA:72,0
DA:73,0
DA:74,0
DA:75,0
DA:76,0
DA:77,0
DA:81,0
DA:82,0
DA:83,0
DA:85,0
DA:86,0
DA:87,0
DA:88,0
DA:89,0
DA:90,0
DA:91,0
DA:92,0
DA:94,0
DA:95,0
DA:97,0
DA:98,0
DA:99,0
DA:106,0
DA:107,0
DA:108,0
LF:48
LH:11
end_of_record
SF:lib/widgets/_forms/date_time_input.dart
DA:23,1
DA:31,0
DA:32,0
DA:33,0
DA:34,0
DA:38,1
DA:40,4
DA:41,1
DA:42,2
DA:43,1
DA:44,3
DA:46,2
DA:47,0
DA:48,0
DA:49,0
DA:54,1
DA:58,1
DA:59,1
DA:60,1
DA:61,1
DA:62,1
DA:63,1
DA:66,1
DA:67,1
DA:68,4
DA:69,1
DA:70,1
DA:72,1
DA:73,2
DA:75,1
DA:77,0
LF:31
LH:23
end_of_record
SF:lib/widgets/_forms/icon_selector.dart
DA:16,1
DA:20,1
DA:22,0
DA:23,0
DA:24,0
DA:25,0
DA:28,1
DA:30,3
DA:31,2
DA:32,0
DA:33,0
DA:36,1
DA:37,0
DA:39,1
DA:41,1
DA:44,4
DA:45,2
DA:46,1
LF:18
LH:11
end_of_record
SF:lib/widgets/_forms/list_selector.dart
DA:14,0
DA:15,0
DA:17,0
DA:18,0
DA:21,1
DA:32,1
DA:42,0
DA:43,0
DA:46,0
DA:47,0
DA:48,0
DA:49,0
DA:53,1
DA:57,0
DA:60,0
DA:61,0
DA:62,0
DA:65,1
DA:67,3
DA:71,1
DA:72,1
DA:73,7
DA:74,1
DA:75,0
DA:76,1
DA:77,1
DA:78,1
DA:81,4
DA:84,1
DA:85,1
DA:88,1
DA:89,1
DA:90,1
DA:92,1
DA:93,1
DA:95,2
DA:99,1
LF:37
LH:22
end_of_record
SF:lib/widgets/_forms/month_year_input.dart
DA:18,1
DA:25,0
DA:26,0
DA:28,0
DA:29,0
DA:30,0
DA:32,0
DA:37,0
DA:38,0
DA:42,1
DA:44,2
DA:45,1
DA:46,3
DA:47,0
DA:48,0
DA:49,0
DA:53,1
DA:54,4
DA:55,1
DA:56,1
DA:57,1
DA:58,1
DA:60,0
LF:23
LH:11
end_of_record
SF:lib/widgets/_forms/simple_input.dart
DA:18,4
DA:20,1
DA:29,1
DA:30,0
DA:34,1
DA:36,1
DA:37,1
DA:38,1
DA:39,1
DA:40,1
DA:41,1
DA:42,0
DA:43,0
DA:44,4
DA:45,1
DA:48,4
DA:49,1
DA:50,1
LF:18
LH:15
end_of_record
SF:lib/widgets/_wrappers/required_widget.dart
DA:12,1
DA:18,1
DA:20,2
DA:21,1
DA:23,1
DA:24,1
DA:25,2
DA:26,1
DA:28,2
DA:29,1
DA:30,1
DA:31,1
DA:32,3
DA:35,1
DA:36,0
DA:38,0
DA:39,0
LF:17
LH:14
end_of_record
SF:lib/_classes/currency/exchange.dart
DA:15,1
DA:19,1
DA:20,3
DA:21,1
DA:25,0
DA:27,0
DA:28,0
DA:30,0
DA:34,0
DA:36,0
LF:10
LH:4
end_of_record
SF:lib/widgets/home/account_widget.dart
DA:20,1
DA:33,1
DA:37,1
DA:39,1
DA:40,2
DA:41,0
DA:42,0
DA:43,0
DA:45,0
DA:46,0
DA:48,0
DA:49,0
DA:52,3
DA:53,2
DA:57,0
DA:58,0
DA:61,0
DA:62,0
DA:63,0
DA:64,0
DA:65,0
DA:67,0
DA:71,0
DA:73,0
DA:74,0
DA:75,0
DA:78,0
DA:79,0
DA:80,0
DA:81,0
DA:82,0
DA:83,0
DA:85,0
DA:88,0
DA:89,0
DA:90,0
DA:91,0
DA:92,0
DA:93,0
DA:94,0
DA:95,0
DA:96,0
DA:97,0
DA:100,0
DA:104,0
DA:105,0
DA:106,0
DA:107,0
DA:108,0
DA:109,0
DA:110,0
DA:111,0
DA:112,0
DA:113,0
DA:114,0
DA:116,0
LF:56
LH:7
end_of_record
SF:lib/widgets/home/base_line_widget.dart
DA:24,0
DA:38,0
DA:40,0
DA:41,0
DA:43,0
DA:47,0
DA:48,0
DA:49,0
DA:50,0
DA:52,0
DA:53,0
DA:55,0
DA:56,0
DA:57,0
DA:59,0
DA:60,0
DA:61,0
DA:62,0
DA:63,0
DA:65,0
DA:67,0
DA:68,0
DA:69,0
DA:70,0
DA:73,0
DA:74,0
DA:75,0
DA:84,0
DA:85,0
DA:86,0
DA:87,0
DA:88,0
DA:90,0
DA:91,0
DA:92,0
DA:99,0
LF:36
LH:0
end_of_record
SF:lib/widgets/home/base_list_infinite_widget.dart
DA:16,1
DA:24,1
DA:25,1
DA:34,1
DA:36,1
DA:37,1
DA:38,3
DA:41,1
DA:43,2
DA:44,1
DA:47,1
DA:48,3
DA:49,2
DA:50,2
DA:51,1
DA:52,2
DA:53,4
DA:54,4
DA:55,3
DA:57,6
DA:63,0
DA:64,0
DA:65,0
DA:66,0
DA:67,0
DA:68,0
DA:69,0
DA:73,1
DA:75,2
DA:76,1
DA:78,1
DA:79,1
DA:80,3
DA:81,1
DA:82,1
DA:83,1
DA:84,4
DA:85,1
DA:93,0
DA:94,0
DA:95,0
DA:97,0
LF:42
LH:31
end_of_record
SF:lib/widgets/_wrappers/tab_widget.dart
DA:16,0
DA:24,0
DA:25,0
DA:35,0
DA:37,0
DA:38,0
DA:41,0
DA:42,0
DA:43,0
DA:44,0
DA:45,0
DA:46,0
DA:47,0
DA:49,0
DA:53,0
DA:55,0
DA:56,0
DA:57,0
DA:60,0
DA:61,0
DA:62,0
DA:65,0
DA:66,0
DA:69,0
DA:71,0
DA:72,0
DA:73,0
DA:78,0
DA:79,0
DA:81,0
DA:86,0
DA:87,0
DA:88,0
DA:89,0
DA:90,0
DA:91,0
DA:92,0
DA:93,0
DA:94,0
DA:96,0
DA:97,0
DA:100,0
DA:101,0
DA:102,0
DA:103,0
DA:108,0
DA:110,0
DA:111,0
DA:113,0
DA:114,0
DA:115,0
DA:117,0
DA:118,0
DA:119,0
DA:120,0
DA:121,0
DA:122,0
DA:125,0
DA:126,0
DA:127,0
DA:128,0
DA:129,0
DA:130,0
DA:131,0
DA:132,0
LF:65
LH:0
end_of_record
SF:lib/widgets/bill/expenses_tab.dart
DA:35,1
DA:45,0
DA:46,0
DA:61,0
DA:63,0
DA:64,0
DA:65,0
DA:66,0
DA:67,0
DA:68,0
DA:69,0
DA:70,0
DA:73,0
DA:74,0
DA:75,0
DA:76,0
DA:78,0
DA:79,0
DA:80,0
DA:81,0
DA:83,0
DA:84,0
DA:85,0
DA:86,0
DA:88,0
DA:89,0
DA:93,0
DA:94,0
DA:95,0
DA:98,0
DA:99,0
DA:100,0
DA:101,0
DA:103,0
DA:104,0
DA:105,0
DA:106,0
DA:107,0
DA:108,0
DA:109,0
DA:113,0
DA:114,0
DA:117,0
DA:118,0
DA:119,0
DA:120,0
DA:121,0
DA:122,0
DA:123,0
DA:124,0
DA:125,0
DA:128,0
DA:129,0
DA:132,0
DA:134,0
DA:136,0
DA:138,0
DA:140,0
DA:141,0
DA:149,0
DA:152,0
DA:153,0
DA:154,0
DA:155,0
DA:157,0
DA:158,0
DA:159,0
DA:160,0
DA:161,0
DA:163,0
DA:164,0
DA:165,0
DA:166,0
DA:167,0
DA:168,0
DA:170,0
DA:171,0
DA:172,0
DA:173,0
DA:175,0
DA:176,0
DA:177,0
DA:178,0
DA:179,0
DA:180,0
DA:182,0
DA:186,0
DA:187,0
DA:188,0
DA:189,0
DA:191,0
DA:192,0
DA:193,0
DA:194,0
DA:195,0
DA:196,0
DA:197,0
DA:199,0
DA:203,0
DA:204,0
DA:208,0
DA:209,0
DA:210,0
DA:211,0
DA:212,0
DA:214,0
DA:215,0
DA:217,0
DA:218,0
DA:219,0
DA:220,0
DA:224,0
DA:225,0
DA:226,0
DA:227,0
DA:229,0
DA:230,0
DA:232,0
DA:233,0
DA:234,0
DA:235,0
DA:236,0
DA:242,0
DA:243,0
DA:244,0
DA:246,0
DA:247,0
DA:248,0
DA:249,0
DA:250,0
DA:251,0
DA:252,0
DA:254,0
DA:255,0
DA:256,0
DA:258,0
DA:259,0
DA:260,0
DA:261,0
DA:263,0
DA:264,0
DA:265,0
DA:266,0
DA:268,0
DA:269,0
DA:271,0
DA:272,0
DA:278,0
LF:148
LH:1
end_of_record
SF:lib/widgets/bill/income_tab.dart
DA:30,1
DA:37,0
DA:38,0
DA:50,0
DA:52,0
DA:53,0
DA:54,0
DA:55,0
DA:56,0
DA:59,0
DA:60,0
DA:61,0
DA:62,0
DA:63,0
DA:64,0
DA:65,0
DA:69,0
DA:70,0
DA:71,0
DA:74,0
DA:75,0
DA:76,0
DA:77,0
DA:78,0
DA:79,0
DA:82,0
DA:83,0
DA:84,0
DA:85,0
DA:86,0
DA:87,0
DA:88,0
DA:89,0
DA:90,0
DA:93,0
DA:94,0
DA:97,0
DA:99,0
DA:101,0
DA:103,0
DA:105,0
DA:106,0
DA:114,0
DA:117,0
DA:118,0
DA:119,0
DA:120,0
DA:122,0
DA:123,0
DA:124,0
DA:125,0
DA:126,0
DA:128,0
DA:129,0
DA:130,0
DA:131,0
DA:132,0
DA:133,0
DA:135,0
DA:136,0
DA:137,0
DA:138,0
DA:140,0
DA:141,0
DA:142,0
DA:143,0
DA:144,0
DA:145,0
DA:147,0
DA:151,0
DA:152,0
DA:156,0
DA:157,0
DA:158,0
DA:159,0
DA:160,0
DA:162,0
DA:163,0
DA:165,0
DA:166,0
DA:167,0
DA:168,0
DA:172,0
DA:173,0
DA:174,0
DA:175,0
DA:177,0
DA:178,0
DA:180,0
DA:181,0
DA:182,0
DA:183,0
DA:184,0
DA:190,0
DA:191,0
DA:192,0
DA:194,0
DA:195,0
DA:196,0
DA:197,0
DA:199,0
DA:206,0
LF:102
LH:1
end_of_record
SF:lib/widgets/bill/transfer_tab.dart
DA:30,1
DA:38,0
DA:39,0
DA:51,0
DA:53,0
DA:54,0
DA:55,0
DA:56,0
DA:57,0
DA:58,0
DA:61,0
DA:62,0
DA:63,0
DA:66,0
DA:67,0
DA:68,0
DA:69,0
DA:70,0
DA:71,0
DA:72,0
DA:73,0
DA:74,0
DA:75,0
DA:78,0
DA:79,0
DA:80,0
DA:81,0
DA:82,0
DA:83,0
DA:84,0
DA:85,0
DA:86,0
DA:89,0
DA:90,0
DA:93,0
DA:95,0
DA:97,0
DA:99,0
DA:101,0
DA:102,0
DA:110,0
DA:113,0
DA:114,0
DA:115,0
DA:116,0
DA:118,0
DA:119,0
DA:120,0
DA:121,0
DA:122,0
DA:123,0
DA:124,0
DA:125,0
DA:126,0
DA:128,0
DA:129,0
DA:130,0
DA:131,0
DA:133,0
DA:134,0
DA:135,0
DA:136,0
DA:137,0
DA:141,0
DA:142,0
DA:143,0
DA:144,0
DA:146,0
DA:147,0
DA:148,0
DA:149,0
DA:150,0
DA:151,0
DA:153,0
DA:157,0
DA:158,0
DA:162,0
DA:163,0
DA:164,0
DA:165,0
DA:166,0
DA:168,0
DA:169,0
DA:171,0
DA:172,0
DA:173,0
DA:174,0
DA:178,0
DA:179,0
DA:180,0
DA:181,0
DA:183,0
DA:184,0
DA:186,0
DA:187,0
DA:188,0
DA:189,0
DA:190,0
DA:196,0
DA:197,0
DA:198,0
DA:200,0
DA:201,0
DA:202,0
DA:203,0
DA:204,0
DA:205,0
DA:212,0
LF:108
LH:1
end_of_record
SF:lib/_classes/data/bill_app_data.dart
DA:18,0
DA:31,0
DA:36,0
DA:39,0
DA:41,0
DA:42,0
DA:43,0
DA:44,0
DA:45,0
DA:46,0
DA:47,0
DA:48,0
DA:49,0
DA:53,0
DA:54,0
DA:55,0
DA:56,0
DA:57,0
DA:58,0
DA:59,0
DA:60,0
DA:61,0
DA:62,0
DA:63,0
DA:67,0
DA:68,0
DA:69,0
DA:70,0
DA:71,0
DA:74,0
DA:76,0
DA:78,0
DA:81,0
DA:82,0
DA:83,0
DA:84,0
DA:85,0
DA:88,0
DA:90,0
DA:91,0
LF:40
LH:0
end_of_record
SF:lib/widgets/bill/expenses_edit_tab.dart
DA:14,0
DA:23,0
DA:32,0
DA:33,0
DA:37,0
DA:39,0
DA:41,0
DA:42,0
DA:43,0
DA:44,0
DA:45,0
DA:46,0
DA:47,0
DA:48,0
DA:49,0
DA:53,0
DA:55,0
LF:17
LH:0
end_of_record
SF:lib/widgets/home/bill_widget.dart
DA:10,1
DA:23,1
LF:2
LH:2
end_of_record
SF:lib/_classes/data/budget_app_data.dart
DA:13,0
DA:25,0
DA:29,0
DA:34,0
DA:37,0
DA:39,0
DA:40,0
DA:41,0
DA:42,0
DA:43,0
DA:44,0
DA:45,0
DA:46,0
DA:47,0
DA:48,0
DA:52,0
DA:53,0
DA:54,0
DA:55,0
DA:56,0
DA:57,0
DA:58,0
DA:59,0
DA:60,0
DA:61,0
DA:62,0
DA:63,0
DA:67,0
DA:68,0
DA:69,0
DA:70,0
DA:73,0
DA:74,0
DA:76,0
DA:77,0
DA:78,0
DA:81,0
DA:82,0
DA:84,0
DA:85,0
DA:86,0
DA:87,0
DA:89,0
DA:90,0
LF:44
LH:0
end_of_record
SF:lib/widgets/home/budget_widget.dart
DA:15,1
DA:28,1
DA:32,0
DA:34,0
DA:35,0
DA:36,0
DA:37,0
DA:38,0
DA:39,0
DA:40,0
DA:41,0
DA:42,0
DA:45,0
DA:48,0
DA:50,0
DA:51,0
DA:52,0
DA:53,0
DA:54,0
DA:55,0
DA:56,0
DA:57,0
DA:58,0
DA:61,0
DA:65,0
DA:67,0
DA:68,0
DA:70,0
DA:71,0
DA:72,0
DA:73,0
DA:80,0
DA:82,0
DA:83,0
DA:84,0
DA:85,0
DA:86,0
DA:87,0
DA:88,0
DA:89,0
DA:90,0
DA:91,0
DA:93,0
LF:43
LH:2
end_of_record
SF:lib/_classes/data/currency_app_data.dart
DA:13,0
DA:24,0
DA:27,0
DA:32,0
DA:35,0
DA:37,0
DA:38,0
DA:39,0
DA:40,0
DA:41,0
DA:42,0
DA:43,0
DA:47,0
DA:48,0
DA:49,0
DA:50,0
DA:51,0
DA:52,0
DA:53,0
DA:54,0
DA:55,0
DA:56,0
DA:60,0
DA:61,0
DA:62,0
DA:63,0
DA:66,0
DA:68,0
DA:70,0
DA:71,0
DA:73,0
DA:74,0
LF:32
LH:0
end_of_record
SF:lib/widgets/_forms/notification_bar.dart
DA:10,0
DA:11,0
DA:12,0
DA:13,0
DA:14,0
DA:15,0
DA:17,0
DA:18,0
LF:8
LH:0
end_of_record
SF:lib/_classes/data/goal_app_data.dart
DA:15,0
DA:31,0
DA:33,0
DA:38,0
DA:41,0
DA:43,0
DA:44,0
DA:45,0
DA:46,0
DA:47,0
DA:48,0
DA:49,0
DA:50,0
DA:51,0
DA:52,0
DA:53,0
DA:54,0
DA:55,0
DA:59,0
DA:60,0
DA:61,0
DA:62,0
DA:63,0
DA:64,0
DA:65,0
DA:66,0
DA:67,0
DA:68,0
DA:69,0
DA:70,0
DA:71,0
DA:72,0
DA:73,0
DA:77,0
DA:78,0
DA:79,0
DA:80,0
DA:81,0
DA:84,0
DA:85,0
DA:86,0
DA:87,0
DA:89,0
DA:90,0
DA:91,0
DA:93,0
DA:96,0
DA:97,0
DA:98,0
LF:49
LH:0
end_of_record
SF:lib/widgets/_forms/date_input.dart
DA:17,1
DA:22,1
DA:24,0
DA:25,0
DA:27,0
DA:28,0
DA:29,0
DA:31,0
DA:36,0
DA:37,0
DA:38,0
DA:39,0
DA:40,0
DA:43,0
DA:44,0
DA:48,1
DA:50,3
DA:51,2
DA:52,0
DA:53,0
DA:54,0
DA:58,2
DA:59,1
DA:60,1
DA:61,4
DA:62,1
DA:63,1
DA:64,3
DA:65,1
DA:67,1
DA:69,0
LF:31
LH:14
end_of_record
SF:lib/widgets/home/init_page.dart
DA:11,0
DA:13,0
DA:14,0
DA:18,0
DA:23,0
DA:25,0
DA:26,0
DA:30,0
DA:31,0
DA:32,0
DA:33,0
DA:39,0
DA:44,0
DA:46,0
DA:49,0
DA:51,0
LF:16
LH:0
end_of_record
SF:lib/widgets/home/goal_widget.dart
DA:15,1
DA:21,1
DA:23,2
DA:27,0
DA:28,0
DA:30,0
DA:32,0
DA:33,0
DA:34,0
DA:35,0
DA:36,0
DA:38,0
LF:12
LH:3
end_of_record
SF:lib/widgets/metrics/budget_tab.dart
DA:18,0
DA:23,0
DA:24,0
DA:25,0
DA:26,0
DA:27,0
DA:28,0
DA:30,0
DA:32,0
DA:33,0
DA:37,0
DA:39,0
DA:40,0
DA:45,0
DA:47,0
DA:48,0
DA:49,0
DA:50,0
DA:51,0
DA:52,0
DA:53,0
DA:54,0
DA:56,0
DA:57,0
DA:58,0
DA:59,0
DA:61,0
DA:62,0
DA:64,0
DA:65,0
LF:30
LH:0
end_of_record
SF:lib/widgets/settings/import_tab.dart
DA:29,1
DA:31,0
DA:32,0
DA:52,0
DA:53,0
DA:54,0
DA:55,0
DA:56,0
DA:57,0
DA:58,0
DA:59,0
DA:60,0
DA:62,0
DA:63,0
DA:64,0
DA:66,0
DA:70,0
DA:72,0
DA:74,0
DA:78,0
DA:81,0
DA:83,0
DA:84,0
DA:86,0
DA:87,0
DA:88,0
DA:89,0
DA:93,0
DA:97,0
DA:98,0
DA:99,0
DA:100,0
DA:101,0
DA:102,0
DA:103,0
DA:104,0
DA:105,0
DA:106,0
DA:107,0
DA:110,0
DA:112,0
DA:113,0
DA:114,0
DA:115,0
DA:116,0
DA:117,0
DA:118,0
DA:119,0
DA:122,0
DA:124,0
DA:127,0
DA:130,0
DA:131,0
DA:132,0
DA:133,0
DA:135,0
DA:136,0
DA:137,0
DA:138,0
DA:139,0
DA:140,0
DA:141,0
DA:142,0
DA:147,0
DA:148,0
DA:152,0
DA:153,0
DA:155,0
DA:156,0
DA:158,0
DA:159,0
DA:160,0
DA:162,0
DA:165,0
DA:166,0
DA:167,0
DA:170,0
DA:171,0
DA:174,0
DA:177,0
DA:178,0
DA:180,0
DA:181,0
DA:182,0
DA:184,0
DA:189,0
DA:191,0
DA:192,0
DA:193,0
DA:197,0
DA:198,0
DA:199,0
DA:202,0
DA:204,0
DA:205,0
DA:206,0
DA:207,0
DA:209,0
DA:210,0
DA:211,0
DA:212,0
DA:213,0
DA:214,0
DA:215,0
DA:217,0
DA:218,0
DA:219,0
DA:220,0
DA:221,0
DA:222,0
DA:223,0
DA:224,0
DA:225,0
DA:226,0
DA:227,0
DA:228,0
DA:229,0
DA:230,0
DA:232,0
DA:233,0
DA:234,0
DA:236,0
DA:237,0
DA:238,0
DA:240,0
DA:241,0
DA:242,0
DA:243,0
DA:244,0
DA:250,0
DA:252,0
DA:253,0
DA:254,0
DA:255,0
DA:256,0
DA:258,0
DA:259,0
DA:261,0
DA:262,0
DA:267,0
DA:268,0
DA:270,0
DA:271,0
DA:272,0
DA:273,0
DA:274,0
LF:146
LH:1
end_of_record
SF:lib/widgets/settings/setting_tab.dart
DA:9,0
DA:10,0
DA:11,0
DA:14,0
DA:15,0
DA:19,0
LF:6
LH:0
end_of_record
SF:lib/widgets/settings/recover_tab.dart
DA:19,1
DA:21,0
DA:22,0
DA:33,0
DA:34,0
DA:35,0
DA:38,0
DA:39,0
DA:42,0
DA:43,0
DA:47,0
DA:48,0
DA:49,0
DA:50,0
DA:52,0
DA:53,0
DA:54,0
DA:55,0
DA:56,0
DA:59,0
DA:60,0
DA:61,0
DA:65,0
DA:66,0
DA:70,0
DA:71,0
DA:72,0
DA:73,0
DA:75,0
DA:76,0
DA:77,0
DA:81,0
DA:83,0
DA:84,0
DA:85,0
DA:87,0
DA:88,0
DA:89,0
DA:90,0
DA:91,0
DA:93,0
DA:94,0
DA:95,0
DA:96,0
DA:97,0
DA:98,0
DA:99,0
DA:100,0
DA:101,0
DA:103,0
DA:104,0
DA:105,0
DA:107,0
DA:108,0
DA:109,0
DA:110,0
DA:112,0
DA:113,0
DA:115,0
DA:117,0
DA:118,0
DA:119,0
DA:120,0
DA:122,0
DA:123,0
DA:124,0
DA:126,0
DA:127,0
DA:128,0
DA:129,0
DA:131,0
DA:132,0
DA:134,0
DA:136,0
DA:137,0
DA:138,0
DA:139,0
DA:141,0
DA:142,0
DA:143,0
DA:145,0
DA:146,0
DA:148,0
DA:149,0
DA:150,0
DA:151,0
DA:154,0
DA:155,0
DA:157,0
DA:158,0
DA:159,0
DA:160,0
LF:92
LH:1
end_of_record
SF:lib/widgets/start/account_tab.dart
DA:16,0
DA:18,0
DA:20,0
DA:21,0
DA:25,0
DA:27,0
DA:28,0
DA:31,0
DA:32,0
DA:33,0
DA:37,0
DA:39,0
DA:40,0
DA:41,0
DA:42,0
DA:43,0
DA:44,0
DA:45,0
DA:46,0
DA:47,0
LF:20
LH:0
end_of_record
SF:lib/widgets/start/budget_tab.dart
DA:16,0
DA:18,0
DA:20,0
DA:21,0
DA:25,0
DA:27,0
DA:28,0
DA:31,0
DA:32,0
DA:33,0
DA:37,0
DA:39,0
DA:40,0
DA:41,0
DA:42,0
DA:43,0
DA:44,0
DA:45,0
DA:46,0
DA:47,0
LF:20
LH:0
end_of_record
SF:lib/widgets/start/privacy_tab.dart
DA:12,0
DA:14,0
DA:16,0
DA:17,0
DA:21,0
DA:23,0
DA:26,0
DA:28,0
DA:29,0
DA:32,0
DA:34,0
DA:35,0
DA:36,0
DA:37,0
DA:38,0
DA:39,0
DA:41,0
LF:17
LH:0
end_of_record
SF:lib/widgets/start/setting_tab.dart
DA:22,0
DA:24,0
DA:26,0
DA:27,0
DA:37,0
DA:39,0
DA:40,0
DA:41,0
DA:42,0
DA:43,0
DA:44,0
DA:47,0
DA:48,0
DA:51,0
DA:52,0
DA:55,0
DA:56,0
DA:57,0
DA:60,0
DA:61,0
DA:62,0
DA:65,0
DA:66,0
DA:67,0
DA:68,0
DA:69,0
DA:70,0
DA:71,0
DA:73,0
DA:76,0
DA:78,0
DA:79,0
DA:80,0
DA:81,0
DA:82,0
DA:83,0
DA:86,0
DA:87,0
DA:89,0
DA:90,0
DA:91,0
DA:92,0
DA:93,0
DA:95,0
DA:96,0
DA:98,0
DA:99,0
DA:100,0
DA:103,0
DA:104,0
DA:109,0
DA:110,0
DA:111,0
DA:112,0
DA:113,0
DA:116,0
DA:117,0
DA:118,0
DA:119,0
DA:122,0
DA:123,0
DA:127,0
DA:128,0
DA:129,0
DA:130,0
DA:132,0
DA:133,0
DA:134,0
DA:135,0
DA:136,0
DA:137,0
DA:139,0
DA:140,0
DA:148,0
DA:150,0
LF:75
LH:0
end_of_record
SF:lib/widgets/subscription/other_widget.dart
DA:13,1
DA:15,0
DA:16,0
DA:17,0
DA:20,0
DA:22,0
DA:23,0
DA:24,0
DA:25,0
DA:26,0
DA:27,0
DA:28,0
DA:29,0
DA:32,0
DA:33,0
DA:34,0
DA:35,0
DA:38,0
DA:39,0
DA:40,0
DA:41,0
DA:44,0
DA:45,0
DA:46,0
DA:47,0
DA:50,0
DA:51,0
DA:52,0
DA:53,0
LF:29
LH:1
end_of_record
SF:lib/widgets/_forms/abstract_input.dart
DA:13,1
DA:14,3
DA:15,2
LF:3
LH:3
end_of_record
SF:lib/widgets/_forms/currency_exchange_input.dart
DA:24,0
DA:33,0
DA:34,0
DA:35,0
DA:39,0
DA:40,0
DA:50,0
DA:52,0
DA:53,0
DA:56,0
DA:58,0
DA:59,0
DA:62,0
DA:63,0
DA:66,0
DA:67,0
DA:68,0
DA:69,0
DA:76,0
DA:77,0
DA:78,0
DA:79,0
DA:80,0
DA:81,0
DA:82,0
DA:83,0
DA:85,0
DA:86,0
DA:87,0
DA:88,0
DA:93,0
DA:94,0
DA:97,0
DA:98,0
DA:100,0
DA:101,0
DA:102,0
DA:103,0
DA:105,0
DA:106,0
DA:107,0
DA:109,0
DA:113,0
DA:115,0
DA:118,0
DA:119,0
DA:121,0
DA:122,0
DA:123,0
DA:124,0
DA:127,0
DA:129,0
DA:130,0
DA:131,0
DA:132,0
DA:133,0
DA:135,0
DA:137,0
DA:138,0
DA:139,0
DA:140,0
DA:141,0
DA:143,0
DA:144,0
DA:146,0
DA:147,0
DA:148,0
DA:149,0
DA:150,0
DA:152,0
DA:153,0
DA:154,0
DA:155,0
DA:156,0
DA:158,0
DA:159,0
DA:161,0
DA:164,0
DA:165,0
DA:166,0
DA:167,0
DA:169,0
DA:170,0
DA:172,0
DA:181,0
LF:85
LH:0
end_of_record
SF:lib/widgets/_forms/list_account_selector.dart
DA:13,0
DA:14,0
DA:16,0
DA:17,0
DA:19,0
DA:30,0
DA:41,0
DA:43,0
DA:44,0
DA:45,0
DA:46,0
DA:47,0
DA:48,0
DA:51,0
DA:53,0
DA:54,0
DA:55,0
DA:59,0
DA:61,0
DA:62,0
DA:63,0
DA:64,0
DA:65,0
DA:66,0
DA:67,0
DA:68,0
DA:69,0
DA:70,0
LF:28
LH:0
end_of_record
SF:lib/widgets/_forms/list_budget_selector.dart
DA:10,0
DA:12,0
DA:16,0
DA:26,0
DA:28,0
DA:29,0
DA:30,0
DA:31,0
DA:32,0
DA:33,0
LF:10
LH:0
end_of_record
SF:lib/widgets/_wrappers/dots_indicator_decoration.dart
DA:14,0
DA:22,0
DA:24,0
DA:25,0
DA:26,0
DA:27,0
DA:28,0
DA:29,0
DA:42,0
DA:49,0
DA:51,0
DA:53,0
DA:56,0
DA:57,0
DA:58,0
DA:59,0
DA:60,0
DA:61,0
DA:62,0
DA:63,0
DA:65,0
LF:21
LH:0
end_of_record
SF:lib/widgets/_wrappers/dots_tab_bar_widget.dart
DA:16,0
DA:25,0
DA:32,0
DA:33,0
DA:35,0
DA:36,0
DA:38,0
DA:39,0
DA:40,0
DA:41,0
DA:42,0
DA:43,0
LF:12
LH:0
end_of_record
SF:lib/widgets/_wrappers/elevate_button_widget.dart
DA:19,0
DA:29,0
DA:31,0
DA:32,0
DA:34,0
DA:35,0
DA:36,0
DA:37,0
DA:38,0
DA:39,0
DA:40,0
DA:42,0
DA:46,0
DA:47,0
DA:49,0
DA:50,0
DA:51,0
DA:52,0
DA:54,0
DA:55,0
DA:56,0
DA:57,0
DA:58,0
LF:23
LH:0
end_of_record
SF:lib/widgets/_wrappers/keep_alive_wrapper.dart
DA:10,0
DA:12,0
DA:13,0
DA:17,0
DA:19,0
DA:20,0
DA:23,0
LF:7
LH:0
end_of_record
SF:lib/widgets/_wrappers/tap_widget.dart
DA:15,1
DA:23,1
DA:25,1
DA:26,3
DA:27,1
DA:29,1
DA:30,1
DA:31,1
DA:32,0
DA:33,2
DA:34,2
DA:37,1
LF:12
LH:11
end_of_record
SF:lib/widgets/home/base_group_widget.dart
DA:25,0
DA:37,0
DA:38,0
DA:39,0
DA:40,0
DA:41,0
DA:42,0
DA:43,0
DA:44,0
DA:45,0
DA:46,0
DA:47,0
DA:49,0
DA:50,0
DA:51,0
DA:53,0
DA:56,0
DA:57,0
DA:58,0
DA:59,0
DA:64,0
DA:66,0
DA:67,0
DA:68,0
DA:69,0
DA:71,0
DA:73,0
DA:74,0
DA:75,0
DA:76,0
DA:77,0
DA:79,0
DA:81,0
DA:82,0
DA:83,0
DA:85,0
DA:86,0
DA:87,0
DA:88,0
DA:90,0
DA:91,0
DA:92,0
DA:94,0
DA:96,0
DA:97,0
DA:98,0
DA:99,0
DA:102,0
DA:103,0
DA:104,0
DA:113,0
DA:114,0
DA:117,0
DA:118,0
DA:119,0
DA:120,0
DA:121,0
DA:123,0
LF:58
LH:0
end_of_record
SF:lib/widgets/home/base_widget.dart
DA:25,1
DA:38,1
DA:40,0
DA:41,0
DA:42,0
DA:43,0
DA:44,0
DA:45,0
DA:46,0
DA:47,0
DA:48,0
DA:49,0
DA:51,0
DA:55,1
DA:56,1
DA:60,0
DA:61,0
DA:62,0
DA:63,0
DA:64,0
DA:68,1
DA:70,2
DA:71,1
DA:74,0
DA:75,0
DA:76,0
DA:77,0
DA:78,0
DA:79,0
DA:80,0
DA:81,0
DA:82,0
DA:84,0
DA:89,1
DA:90,1
DA:91,1
DA:92,2
DA:93,1
DA:95,1
DA:96,1
DA:97,2
DA:98,2
DA:99,2
DA:100,2
DA:101,2
DA:102,3
DA:103,1
DA:105,1
DA:106,2
DA:107,1
DA:108,2
DA:109,3
DA:110,2
DA:111,2
DA:112,2
DA:113,2
DA:115,1
DA:116,3
DA:117,2
DA:118,2
DA:121,3
LF:61
LH:35
end_of_record
SF:lib/widgets/home/base_header_widget.dart
DA:24,1
DA:33,1
DA:35,1
DA:37,2
DA:38,1
DA:39,2
DA:40,1
DA:42,1
DA:45,2
DA:46,2
DA:47,1
DA:48,1
DA:49,1
DA:50,1
DA:52,1
DA:53,2
DA:54,1
DA:56,1
DA:57,1
DA:59,1
DA:60,1
DA:61,2
DA:62,1
DA:63,1
DA:64,1
DA:67,1
DA:68,1
DA:69,1
DA:70,3
DA:71,4
DA:76,1
DA:77,0
DA:78,0
DA:79,0
DA:80,0
DA:82,0
DA:83,0
DA:84,0
DA:86,0
DA:88,0
DA:89,0
DA:91,0
DA:92,0
DA:94,0
DA:96,0
DA:97,0
LF:46
LH:31
end_of_record
SF:lib/widgets/home/base_list_limited_widget.dart
DA:20,1
DA:30,1
DA:31,1
DA:32,0
DA:33,0
DA:34,0
DA:36,1
DA:40,1
DA:42,2
DA:43,1
DA:44,3
DA:46,5
DA:47,0
DA:51,6
DA:53,1
DA:55,1
DA:56,1
DA:57,1
DA:58,2
DA:59,0
DA:60,0
DA:62,0
DA:64,0
DA:66,0
DA:67,0
DA:68,0
LF:26
LH:15
end_of_record
SF:lib/widgets/home/goal_line_widget.dart
DA:16,0
DA:21,0
DA:23,0
DA:24,0
DA:25,0
DA:26,0
DA:27,0
DA:28,0
DA:29,0
DA:31,0
DA:32,0
DA:33,0
DA:34,0
DA:36,0
DA:37,0
DA:39,0
DA:40,0
DA:42,0
DA:43,0
DA:44,0
DA:45,0
DA:46,0
DA:47,0
DA:50,0
DA:52,0
DA:53,0
DA:54,0
DA:55,0
DA:57,0
DA:58,0
DA:59,0
DA:60,0
DA:61,0
DA:62,0
DA:63,0
DA:69,0
DA:70,0
DA:71,0
DA:73,0
DA:74,0
DA:75,0
DA:76,0
DA:77,0
DA:85,0
DA:87,0
DA:88,0
DA:89,0
DA:90,0
DA:91,0
DA:98,0
DA:99,0
DA:100,0
DA:101,0
DA:102,0
DA:103,0
DA:104,0
DA:107,0
DA:108,0
LF:58
LH:0
end_of_record
SF:lib/widgets/init/loading_widget.dart
DA:10,0
DA:15,0
DA:16,0
DA:22,0
DA:24,0
DA:27,0
DA:28,0
DA:31,0
DA:33,0
DA:34,0
DA:37,0
DA:39,0
DA:40,0
DA:41,0
DA:42,0
DA:43,0
DA:44,0
DA:45,0
DA:46,0
DA:48,0
DA:49,0
DA:50,0
DA:51,0
DA:52,0
DA:53,0
DA:57,0
LF:26
LH:0
end_of_record
SF:lib/_classes/data/transaction_log.dart
DA:25,0
DA:27,0
DA:29,1
DA:30,1
DA:31,0
DA:32,0
DA:33,0
DA:38,0
DA:39,0
DA:42,0
DA:43,0
DA:44,0
DA:47,0
DA:48,0
DA:49,0
DA:50,0
DA:53,0
DA:54,0
DA:56,0
DA:60,0
DA:61,0
DA:62,0
DA:63,0
DA:64,0
DA:65,0
DA:66,0
DA:67,0
DA:68,0
DA:69,0
DA:70,0
DA:71,0
DA:73,0
DA:75,0
DA:76,0
DA:77,0
DA:81,0
DA:84,0
DA:85,0
DA:87,0
DA:89,0
DA:93,0
DA:96,0
DA:100,0
DA:102,0
DA:104,0
DA:109,1
DA:112,0
DA:114,1
DA:116,0
DA:118,0
DA:119,0
DA:124,0
DA:126,0
DA:127,0
DA:128,0
LF:55
LH:4
end_of_record
SF:lib/widgets/start/abstract_tab.dart
DA:13,0
DA:21,0
DA:22,0
DA:25,0
DA:26,0
DA:27,0
DA:28,0
DA:29,0
DA:30,0
DA:31,0
DA:33,0
DA:35,0
DA:37,0
DA:39,0
DA:40,0
DA:48,0
DA:50,0
DA:51,0
DA:52,0
DA:53,0
DA:54,0
DA:55,0
DA:56,0
LF:23
LH:0
end_of_record
SF:lib/_classes/data/bill_recalculation.dart
DA:14,0
DA:19,0
DA:21,0
DA:24,0
DA:25,0
DA:26,0
DA:28,0
DA:33,0
DA:34,0
DA:37,0
DA:39,0
DA:40,0
DA:41,0
DA:43,0
DA:44,0
DA:45,0
DA:50,0
DA:51,0
DA:52,0
DA:55,0
DA:56,0
DA:57,0
DA:60,0
DA:61,0
LF:24
LH:0
end_of_record
SF:lib/_classes/data/budget_recalculation.dart
DA:12,0
DA:17,0
DA:19,0
DA:20,0
DA:26,0
DA:27,0
LF:6
LH:0
end_of_record
SF:lib/_classes/data/goal_recalculation.dart
DA:12,0
DA:17,0
DA:19,0
DA:20,0
DA:26,0
DA:27,0
LF:6
LH:0
end_of_record
SF:lib/_classes/data/summary_app_data.dart
DA:14,1
DA:18,1
DA:21,6
DA:23,0
DA:25,1
DA:26,2
DA:27,0
DA:31,0
DA:32,0
DA:33,0
DA:34,0
DA:35,0
DA:37,0
DA:39,0
DA:40,0
DA:41,0
DA:42,0
DA:43,0
LF:18
LH:5
end_of_record
SF:lib/_classes/data/total_recalculation.dart
DA:17,0
DA:21,0
DA:23,0
DA:26,0
DA:27,0
DA:31,0
DA:32,0
DA:33,0
DA:38,0
DA:39,0
DA:42,0
DA:43,0
DA:44,0
DA:47,0
DA:48,0
DA:51,0
DA:52,0
DA:53,0
DA:55,0
DA:56,0
DA:57,0
DA:58,0
DA:59,0
DA:60,0
DA:61,0
DA:62,0
DA:63,0
DA:67,0
DA:69,0
DA:71,0
DA:74,0
LF:31
LH:0
end_of_record
SF:lib/_classes/data/transaction_log_data.dart
DA:18,0
DA:25,0
DA:27,0
LF:3
LH:0
end_of_record
SF:lib/_mixins/formatter_mixin.dart
DA:10,0
DA:14,0
DA:15,0
DA:19,0
DA:21,0
DA:22,0
DA:23,0
DA:24,0
DA:27,0
DA:28,0
DA:29,0
DA:31,0
DA:34,0
DA:37,0
DA:38,0
DA:39,0
DA:42,0
LF:17
LH:0
end_of_record
SF:lib/_classes/data/abstract_app_data.dart
DA:29,0
DA:42,0
DA:43,0
DA:52,0
DA:53,0
DA:56,0
DA:57,0
DA:58,0
DA:59,0
DA:60,0
DA:61,0
DA:62,0
DA:63,0
DA:64,0
DA:65,0
DA:66,0
DA:67,0
DA:70,0
DA:71,0
DA:72,0
DA:73,0
DA:74,0
DA:75,0
DA:81,0
DA:83,0
DA:86,0
DA:87,0
DA:91,0
DA:93,0
DA:95,0
DA:97,0
DA:98,0
DA:99,0
DA:100,0
DA:104,0
DA:105,0
DA:106,0
DA:107,0
DA:110,0
DA:111,0
DA:112,0
DA:113,0
LF:42
LH:0
end_of_record
SF:lib/_classes/data/abstract_recalculation.dart
DA:12,0
DA:13,0
DA:14,0
LF:3
LH:0
end_of_record
