SF:lib/_classes/gen/generate_list_of_classes.dart
DA:6,1
LF:1
LH:1
end_of_record
SF:lib/_classes/gen/generate_with_method_setters.dart
DA:6,3
LF:1
LH:1
end_of_record
SF:lib/_classes/storage/app_preferences.dart
DA:18,1
DA:20,1
DA:21,2
DA:24,0
DA:25,0
DA:28,1
DA:29,2
LF:7
LH:5
end_of_record
SF:lib/_classes/gen/generate_gherkin_resources.dart
DA:6,2
LF:1
LH:1
end_of_record
SF:lib/widgets/_forms/currency_selector.dart
DA:19,1
DA:20,2
DA:22,1
DA:23,7
DA:25,1
DA:26,2
DA:28,1
DA:39,1
DA:40,2
DA:42,1
DA:48,2
DA:50,1
DA:52,1
DA:53,3
DA:55,1
DA:57,1
DA:58,1
DA:61,1
DA:62,1
DA:66,1
DA:68,4
DA:69,2
DA:70,3
DA:73,1
DA:75,1
DA:76,1
DA:77,1
DA:80,1
DA:81,1
DA:82,5
DA:84,1
DA:85,3
DA:86,3
DA:88,1
DA:89,1
DA:90,4
DA:91,3
LF:37
LH:37
end_of_record
SF:lib/widgets/_forms/list_account_selector.dart
DA:12,0
DA:13,0
DA:15,0
DA:16,0
DA:18,0
DA:29,0
DA:38,0
DA:40,0
DA:42,0
DA:43,0
DA:44,0
DA:45,0
DA:46,0
DA:47,0
DA:50,0
DA:51,0
DA:55,0
DA:57,0
DA:58,0
DA:59,0
DA:60,0
DA:61,0
DA:62,0
DA:63,0
DA:64,0
DA:65,0
DA:69,0
DA:71,0
DA:72,0
DA:73,0
DA:74,0
DA:75,0
DA:76,0
DA:77,0
DA:78,0
DA:79,0
LF:36
LH:0
end_of_record
SF:lib/widgets/_forms/list_budget_selector.dart
DA:9,0
DA:11,0
DA:15,0
DA:23,0
DA:25,0
DA:27,0
DA:28,0
DA:29,0
DA:30,0
DA:31,0
DA:32,0
LF:11
LH:0
end_of_record
SF:lib/widgets/_forms/list_selector.dart
DA:16,1
DA:17,4
DA:20,1
DA:21,2
DA:24,1
DA:25,1
DA:27,1
DA:36,1
DA:43,1
DA:45,1
DA:46,1
DA:50,1
DA:51,2
DA:52,6
DA:55,1
DA:56,1
DA:59,1
DA:60,4
DA:61,2
DA:62,3
DA:65,1
DA:67,3
DA:68,2
DA:69,2
DA:73,1
DA:75,1
DA:76,2
DA:77,5
DA:78,11
DA:79,1
DA:81,1
DA:82,2
DA:84,2
DA:85,2
DA:86,1
DA:88,4
DA:89,1
DA:91,1
DA:92,1
DA:93,1
DA:94,5
DA:96,1
DA:97,1
DA:98,2
DA:103,1
DA:105,0
DA:111,1
DA:112,10
DA:113,1
DA:114,2
LF:50
LH:49
end_of_record
SF:lib/widgets/_generic/base_line_widget.dart
DA:25,1
DA:39,1
DA:41,1
DA:44,2
DA:45,1
DA:46,1
DA:47,1
DA:48,4
DA:52,1
DA:54,2
DA:55,3
DA:56,1
DA:58,1
DA:59,1
DA:62,1
DA:63,5
DA:64,1
DA:65,1
DA:66,1
DA:67,1
DA:68,4
DA:71,1
DA:72,1
DA:74,1
DA:75,1
DA:76,1
DA:77,1
DA:79,1
DA:80,1
DA:81,1
DA:86,1
DA:87,1
DA:94,2
LF:33
LH:33
end_of_record
SF:lib/_classes/herald/app_sync.dart
DA:12,0
DA:17,0
DA:26,2
DA:27,1
DA:28,1
DA:29,0
DA:30,0
DA:34,0
DA:35,0
DA:38,0
DA:39,0
DA:40,0
DA:41,0
DA:44,0
DA:45,0
DA:46,0
DA:47,0
DA:50,0
DA:51,0
DA:52,0
DA:53,0
DA:57,0
DA:58,0
DA:59,0
DA:61,0
DA:62,0
DA:63,0
DA:64,0
DA:65,0
DA:68,0
DA:69,0
DA:70,0
DA:72,0
DA:73,0
DA:74,0
DA:78,0
DA:79,0
DA:82,0
DA:84,0
DA:86,1
DA:87,2
DA:88,2
DA:91,0
DA:92,0
DA:95,0
DA:96,0
DA:97,0
DA:98,0
DA:101,0
DA:102,0
DA:103,0
DA:104,0
DA:107,0
DA:108,0
DA:109,0
DA:111,0
DA:112,0
DA:116,1
DA:118,0
DA:119,0
DA:122,3
DA:123,2
DA:124,0
DA:125,0
DA:133,0
DA:134,0
DA:135,0
DA:139,0
DA:140,0
DA:143,1
DA:144,1
DA:146,0
LF:72
LH:11
end_of_record
SF:lib/_classes/storage/app_data.dart
DA:49,2
DA:50,1
DA:51,2
DA:52,3
DA:55,1
DA:57,1
DA:58,2
DA:61,0
DA:63,0
DA:69,0
DA:70,0
DA:71,0
DA:72,0
DA:73,0
DA:74,0
DA:77,0
DA:78,0
DA:79,0
DA:80,0
DA:83,1
DA:84,3
DA:85,5
DA:86,1
DA:87,1
DA:88,3
DA:90,1
DA:93,1
DA:94,1
DA:95,4
DA:99,1
DA:100,2
DA:101,3
DA:102,1
DA:103,2
DA:106,0
DA:107,0
DA:108,0
DA:110,0
DA:114,1
DA:115,1
DA:116,1
DA:117,1
DA:118,2
DA:119,4
DA:121,1
DA:122,3
DA:126,1
DA:127,1
DA:128,1
DA:129,1
DA:131,1
DA:132,0
DA:133,0
DA:135,1
DA:136,1
DA:138,1
DA:139,0
DA:141,1
DA:142,1
DA:144,0
DA:145,0
DA:150,0
DA:151,0
DA:152,0
DA:155,0
DA:157,0
DA:161,0
DA:162,0
DA:163,0
DA:164,0
DA:165,0
DA:166,0
DA:167,0
DA:170,0
DA:171,0
DA:175,1
DA:176,1
DA:177,1
DA:178,4
DA:182,0
DA:183,0
DA:185,0
DA:188,0
DA:190,0
DA:192,0
DA:194,0
DA:197,0
DA:199,0
DA:200,0
DA:203,0
DA:204,0
DA:206,0
DA:207,0
DA:208,0
DA:212,1
DA:213,1
DA:214,2
DA:215,1
DA:216,1
DA:217,1
DA:218,4
DA:222,0
DA:223,0
DA:224,0
DA:225,0
DA:226,0
DA:227,0
DA:228,0
DA:232,1
DA:233,1
DA:234,1
DA:235,3
DA:239,1
DA:241,1
DA:242,1
DA:246,1
DA:247,3
DA:248,3
DA:249,3
DA:250,1
DA:253,0
DA:254,0
DA:255,0
DA:256,0
DA:257,0
DA:260,1
DA:261,3
DA:264,1
DA:265,3
DA:266,1
DA:267,0
LF:131
LH:68
end_of_record
SF:lib/_classes/herald/app_locale.dart
DA:10,1
DA:12,2
DA:13,1
DA:15,1
DA:19,1
DA:21,1
DA:27,1
DA:28,1
DA:29,2
DA:30,0
DA:31,0
DA:33,0
DA:35,0
DA:39,1
DA:40,2
DA:41,1
DA:42,1
LF:17
LH:13
end_of_record
SF:lib/_classes/herald/app_theme.dart
DA:8,2
DA:9,1
DA:11,1
DA:15,1
DA:16,1
DA:17,0
DA:18,0
DA:19,0
DA:20,0
DA:21,0
DA:26,0
DA:27,0
DA:28,0
LF:13
LH:5
end_of_record
SF:lib/_configs/custom_text_theme.dart
DA:9,1
DA:11,1
DA:12,2
DA:13,1
DA:16,1
DA:18,1
DA:21,1
DA:23,1
DA:26,1
DA:28,1
DA:31,1
DA:33,1
DA:36,1
DA:38,1
DA:41,1
DA:43,1
DA:46,1
DA:48,1
DA:51,1
DA:53,1
DA:56,1
DA:61,2
DA:64,1
DA:66,2
DA:69,1
DA:71,0
DA:74,0
LF:27
LH:25
end_of_record
SF:lib/main.dart
DA:44,0
DA:45,0
DA:46,0
DA:48,0
DA:49,0
DA:51,0
DA:52,0
DA:53,0
DA:56,0
DA:57,0
DA:58,0
DA:61,0
DA:62,0
DA:63,0
DA:64,0
DA:65,0
DA:66,0
DA:67,0
DA:69,0
DA:70,0
DA:72,0
DA:73,0
DA:75,0
DA:76,0
DA:79,0
DA:86,1
DA:88,1
DA:89,1
DA:95,1
DA:96,1
DA:97,1
DA:98,2
DA:99,2
DA:100,0
DA:102,0
DA:103,1
DA:105,1
DA:106,0
DA:107,0
DA:108,0
DA:109,0
DA:110,0
DA:111,0
DA:112,0
DA:113,0
DA:114,0
DA:115,0
DA:116,0
DA:117,0
DA:118,1
DA:119,1
DA:120,0
DA:121,0
DA:122,0
DA:123,1
DA:124,1
DA:125,0
DA:126,0
DA:127,0
DA:128,1
DA:129,0
DA:130,0
DA:131,0
DA:132,0
DA:134,1
DA:137,1
DA:138,2
DA:139,3
DA:142,1
DA:144,1
DA:148,2
DA:149,1
DA:151,2
DA:154,1
DA:156,2
DA:159,2
DA:161,1
LF:77
LH:28
end_of_record
SF:lib/_classes/math/account_recalculation.dart
DA:11,0
DA:16,0
DA:18,0
DA:19,0
DA:20,0
LF:5
LH:0
end_of_record
SF:lib/_classes/math/abstract_recalculation.dart
DA:11,0
DA:12,0
DA:13,0
LF:3
LH:0
end_of_record
SF:lib/_classes/structure/account_app_data.dart
DA:14,1
DA:30,1
DA:32,1
DA:37,1
DA:40,1
DA:42,1
DA:43,1
DA:44,1
DA:45,1
DA:46,1
DA:47,1
DA:48,1
DA:49,1
DA:50,1
DA:51,1
DA:52,1
DA:53,1
DA:54,1
DA:58,0
DA:59,0
DA:60,0
DA:61,0
DA:62,0
DA:63,0
DA:64,0
DA:65,0
DA:66,0
DA:67,0
DA:68,0
DA:69,0
DA:70,0
DA:71,0
DA:72,0
DA:76,1
DA:77,1
DA:78,1
DA:79,2
DA:80,3
DA:83,2
DA:84,0
DA:85,0
DA:86,0
DA:88,3
LF:43
LH:25
end_of_record
SF:lib/_configs/account_type.dart
DA:17,1
DA:18,1
DA:19,4
DA:20,4
DA:21,4
DA:22,4
DA:23,4
DA:24,4
LF:8
LH:8
end_of_record
SF:lib/_configs/theme_helper.dart
DA:25,2
DA:27,1
DA:28,5
DA:30,0
DA:31,0
DA:33,5
DA:35,0
DA:37,0
DA:39,0
DA:40,0
DA:41,0
DA:42,0
DA:44,0
DA:51,0
DA:52,0
DA:55,1
DA:56,2
DA:59,1
DA:60,1
DA:61,1
DA:67,1
DA:68,1
DA:71,1
DA:72,1
DA:73,3
DA:75,1
DA:77,1
DA:81,0
LF:28
LH:16
end_of_record
SF:lib/widgets/_forms/abstract_selector.dart
DA:13,1
DA:17,3
DA:18,2
DA:33,1
DA:35,6
DA:36,1
DA:37,6
DA:38,6
DA:39,3
DA:40,0
DA:41,0
DA:45,1
LF:12
LH:10
end_of_record
SF:lib/_classes/controller/delayed_call.dart
DA:12,1
DA:14,1
DA:15,2
DA:16,1
DA:17,4
DA:20,0
DA:21,0
DA:22,0
LF:8
LH:5
end_of_record
SF:lib/_classes/controller/focus_controller.dart
DA:10,3
DA:11,3
DA:12,1
DA:13,1
DA:14,3
DA:15,1
DA:17,3
DA:19,1
DA:21,5
DA:22,1
DA:26,2
DA:28,1
DA:29,2
DA:30,4
DA:31,2
DA:32,3
DA:34,3
DA:37,1
DA:38,3
DA:41,1
DA:42,1
DA:43,2
DA:44,8
DA:48,1
DA:49,5
DA:50,3
DA:51,2
DA:53,3
DA:55,2
DA:58,1
DA:59,5
DA:62,1
DA:63,1
DA:66,1
DA:67,1
DA:68,5
DA:69,3
DA:70,4
DA:74,1
DA:75,1
DA:78,2
DA:79,3
DA:80,5
DA:87,1
DA:89,1
DA:90,3
DA:92,4
DA:93,3
DA:99,1
DA:101,1
DA:104,1
DA:106,6
DA:108,1
DA:113,0
DA:114,0
DA:115,0
DA:116,0
DA:117,0
DA:119,0
LF:59
LH:53
end_of_record
SF:lib/widgets/_wrappers/tap_widget.dart
DA:15,1
DA:24,1
DA:26,1
DA:27,0
DA:29,1
DA:30,1
DA:31,3
DA:32,1
DA:33,1
DA:34,1
DA:35,2
DA:36,0
DA:37,0
DA:40,1
LF:14
LH:11
end_of_record
SF:lib/widgets/_wrappers/text_wrapper.dart
DA:13,1
DA:21,1
DA:23,1
DA:24,1
DA:25,4
DA:26,1
DA:27,1
DA:28,1
DA:29,1
DA:30,1
DA:31,1
DA:36,1
DA:37,1
DA:38,1
DA:39,1
LF:15
LH:15
end_of_record
SF:lib/_classes/controller/flow_state_machine.dart
DA:9,0
DA:10,0
DA:11,0
DA:12,0
DA:13,0
DA:14,0
DA:15,0
LF:7
LH:0
end_of_record
SF:lib/_classes/math/monte_carlo_simulation.dart
DA:13,0
DA:15,0
DA:16,0
DA:17,0
DA:18,0
DA:19,0
DA:20,0
DA:21,0
DA:23,0
DA:26,0
DA:27,0
DA:29,0
DA:30,0
DA:31,0
DA:32,0
DA:37,0
DA:38,0
DA:39,0
DA:40,0
DA:45,0
DA:46,0
DA:47,0
DA:48,0
DA:49,0
LF:24
LH:0
end_of_record
SF:lib/_classes/storage/data_handler.dart
DA:17,0
DA:18,0
DA:19,0
DA:22,0
DA:24,0
DA:25,0
DA:26,0
DA:29,0
DA:30,0
DA:31,0
DA:34,0
DA:35,0
DA:36,0
DA:37,0
DA:40,0
DA:41,0
DA:42,0
DA:43,0
DA:44,0
DA:45,0
DA:46,0
DA:48,0
DA:50,0
DA:51,0
DA:55,0
DA:57,0
DA:58,0
DA:59,0
DA:62,0
DA:64,0
DA:65,0
DA:66,0
DA:68,0
DA:71,0
DA:72,0
DA:75,0
DA:76,0
DA:77,0
DA:78,0
DA:79,0
DA:81,0
DA:83,0
DA:84,0
DA:86,0
DA:87,0
DA:89,0
DA:90,0
DA:92,0
DA:94,0
DA:95,0
DA:96,0
DA:97,0
DA:98,0
DA:100,0
LF:54
LH:0
end_of_record
SF:lib/_mixins/storage_mixin.dart
DA:9,0
DA:10,0
DA:14,0
LF:3
LH:0
end_of_record
SF:lib/_classes/structure/bill_app_data.dart
DA:18,0
DA:31,0
DA:36,0
DA:39,0
DA:41,0
DA:42,0
DA:43,0
DA:44,0
DA:45,0
DA:46,0
DA:47,0
DA:48,0
DA:49,0
DA:53,0
DA:54,0
DA:55,0
DA:56,0
DA:57,0
DA:58,0
DA:59,0
DA:60,0
DA:61,0
DA:62,0
DA:63,0
DA:67,0
DA:68,0
DA:69,0
DA:70,0
DA:71,0
DA:74,0
DA:76,0
DA:78,0
DA:79,0
DA:80,0
DA:81,0
DA:84,0
DA:86,0
DA:87,0
LF:38
LH:0
end_of_record
SF:lib/_classes/structure/budget_app_data.dart
DA:14,1
DA:27,1
DA:31,1
DA:36,1
DA:39,1
DA:41,1
DA:42,1
DA:43,1
DA:44,1
DA:45,1
DA:46,1
DA:47,1
DA:48,1
DA:49,1
DA:50,1
DA:51,1
DA:55,0
DA:56,0
DA:57,0
DA:58,0
DA:59,0
DA:60,0
DA:61,0
DA:62,0
DA:63,0
DA:64,0
DA:65,0
DA:66,0
DA:70,1
DA:71,1
DA:72,1
DA:73,2
DA:76,1
DA:77,6
DA:79,1
DA:80,2
DA:81,5
DA:83,5
DA:87,5
DA:89,2
DA:90,0
DA:92,1
DA:94,9
DA:96,0
DA:97,0
LF:45
LH:30
end_of_record
SF:lib/_classes/structure/currency/exchange.dart
DA:14,1
DA:18,1
DA:19,2
DA:20,1
DA:24,1
DA:26,3
DA:27,5
DA:29,1
DA:33,2
DA:35,2
LF:10
LH:10
end_of_record
SF:lib/_classes/structure/transaction_log_data.dart
DA:19,1
DA:26,0
DA:28,0
DA:30,0
DA:32,0
DA:33,0
DA:34,0
DA:35,0
DA:36,0
DA:37,0
DA:38,0
DA:39,0
DA:43,0
DA:45,0
DA:46,0
DA:47,0
DA:48,0
DA:49,0
DA:50,0
LF:19
LH:1
end_of_record
SF:lib/_mixins/formatter_mixin.dart
DA:13,0
DA:16,0
DA:18,0
DA:20,0
DA:23,1
DA:25,2
LF:6
LH:2
end_of_record
SF:lib/charts/interface/ohlc_data.dart
DA:13,0
DA:21,0
DA:22,0
DA:23,0
DA:24,0
DA:25,0
DA:26,0
DA:27,0
LF:8
LH:0
end_of_record
SF:lib/_classes/storage/file_parser.dart
DA:40,0
DA:46,0
DA:47,0
DA:48,0
DA:49,0
DA:50,0
DA:51,0
DA:52,0
DA:53,0
DA:54,0
DA:55,0
DA:56,0
DA:57,0
DA:58,0
DA:59,0
DA:61,0
DA:65,0
DA:66,0
DA:67,0
DA:68,0
DA:69,0
DA:71,0
DA:72,0
DA:73,0
DA:76,0
DA:77,0
DA:78,0
DA:82,0
DA:84,0
DA:87,0
DA:88,0
DA:91,0
DA:92,0
DA:95,0
DA:99,0
DA:102,0
DA:103,0
DA:104,0
DA:107,0
DA:114,0
DA:119,0
DA:120,0
DA:122,0
DA:123,0
DA:125,0
DA:126,0
DA:127,0
DA:129,0
DA:132,0
DA:134,0
DA:135,0
DA:137,0
DA:139,0
DA:143,0
DA:145,0
DA:149,0
DA:150,0
DA:151,0
DA:154,0
DA:155,0
DA:156,0
DA:159,0
DA:160,0
LF:63
LH:0
end_of_record
SF:lib/_classes/structure/currency/currency_provider.dart
DA:11,3
DA:12,3
DA:14,1
DA:15,2
DA:16,1
DA:17,2
DA:18,3
DA:22,1
DA:23,2
DA:24,2
DA:25,3
DA:26,1
DA:27,1
DA:28,2
DA:29,2
DA:30,2
DA:31,2
DA:33,1
DA:34,1
DA:38,1
DA:39,1
DA:42,1
DA:43,1
DA:44,1
DA:47,1
DA:48,1
DA:49,3
LF:27
LH:27
end_of_record
SF:lib/_classes/structure/invoice_app_data.dart
DA:16,0
DA:33,0
DA:36,0
DA:39,0
DA:41,0
DA:42,0
DA:43,0
DA:44,0
DA:45,0
DA:46,0
DA:47,0
DA:48,0
DA:49,0
DA:50,0
DA:51,0
DA:52,0
DA:53,0
DA:57,0
DA:58,0
DA:59,0
DA:60,0
DA:61,0
DA:62,0
DA:63,0
DA:64,0
DA:65,0
DA:66,0
DA:67,0
DA:68,0
DA:69,0
DA:70,0
DA:71,0
DA:75,0
DA:76,0
DA:77,0
DA:78,0
DA:79,0
DA:82,0
DA:84,0
DA:85,0
LF:40
LH:0
end_of_record
SF:lib/_classes/storage/file_picker.dart
DA:35,0
DA:37,0
DA:38,0
DA:39,0
DA:43,0
DA:44,0
DA:46,0
DA:54,0
DA:55,0
DA:56,0
DA:57,0
DA:60,0
DA:61,0
DA:62,0
DA:63,0
DA:64,0
DA:67,0
DA:69,0
DA:70,0
DA:71,0
DA:73,0
DA:77,0
DA:78,0
DA:83,0
DA:84,0
DA:85,0
DA:89,0
DA:95,0
DA:96,0
DA:97,0
DA:98,0
DA:99,0
DA:101,0
DA:102,0
DA:103,0
DA:104,0
DA:105,0
DA:106,0
DA:107,0
DA:108,0
DA:110,0
DA:114,0
DA:119,0
DA:120,0
DA:122,0
DA:123,0
DA:124,0
DA:125,0
DA:126,0
DA:127,0
DA:128,0
DA:129,0
DA:132,0
LF:53
LH:0
end_of_record
SF:lib/_mixins/file/file_import_mixin.dart
DA:10,0
DA:11,0
DA:18,0
DA:20,0
DA:22,0
DA:23,0
LF:6
LH:0
end_of_record
SF:lib/_classes/storage/transaction_log/abstract_protocol.dart
DA:8,0
DA:9,0
DA:10,0
DA:11,0
DA:12,0
DA:17,0
DA:18,0
DA:19,0
DA:20,0
DA:25,0
DA:27,0
LF:11
LH:0
end_of_record
SF:lib/_classes/controller/encryption_handler.dart
DA:13,4
DA:15,2
DA:17,1
DA:18,4
DA:21,1
DA:22,2
DA:25,1
DA:26,4
DA:29,0
DA:30,0
LF:10
LH:8
end_of_record
SF:lib/_classes/storage/transaction_log.dart
DA:27,1
DA:28,4
DA:29,1
DA:30,1
DA:31,1
DA:36,1
DA:38,1
DA:42,1
DA:43,1
DA:45,0
DA:50,0
DA:52,0
DA:53,0
DA:54,0
DA:57,0
DA:60,0
DA:62,0
DA:64,0
DA:67,1
DA:69,0
DA:70,0
DA:71,0
DA:76,0
DA:78,2
DA:87,1
DA:88,1
DA:89,1
DA:90,1
DA:92,1
DA:93,1
DA:96,0
DA:97,0
DA:98,0
DA:99,0
DA:100,0
DA:101,0
DA:102,0
DA:103,0
DA:104,0
DA:105,0
DA:106,0
DA:107,0
DA:108,0
DA:109,0
DA:111,0
DA:113,0
DA:114,0
DA:118,0
DA:121,0
DA:122,0
DA:124,0
DA:126,0
DA:130,0
DA:133,1
DA:137,0
DA:139,5
DA:141,1
DA:143,0
DA:149,1
DA:150,1
DA:152,2
DA:153,0
DA:158,0
DA:160,0
DA:165,0
DA:167,0
DA:168,0
DA:169,0
DA:170,0
LF:69
LH:23
end_of_record
SF:lib/_mixins/file/file_export_mixin.dart
DA:10,0
DA:11,0
DA:13,0
DA:14,0
LF:4
LH:0
end_of_record
SF:lib/_classes/storage/transaction_log/file_protocol.dart
DA:19,0
DA:24,0
DA:26,0
DA:27,0
DA:30,0
DA:31,0
DA:32,0
DA:33,0
DA:34,0
DA:37,0
DA:39,0
DA:40,0
DA:42,0
DA:43,0
DA:45,0
DA:47,0
LF:16
LH:0
end_of_record
SF:lib/_classes/storage/transaction_log/interface_protocol.dart
DA:8,0
LF:1
LH:0
end_of_record
SF:lib/_classes/storage/transaction_log/web_dav_data.dart
DA:10,0
DA:17,0
DA:18,0
LF:3
LH:0
end_of_record
SF:lib/_classes/storage/transaction_log/web_dav_protocol.dart
DA:19,0
DA:24,0
DA:25,0
DA:26,0
DA:29,0
DA:30,0
DA:31,0
DA:32,0
DA:33,0
DA:39,0
DA:41,0
DA:45,0
DA:46,0
DA:47,0
DA:48,0
DA:49,0
DA:50,0
DA:52,0
DA:53,0
DA:54,0
DA:58,0
DA:60,0
DA:64,0
DA:65,0
DA:66,0
DA:67,0
DA:69,0
DA:70,0
DA:71,0
DA:72,0
LF:30
LH:0
end_of_record
SF:lib/_classes/structure/navigation/app_menu.dart
DA:10,1
DA:11,2
DA:14,0
DA:17,0
DA:18,0
DA:19,0
DA:20,0
DA:23,0
DA:27,0
DA:29,1
DA:30,2
DA:33,1
DA:34,2
DA:37,1
DA:38,1
DA:39,1
DA:40,2
DA:44,1
DA:45,2
DA:49,1
DA:50,2
DA:54,1
DA:55,2
DA:59,1
DA:60,2
DA:64,1
DA:65,2
DA:69,1
DA:70,2
DA:74,1
DA:75,2
DA:79,1
DA:80,2
DA:84,1
DA:85,2
DA:89,1
DA:90,2
LF:37
LH:30
end_of_record
SF:lib/_classes/structure/navigation/app_menu_item.dart
DA:11,1
LF:1
LH:1
end_of_record
SF:lib/_configs/date_format_helper.dart
DA:14,0
DA:15,0
DA:16,0
DA:17,0
DA:18,0
DA:19,0
DA:20,0
DA:21,0
DA:23,0
DA:24,0
DA:25,0
DA:26,0
DA:27,0
DA:28,0
DA:29,0
DA:30,0
DA:31,0
DA:32,0
DA:34,0
DA:35,0
DA:36,0
DA:37,0
DA:38,0
DA:39,0
DA:40,0
DA:41,0
DA:42,0
DA:43,0
DA:44,0
DA:46,0
DA:50,0
DA:53,0
DA:54,0
DA:55,0
DA:56,0
DA:57,0
DA:58,0
DA:59,0
DA:60,0
DA:61,0
DA:62,0
DA:63,0
DA:64,0
DA:66,0
DA:68,0
DA:70,0
DA:71,0
DA:72,0
DA:75,0
DA:76,0
DA:77,0
DA:78,0
DA:79,0
DA:80,0
DA:82,0
DA:84,0
DA:85,0
DA:88,0
DA:91,0
DA:92,0
DA:93,0
DA:94,0
DA:97,0
DA:98,0
DA:99,0
LF:65
LH:0
end_of_record
SF:lib/_configs/firebase_options.dart
DA:17,0
DA:21,0
DA:22,0
DA:24,0
DA:26,0
LF:5
LH:0
end_of_record
SF:lib/_configs/responsive_matrix.dart
DA:10,1
DA:12,0
DA:14,3
DA:16,1
DA:17,1
DA:18,2
DA:19,2
DA:20,2
DA:21,2
DA:24,3
DA:25,2
DA:26,1
DA:27,1
DA:28,1
DA:33,1
DA:34,1
DA:35,2
DA:36,2
DA:37,2
DA:38,2
DA:41,3
DA:42,2
DA:43,1
DA:44,1
DA:45,1
DA:50,0
DA:51,0
LF:27
LH:24
end_of_record
SF:lib/_ext/color_ext.dart
DA:9,0
DA:10,0
DA:11,0
DA:12,0
DA:14,0
DA:17,0
DA:19,0
DA:20,0
DA:23,0
DA:24,0
LF:10
LH:0
end_of_record
SF:lib/_mixins/launcher_mixin.dart
DA:7,0
DA:8,0
DA:9,0
LF:3
LH:0
end_of_record
SF:lib/charts/bar_horizontal_single.dart
DA:12,1
DA:20,1
DA:22,1
DA:23,1
DA:24,1
DA:26,2
LF:6
LH:6
end_of_record
SF:lib/charts/bar_race_chart.dart
DA:23,0
DA:32,0
DA:33,0
DA:34,0
DA:35,0
DA:36,0
DA:37,0
DA:39,0
DA:40,0
DA:41,0
DA:42,0
DA:44,0
DA:47,0
DA:49,0
DA:52,0
DA:53,0
DA:54,0
DA:55,0
DA:56,0
DA:60,0
DA:62,0
DA:65,0
DA:67,0
DA:69,0
DA:70,0
DA:71,0
DA:72,0
DA:74,0
DA:75,0
DA:79,0
DA:80,0
DA:81,0
DA:85,0
DA:86,0
DA:87,0
LF:35
LH:0
end_of_record
SF:lib/charts/interface/chart_data.dart
DA:12,0
LF:1
LH:0
end_of_record
SF:lib/charts/painter/bar_chart_painter.dart
DA:12,0
DA:22,0
DA:24,0
DA:27,0
DA:28,0
DA:29,0
DA:30,0
DA:31,0
DA:32,0
DA:33,0
DA:34,0
DA:39,0
DA:40,0
DA:43,0
DA:44,0
DA:45,0
DA:46,0
DA:47,0
DA:48,0
DA:49,0
DA:50,0
DA:52,0
DA:55,0
DA:56,0
DA:57,0
DA:59,0
DA:60,0
DA:67,0
DA:68,0
DA:71,0
DA:75,0
DA:76,0
DA:77,0
DA:78,0
DA:79,0
DA:81,0
DA:86,0
DA:87,0
LF:38
LH:0
end_of_record
SF:lib/charts/painter/foreground_chart_painter.dart
DA:29,0
DA:49,0
DA:50,0
DA:51,0
DA:52,0
DA:55,0
DA:56,0
DA:57,0
DA:58,0
DA:59,0
DA:60,0
DA:62,0
DA:66,0
DA:68,0
DA:69,0
DA:70,0
DA:71,0
DA:72,0
DA:73,0
DA:74,0
DA:75,0
DA:79,0
DA:80,0
DA:81,0
DA:82,0
DA:83,0
DA:84,0
DA:87,0
DA:88,0
DA:89,0
DA:90,0
DA:91,0
DA:92,0
DA:93,0
DA:94,0
DA:100,0
DA:101,0
DA:102,0
DA:104,0
DA:105,0
DA:106,0
DA:112,0
DA:113,0
DA:116,0
DA:120,0
DA:121,0
DA:122,0
DA:123,0
DA:124,0
DA:125,0
DA:126,0
DA:131,0
DA:132,0
DA:135,0
DA:136,0
DA:137,0
DA:138,0
DA:139,0
DA:140,0
DA:141,0
DA:142,0
DA:143,0
DA:144,0
DA:146,0
DA:147,0
DA:148,0
DA:149,0
DA:150,0
DA:151,0
DA:156,0
DA:157,0
DA:160,0
DA:161,0
DA:162,0
DA:163,0
DA:164,0
DA:165,0
DA:166,0
DA:168,0
DA:169,0
DA:171,0
DA:173,0
DA:174,0
DA:175,0
DA:176,0
DA:177,0
DA:178,0
DA:179,0
DA:180,0
DA:181,0
DA:182,0
DA:184,0
DA:185,0
DA:187,0
DA:188,0
DA:191,0
DA:192,0
DA:193,0
DA:194,0
DA:195,0
LF:100
LH:0
end_of_record
SF:lib/widgets/_generic/empty_widget.dart
DA:8,4
DA:10,0
DA:12,0
DA:13,0
DA:14,0
DA:15,0
DA:16,0
DA:17,0
LF:8
LH:1
end_of_record
SF:lib/charts/bar_vertical_group.dart
DA:12,1
DA:20,1
DA:22,4
DA:23,3
DA:24,2
DA:25,1
DA:26,1
DA:27,1
DA:28,1
DA:29,2
DA:30,1
DA:31,1
DA:32,2
DA:33,1
DA:34,1
DA:35,7
LF:16
LH:16
end_of_record
SF:lib/charts/bar_vertical_single.dart
DA:13,1
DA:21,1
DA:23,1
DA:24,2
DA:25,2
DA:26,1
DA:27,1
LF:7
LH:7
end_of_record
SF:lib/charts/column_chart.dart
DA:20,0
DA:30,0
DA:32,0
DA:35,0
DA:36,0
DA:37,0
DA:38,0
DA:39,0
DA:40,0
DA:44,0
DA:46,0
DA:47,0
DA:49,0
DA:50,0
DA:51,0
DA:53,0
DA:54,0
DA:55,0
DA:56,0
DA:58,0
DA:59,0
DA:61,0
DA:62,0
DA:63,0
DA:64,0
DA:68,0
DA:69,0
DA:70,0
LF:28
LH:0
end_of_record
SF:lib/charts/painter/column_chart_painter.dart
DA:11,0
DA:20,0
DA:22,0
DA:25,0
DA:26,0
DA:27,0
DA:31,0
DA:32,0
DA:33,0
DA:37,0
DA:38,0
DA:39,0
DA:40,0
DA:41,0
DA:42,0
DA:43,0
DA:44,0
DA:45,0
DA:47,0
LF:19
LH:0
end_of_record
SF:lib/charts/forecast_chart.dart
DA:18,0
DA:28,0
DA:30,0
DA:33,0
DA:34,0
DA:35,0
DA:36,0
DA:37,0
DA:38,0
DA:42,0
DA:45,0
DA:47,0
DA:48,0
DA:50,0
DA:51,0
DA:52,0
DA:53,0
DA:55,0
DA:56,0
DA:58,0
DA:59,0
DA:60,0
DA:61,0
DA:65,0
DA:66,0
DA:67,0
LF:26
LH:0
end_of_record
SF:lib/charts/painter/forecast_chart_painter.dart
DA:13,0
DA:22,0
DA:24,0
DA:27,0
DA:28,0
DA:29,0
DA:30,0
DA:31,0
DA:32,0
DA:33,0
DA:34,0
DA:35,0
DA:36,0
DA:41,0
DA:42,0
DA:43,0
DA:44,0
DA:48,0
DA:49,0
DA:52,0
DA:53,0
DA:56,0
DA:57,0
DA:61,0
DA:64,0
DA:65,0
DA:66,0
DA:67,0
DA:68,0
DA:69,0
DA:70,0
DA:71,0
DA:75,0
DA:78,0
DA:79,0
DA:80,0
DA:81,0
DA:82,0
DA:85,0
DA:87,0
DA:90,0
DA:91,0
DA:92,0
DA:95,0
DA:96,0
DA:97,0
DA:98,0
DA:99,0
DA:100,0
DA:101,0
DA:102,0
LF:51
LH:0
end_of_record
SF:lib/charts/gauge_chart.dart
DA:15,0
DA:25,0
DA:27,0
DA:28,0
DA:29,0
DA:30,0
DA:31,0
DA:32,0
DA:33,0
DA:34,0
DA:35,0
LF:11
LH:0
end_of_record
SF:lib/charts/painter/gauge_painter.dart
DA:17,0
DA:23,0
DA:26,0
DA:28,0
DA:29,0
DA:31,0
DA:32,0
DA:33,0
DA:34,0
DA:37,0
DA:40,0
DA:41,0
DA:42,0
DA:44,0
DA:45,0
DA:46,0
DA:51,0
DA:52,0
DA:53,0
DA:54,0
DA:55,0
DA:56,0
DA:58,0
DA:60,0
DA:63,0
DA:64,0
DA:65,0
DA:66,0
DA:67,0
DA:68,0
DA:69,0
DA:70,0
DA:73,0
DA:74,0
DA:75,0
DA:76,0
DA:77,0
DA:79,0
DA:80,0
DA:81,0
DA:82,0
DA:83,0
DA:84,0
DA:87,0
DA:88,0
DA:89,0
DA:90,0
DA:93,0
DA:94,0
DA:95,0
DA:96,0
DA:97,0
DA:98,0
DA:99,0
DA:100,0
DA:101,0
DA:102,0
DA:103,0
DA:104,0
DA:105,0
DA:106,0
DA:109,0
LF:62
LH:0
end_of_record
SF:lib/charts/interface/chart_value.dart
DA:11,0
LF:1
LH:0
end_of_record
SF:lib/charts/interface/data_scope.dart
DA:13,0
LF:1
LH:0
end_of_record
SF:lib/charts/ohlc_chart.dart
DA:20,0
DA:30,0
DA:34,0
DA:35,0
DA:36,0
DA:38,0
DA:41,0
DA:42,0
DA:43,0
DA:44,0
DA:45,0
DA:46,0
DA:50,0
DA:53,0
DA:55,0
DA:56,0
DA:58,0
DA:60,0
DA:61,0
DA:62,0
DA:63,0
DA:65,0
DA:66,0
DA:69,0
DA:71,0
DA:72,0
DA:76,0
DA:77,0
DA:78,0
LF:29
LH:0
end_of_record
SF:lib/charts/painter/ohlc_chart_painter.dart
DA:12,0
DA:22,0
DA:24,0
DA:27,0
DA:28,0
DA:29,0
DA:30,0
DA:34,0
DA:35,0
DA:36,0
DA:37,0
DA:38,0
DA:39,0
DA:40,0
DA:41,0
DA:42,0
DA:44,0
DA:47,0
DA:48,0
DA:49,0
DA:50,0
DA:51,0
DA:52,0
DA:53,0
LF:24
LH:0
end_of_record
SF:lib/charts/painter/abstract_painter.dart
DA:17,0
DA:26,0
DA:31,0
DA:32,0
DA:33,0
DA:34,0
LF:6
LH:0
end_of_record
SF:lib/charts/painter/line_chart_painter.dart
DA:11,0
DA:21,0
DA:23,0
DA:26,0
DA:27,0
DA:28,0
DA:32,0
DA:33,0
DA:34,0
DA:38,0
DA:39,0
DA:40,0
DA:41,0
DA:42,0
DA:43,0
LF:15
LH:0
end_of_record
SF:lib/charts/painter/pie_radius_painter.dart
DA:15,0
DA:19,0
DA:20,0
DA:23,0
DA:26,0
DA:28,0
DA:29,0
DA:31,0
DA:32,0
DA:33,0
DA:37,0
DA:38,0
DA:39,0
DA:40,0
DA:41,0
DA:42,0
DA:44,0
DA:45,0
DA:46,0
LF:19
LH:0
end_of_record
SF:lib/charts/pie_radius_chart.dart
DA:13,0
DA:20,0
DA:22,0
DA:23,0
DA:24,0
DA:25,0
DA:26,0
DA:27,0
DA:29,0
LF:9
LH:0
end_of_record
SF:lib/charts/radial_bar_chart.dart
DA:11,1
DA:18,1
DA:20,1
DA:22,1
DA:23,1
DA:24,1
DA:26,1
DA:27,1
DA:29,1
DA:30,1
DA:31,1
LF:11
LH:11
end_of_record
SF:lib/charts/trade_chart.dart
DA:22,0
DA:31,0
DA:32,0
DA:33,0
DA:34,0
DA:36,0
DA:37,0
DA:38,0
DA:39,0
DA:40,0
DA:42,0
DA:43,0
DA:45,0
DA:46,0
DA:49,0
DA:50,0
DA:52,0
DA:53,0
DA:54,0
DA:55,0
DA:56,0
DA:58,0
DA:60,0
DA:61,0
DA:62,0
DA:63,0
DA:69,0
DA:71,0
DA:72,0
DA:73,0
DA:75,0
DA:79,0
DA:80,0
DA:81,0
DA:83,0
DA:84,0
DA:86,0
DA:89,0
DA:90,0
DA:91,0
DA:92,0
DA:94,0
DA:95,0
DA:97,0
DA:98,0
DA:99,0
DA:100,0
DA:101,0
DA:105,0
DA:106,0
DA:107,0
LF:51
LH:0
end_of_record
SF:lib/routes/about_page.dart
DA:14,1
DA:16,0
DA:17,0
DA:24,0
DA:26,0
DA:27,0
DA:28,0
DA:29,0
DA:32,0
DA:35,0
DA:37,0
DA:40,0
DA:43,0
DA:48,0
DA:50,0
DA:51,0
DA:52,0
DA:53,0
DA:54,0
DA:55,0
DA:56,0
DA:57,0
DA:59,0
DA:60,0
DA:65,0
DA:66,0
DA:67,0
DA:69,0
DA:70,0
DA:71,0
DA:72,0
DA:78,0
DA:83,0
DA:84,0
DA:85,0
DA:86,0
DA:87,0
DA:90,0
DA:91,0
DA:92,0
DA:93,0
DA:96,0
DA:97,0
DA:98,0
DA:99,0
DA:105,0
DA:106,0
DA:107,0
DA:108,0
DA:109,0
DA:110,0
DA:112,0
LF:52
LH:1
end_of_record
SF:lib/routes/account_add_page.dart
DA:35,2
DA:47,1
DA:48,1
DA:62,1
DA:64,4
DA:65,4
DA:66,3
DA:67,3
DA:68,4
DA:69,3
DA:70,3
DA:71,1
DA:72,4
DA:73,1
DA:76,1
DA:78,2
DA:81,1
DA:83,9
DA:84,1
DA:87,1
DA:89,3
DA:90,2
DA:91,1
DA:92,2
DA:93,3
DA:95,1
DA:96,1
DA:98,1
DA:99,1
DA:100,1
DA:104,1
DA:105,2
DA:107,1
DA:109,1
DA:110,1
DA:112,2
DA:113,1
DA:118,1
DA:120,2
DA:121,1
DA:122,1
DA:123,1
DA:125,1
DA:126,2
DA:127,1
DA:128,1
DA:129,1
DA:131,1
DA:132,1
DA:133,2
DA:134,1
DA:136,1
DA:137,1
DA:138,2
DA:139,1
DA:140,4
DA:144,1
DA:145,2
DA:146,1
DA:148,1
DA:149,1
DA:150,2
DA:153,1
DA:155,1
DA:157,1
DA:158,1
DA:159,1
DA:160,2
DA:161,1
DA:163,1
DA:164,1
DA:165,0
DA:168,1
DA:169,1
DA:170,2
DA:171,1
DA:173,1
DA:174,1
DA:175,0
DA:178,1
DA:179,1
DA:180,2
DA:181,1
DA:183,1
DA:184,1
DA:185,2
DA:191,1
DA:192,2
DA:193,1
DA:195,1
DA:196,2
DA:197,2
DA:198,4
DA:201,1
DA:202,2
DA:203,1
DA:205,1
DA:206,1
DA:207,0
DA:210,1
DA:211,2
DA:212,1
DA:214,1
DA:215,1
DA:217,2
DA:218,1
DA:219,1
DA:223,1
DA:225,1
DA:226,1
DA:227,2
DA:228,1
DA:230,1
DA:231,2
DA:236,1
DA:238,1
DA:239,0
LF:117
LH:113
end_of_record
SF:lib/routes/account_edit_page.dart
DA:13,0
DA:18,0
DA:19,0
DA:26,0
DA:28,0
DA:29,0
DA:32,0
DA:33,0
DA:36,0
DA:37,0
DA:38,0
DA:39,0
DA:40,0
DA:41,0
DA:42,0
DA:43,0
DA:44,0
DA:45,0
DA:46,0
DA:47,0
DA:51,0
DA:53,0
DA:56,0
DA:58,0
DA:59,0
DA:60,0
DA:61,0
DA:62,0
DA:63,0
DA:64,0
DA:65,0
DA:67,0
DA:68,0
DA:70,0
DA:71,0
DA:72,0
DA:76,0
DA:77,0
DA:79,0
DA:81,0
DA:82,0
LF:41
LH:0
end_of_record
SF:lib/routes/account_view_page.dart
DA:21,0
DA:26,0
DA:27,0
DA:33,0
DA:35,0
DA:36,0
DA:39,0
DA:41,0
DA:42,0
DA:45,0
DA:47,0
DA:48,0
DA:51,0
DA:54,0
DA:56,0
DA:57,0
DA:58,0
DA:59,0
DA:60,0
DA:61,0
DA:62,0
DA:64,0
DA:65,0
DA:68,0
DA:70,0
DA:71,0
DA:78,0
DA:79,0
DA:80,0
DA:82,0
DA:83,0
DA:85,0
DA:86,0
DA:87,0
DA:88,0
DA:92,0
DA:93,0
DA:94,0
DA:95,0
DA:96,0
DA:97,0
DA:98,0
DA:99,0
DA:100,0
DA:101,0
DA:102,0
DA:106,0
DA:108,0
DA:109,0
DA:110,0
DA:111,0
DA:112,0
DA:113,0
DA:114,0
DA:115,0
DA:116,0
DA:117,0
DA:118,0
DA:119,0
DA:120,0
DA:121,0
DA:125,0
DA:126,0
DA:127,0
DA:128,0
DA:129,0
DA:130,0
DA:133,0
DA:134,0
DA:135,0
DA:136,0
DA:137,0
DA:138,0
DA:139,0
DA:140,0
DA:141,0
DA:142,0
DA:144,0
DA:145,0
DA:146,0
DA:147,0
DA:149,0
DA:150,0
DA:151,0
DA:152,0
LF:85
LH:0
end_of_record
SF:lib/routes/account_page.dart
DA:16,1
DA:21,1
DA:22,1
DA:28,1
DA:30,2
DA:32,0
DA:33,0
DA:34,0
DA:35,0
DA:36,0
DA:38,0
DA:42,2
DA:47,1
DA:49,2
DA:50,0
DA:52,2
DA:55,1
DA:56,2
DA:58,1
DA:60,1
DA:61,1
DA:63,2
DA:64,1
DA:69,1
DA:71,1
DA:72,7
DA:75,1
DA:76,1
DA:77,1
DA:78,2
DA:79,2
DA:80,1
DA:81,1
LF:33
LH:26
end_of_record
SF:lib/routes/automation_page.dart
DA:12,1
DA:14,0
DA:15,0
DA:21,0
DA:23,0
DA:24,0
DA:27,0
DA:30,0
DA:35,0
DA:37,0
DA:38,0
DA:39,0
DA:40,0
DA:42,0
DA:43,0
DA:44,0
DA:45,0
DA:46,0
DA:51,0
DA:52,0
DA:53,0
DA:54,0
DA:55,0
DA:68,0
DA:70,0
LF:25
LH:1
end_of_record
SF:lib/routes/bill_add_page.dart
DA:15,1
DA:17,0
DA:18,0
DA:25,0
DA:27,0
DA:28,0
DA:31,0
DA:33,0
DA:34,0
DA:35,0
DA:38,0
DA:40,0
DA:41,0
DA:42,0
DA:43,0
DA:44,0
DA:45,0
DA:46,0
DA:48,0
DA:50,0
DA:52,0
DA:54,0
DA:56,0
DA:60,0
DA:61,0
DA:63,0
DA:64,0
DA:65,0
DA:66,0
DA:67,0
DA:68,0
DA:69,0
LF:32
LH:1
end_of_record
SF:lib/routes/bill_edit_page.dart
DA:13,0
DA:18,0
DA:20,0
DA:21,0
DA:22,0
DA:24,0
DA:25,0
DA:26,0
DA:27,0
DA:28,0
DA:29,0
DA:30,0
LF:12
LH:0
end_of_record
SF:lib/routes/bill_page.dart
DA:13,1
DA:15,0
DA:16,0
DA:22,0
DA:24,0
DA:27,0
DA:28,0
DA:30,0
DA:32,0
DA:33,0
DA:35,0
DA:36,0
DA:41,0
DA:43,0
DA:44,0
DA:47,0
DA:48,0
DA:49,0
DA:50,0
DA:51,0
DA:52,0
DA:53,0
LF:22
LH:1
end_of_record
SF:lib/routes/bill_view_page.dart
DA:17,0
DA:22,0
DA:23,0
DA:27,0
DA:29,0
DA:30,0
DA:33,0
DA:36,0
DA:38,0
DA:39,0
DA:40,0
DA:41,0
DA:42,0
DA:43,0
DA:44,0
DA:46,0
DA:47,0
DA:50,0
DA:52,0
DA:53,0
DA:60,0
DA:62,0
DA:63,0
DA:64,0
DA:65,0
DA:66,0
DA:67,0
DA:68,0
DA:69,0
DA:70,0
DA:71,0
DA:72,0
DA:73,0
DA:74,0
LF:34
LH:0
end_of_record
SF:lib/routes/budget_page.dart
DA:15,1
DA:20,1
DA:21,1
DA:27,1
DA:29,2
DA:31,0
DA:32,0
DA:34,0
DA:38,2
DA:43,1
DA:45,2
DA:46,0
DA:48,2
DA:51,1
DA:52,2
DA:54,1
DA:56,1
DA:57,1
DA:59,2
DA:60,1
DA:65,1
DA:67,1
DA:68,7
DA:71,1
DA:72,1
DA:73,1
DA:74,2
DA:75,2
DA:76,1
DA:77,1
LF:30
LH:26
end_of_record
SF:lib/routes/budget_add_page.dart
DA:29,2
DA:38,1
DA:39,1
DA:49,1
DA:51,4
DA:52,4
DA:53,3
DA:54,3
DA:55,1
DA:56,4
DA:57,1
DA:60,1
DA:62,2
DA:65,1
DA:67,6
DA:68,1
DA:71,1
DA:73,3
DA:74,2
DA:75,3
DA:77,1
DA:79,1
DA:80,1
DA:84,1
DA:85,2
DA:87,1
DA:89,1
DA:90,1
DA:92,2
DA:93,1
DA:98,1
DA:100,2
DA:101,1
DA:102,1
DA:104,1
DA:105,2
DA:106,1
DA:107,1
DA:108,1
DA:110,1
DA:111,4
DA:112,1
DA:113,1
DA:114,2
DA:117,1
DA:119,1
DA:121,1
DA:122,1
DA:123,1
DA:124,2
DA:125,1
DA:127,1
DA:128,1
DA:129,0
DA:132,1
DA:133,1
DA:134,2
DA:135,1
DA:137,1
DA:138,1
DA:139,0
DA:145,1
DA:146,2
DA:147,1
DA:149,1
DA:150,1
DA:152,2
DA:153,1
DA:154,2
DA:158,1
DA:159,2
DA:160,1
DA:162,1
DA:163,2
DA:164,2
DA:165,4
LF:76
LH:74
end_of_record
SF:lib/routes/budget_edit_page.dart
DA:12,0
DA:17,0
DA:18,0
DA:25,0
DA:27,0
DA:28,0
DA:31,0
DA:32,0
DA:35,0
DA:36,0
DA:37,0
DA:38,0
DA:39,0
DA:40,0
DA:41,0
DA:42,0
DA:46,0
DA:48,0
DA:51,0
DA:53,0
DA:54,0
DA:55,0
DA:56,0
DA:57,0
DA:58,0
DA:59,0
DA:62,0
DA:64,0
DA:67,0
DA:69,0
DA:70,0
LF:31
LH:0
end_of_record
SF:lib/routes/budget_view_page.dart
DA:20,0
DA:25,0
DA:26,0
DA:32,0
DA:34,0
DA:35,0
DA:38,0
DA:40,0
DA:41,0
DA:44,0
DA:47,0
DA:49,0
DA:50,0
DA:51,0
DA:52,0
DA:53,0
DA:54,0
DA:55,0
DA:57,0
DA:58,0
DA:61,0
DA:63,0
DA:64,0
DA:71,0
DA:72,0
DA:75,0
DA:77,0
DA:79,0
DA:83,0
DA:84,0
DA:85,0
DA:86,0
DA:87,0
DA:88,0
DA:89,0
DA:90,0
DA:91,0
DA:92,0
DA:97,0
DA:99,0
DA:100,0
DA:101,0
DA:102,0
DA:103,0
DA:104,0
DA:105,0
DA:106,0
DA:107,0
DA:108,0
DA:109,0
DA:110,0
DA:111,0
DA:112,0
DA:116,0
DA:117,0
DA:118,0
DA:119,0
DA:120,0
DA:123,0
DA:124,0
DA:125,0
DA:126,0
DA:127,0
DA:128,0
DA:129,0
DA:130,0
DA:131,0
DA:132,0
DA:134,0
DA:135,0
DA:136,0
DA:137,0
LF:72
LH:0
end_of_record
SF:lib/routes/currency_page.dart
DA:17,1
DA:19,0
DA:20,0
DA:26,0
DA:28,0
DA:31,0
DA:32,0
DA:34,0
DA:36,0
DA:38,0
DA:39,0
DA:44,0
DA:45,0
DA:46,0
DA:48,0
DA:51,0
DA:53,0
DA:57,0
DA:59,0
DA:60,0
DA:61,0
DA:62,0
DA:63,0
DA:64,0
DA:65,0
DA:66,0
DA:67,0
DA:70,0
DA:73,0
DA:74,0
DA:75,0
DA:76,0
DA:77,0
DA:78,0
DA:79,0
DA:81,0
DA:83,0
DA:84,0
DA:85,0
DA:87,0
DA:88,0
DA:89,0
DA:90,0
DA:93,0
DA:94,0
DA:95,0
DA:101,0
DA:102,0
DA:103,0
DA:105,0
DA:108,0
DA:109,0
DA:110,0
DA:111,0
DA:112,0
LF:55
LH:1
end_of_record
SF:lib/routes/goal_add_page.dart
DA:32,1
DA:42,0
DA:43,0
DA:55,0
DA:57,0
DA:58,0
DA:59,0
DA:60,0
DA:61,0
DA:62,0
DA:63,0
DA:64,0
DA:67,0
DA:69,0
DA:72,0
DA:73,0
DA:74,0
DA:77,0
DA:78,0
DA:79,0
DA:80,0
DA:81,0
DA:83,0
DA:85,0
DA:86,0
DA:87,0
DA:88,0
DA:92,0
DA:93,0
DA:95,0
DA:97,0
DA:98,0
DA:100,0
DA:101,0
DA:102,0
DA:105,0
DA:106,0
DA:107,0
DA:110,0
DA:115,0
DA:117,0
DA:118,0
DA:119,0
DA:121,0
DA:122,0
DA:123,0
DA:124,0
DA:125,0
DA:127,0
DA:128,0
DA:129,0
DA:130,0
DA:131,0
DA:134,0
DA:136,0
DA:139,0
DA:140,0
DA:141,0
DA:142,0
DA:143,0
DA:145,0
DA:146,0
DA:147,0
DA:150,0
DA:151,0
DA:152,0
DA:153,0
DA:155,0
DA:156,0
DA:157,0
DA:163,0
DA:165,0
DA:168,0
DA:169,0
DA:170,0
DA:171,0
DA:172,0
DA:174,0
DA:175,0
DA:176,0
DA:177,0
DA:178,0
DA:181,0
DA:182,0
DA:183,0
DA:184,0
DA:186,0
DA:187,0
DA:189,0
DA:190,0
DA:191,0
DA:198,0
DA:199,0
DA:200,0
DA:201,0
LF:95
LH:1
end_of_record
SF:lib/routes/goal_edit_page.dart
DA:12,0
DA:17,0
DA:18,0
DA:25,0
DA:27,0
DA:28,0
DA:31,0
DA:33,0
DA:36,0
DA:38,0
DA:39,0
DA:40,0
DA:41,0
DA:42,0
DA:43,0
DA:44,0
DA:45,0
DA:48,0
DA:49,0
DA:52,0
DA:53,0
DA:54,0
DA:55,0
DA:56,0
DA:57,0
DA:58,0
DA:59,0
DA:60,0
DA:64,0
DA:66,0
DA:69,0
DA:71,0
DA:72,0
LF:33
LH:0
end_of_record
SF:lib/routes/goal_page.dart
DA:21,1
DA:23,0
DA:24,0
DA:28,0
DA:30,0
DA:33,0
DA:34,0
DA:36,0
DA:38,0
DA:39,0
DA:41,0
DA:42,0
DA:47,0
DA:48,0
DA:49,0
DA:50,0
DA:51,0
DA:52,0
DA:55,0
DA:56,0
DA:60,0
DA:61,0
DA:63,0
DA:64,0
DA:65,0
DA:68,0
DA:70,0
DA:71,0
DA:72,0
DA:73,0
DA:74,0
DA:75,0
DA:76,0
DA:77,0
DA:78,0
DA:80,0
DA:81,0
DA:82,0
DA:83,0
DA:84,0
DA:86,0
DA:91,0
DA:92,0
DA:93,0
DA:94,0
DA:95,0
DA:96,0
DA:97,0
DA:100,0
DA:101,0
DA:105,0
DA:113,0
DA:114,0
DA:115,0
DA:117,0
DA:118,0
DA:119,0
DA:120,0
DA:121,0
DA:122,0
DA:123,0
DA:126,0
LF:62
LH:1
end_of_record
SF:lib/routes/goal_view_page.dart
DA:19,0
DA:24,0
DA:25,0
DA:31,0
DA:33,0
DA:34,0
DA:37,0
DA:39,0
DA:40,0
DA:43,0
DA:44,0
DA:45,0
DA:47,0
DA:48,0
DA:49,0
DA:51,0
DA:52,0
DA:53,0
DA:54,0
DA:57,0
DA:60,0
DA:62,0
DA:63,0
DA:64,0
DA:65,0
DA:66,0
DA:67,0
DA:68,0
DA:69,0
DA:70,0
DA:72,0
DA:73,0
DA:76,0
DA:78,0
DA:79,0
DA:82,0
DA:84,0
DA:85,0
DA:92,0
DA:94,0
DA:95,0
DA:96,0
DA:97,0
DA:98,0
DA:99,0
DA:100,0
DA:101,0
DA:102,0
DA:103,0
DA:104,0
DA:105,0
DA:106,0
DA:107,0
LF:53
LH:0
end_of_record
SF:lib/routes/home_page.dart
DA:27,1
DA:29,1
DA:30,1
DA:36,1
DA:38,1
DA:39,2
DA:42,0
DA:44,0
DA:47,1
DA:49,1
DA:50,1
DA:51,1
DA:52,1
DA:58,2
DA:59,0
DA:66,1
DA:68,1
DA:69,1
DA:70,1
DA:75,2
DA:76,0
DA:82,1
DA:84,1
DA:88,2
DA:92,1
DA:93,2
DA:95,1
DA:97,1
DA:98,1
DA:100,0
DA:101,1
DA:106,1
DA:108,2
DA:109,1
DA:112,2
DA:113,1
DA:114,1
DA:117,1
DA:121,1
DA:123,1
DA:124,1
DA:125,2
DA:126,1
DA:127,1
DA:128,1
DA:129,4
DA:131,1
DA:133,6
DA:134,2
DA:137,2
DA:140,1
DA:141,0
DA:143,1
DA:145,5
DA:146,2
DA:149,2
DA:152,1
DA:153,0
DA:154,3
DA:155,1
DA:157,5
DA:158,2
DA:161,2
DA:164,1
DA:165,0
DA:166,3
DA:168,1
DA:172,1
DA:173,0
DA:174,0
DA:175,0
DA:176,0
DA:178,1
DA:179,0
DA:180,0
DA:181,0
DA:183,2
DA:184,1
DA:185,1
DA:187,0
DA:188,0
DA:191,1
DA:192,2
DA:193,1
DA:196,2
LF:85
LH:68
end_of_record
SF:lib/routes/metrics_page.dart
DA:15,1
DA:20,0
DA:21,0
DA:25,0
DA:28,0
DA:33,0
DA:35,0
DA:36,0
DA:37,0
DA:38,0
DA:40,0
DA:42,0
DA:44,0
DA:46,0
DA:48,0
DA:51,0
DA:52,0
DA:53,0
DA:54,0
DA:59,0
DA:61,0
LF:21
LH:1
end_of_record
SF:lib/routes/settings_page.dart
DA:14,1
DA:16,0
DA:17,0
DA:21,0
DA:22,0
DA:24,0
DA:27,0
DA:30,0
DA:32,0
DA:34,0
DA:35,0
DA:37,0
DA:39,0
DA:41,0
DA:43,0
DA:45,0
LF:16
LH:1
end_of_record
SF:lib/routes/start_page.dart
DA:17,2
DA:19,1
DA:20,1
DA:26,3
DA:28,1
DA:29,2
DA:31,1
DA:32,1
DA:34,1
DA:35,1
DA:37,1
DA:38,1
DA:40,1
DA:43,1
DA:45,2
DA:46,1
DA:47,2
DA:49,2
DA:50,1
DA:52,2
DA:53,1
DA:54,2
DA:59,1
DA:61,1
DA:62,2
DA:63,2
DA:64,1
DA:66,1
DA:68,1
DA:69,1
DA:70,3
DA:71,3
DA:72,3
DA:73,3
LF:34
LH:34
end_of_record
SF:lib/routes/subscription_page.dart
DA:12,1
DA:14,0
DA:15,0
DA:19,0
DA:22,0
DA:27,0
DA:29,0
DA:30,0
DA:31,0
DA:32,0
DA:33,0
DA:34,0
DA:36,0
DA:44,0
DA:46,0
LF:15
LH:1
end_of_record
SF:lib/routes/abstract_page_state.dart
DA:33,1
DA:34,1
DA:35,1
DA:41,2
DA:42,0
DA:47,1
DA:48,1
DA:49,1
DA:50,0
DA:51,0
DA:52,0
DA:53,0
DA:54,0
DA:55,0
DA:56,0
DA:58,0
DA:62,0
DA:64,0
DA:65,1
DA:66,1
DA:67,2
DA:68,1
DA:70,2
DA:79,1
DA:80,1
DA:81,1
DA:82,4
DA:86,0
DA:87,0
DA:88,0
DA:89,0
DA:91,0
DA:92,0
DA:93,0
DA:97,1
DA:98,1
DA:99,1
DA:100,1
DA:106,2
DA:107,1
DA:108,1
DA:110,3
DA:111,1
DA:112,2
DA:113,1
DA:114,1
DA:116,1
DA:119,1
DA:120,1
DA:121,2
DA:122,1
DA:123,1
DA:125,5
DA:129,1
DA:135,1
DA:136,3
DA:137,1
DA:138,1
DA:140,1
DA:141,1
DA:142,1
DA:143,1
DA:146,2
DA:147,1
DA:148,2
DA:149,2
DA:151,4
DA:152,1
DA:159,1
DA:161,1
DA:162,2
DA:163,1
DA:164,2
DA:165,1
DA:166,3
DA:167,4
DA:168,2
DA:170,1
DA:171,0
DA:172,1
DA:173,1
DA:174,2
LF:82
LH:63
end_of_record
SF:lib/widgets/_wrappers/row_widget.dart
DA:14,1
DA:22,1
DA:23,3
DA:25,6
DA:26,3
DA:27,1
DA:30,1
DA:31,2
DA:32,2
DA:33,2
DA:35,1
DA:38,1
DA:39,0
DA:40,0
DA:43,1
DA:44,2
DA:45,3
DA:47,2
DA:50,1
DA:52,1
DA:53,1
DA:54,1
DA:55,1
DA:57,6
DA:58,2
DA:59,2
DA:60,4
DA:61,1
DA:62,1
DA:63,3
DA:64,3
DA:66,1
DA:68,3
LF:33
LH:31
end_of_record
SF:lib/routes/abstract_add_page.dart
DA:8,2
DA:18,1
DA:19,2
DA:20,1
DA:23,1
DA:24,1
DA:25,1
LF:7
LH:7
end_of_record
SF:lib/widgets/_generic/menu_widget.dart
DA:13,1
DA:20,1
DA:21,1
DA:22,1
DA:25,1
DA:27,2
DA:28,2
DA:29,5
DA:30,2
DA:31,1
DA:33,1
DA:34,1
DA:35,1
DA:36,1
DA:39,1
DA:41,1
DA:42,1
DA:43,2
DA:47,1
DA:48,2
DA:49,2
DA:51,0
DA:53,0
LF:23
LH:21
end_of_record
SF:lib/widgets/_wrappers/toolbar_button_widget.dart
DA:12,1
DA:20,1
DA:21,1
DA:27,1
DA:29,1
DA:30,0
DA:31,0
DA:32,1
DA:33,2
DA:36,1
DA:38,1
DA:39,3
DA:41,1
DA:42,2
DA:43,1
DA:47,2
LF:16
LH:14
end_of_record
SF:lib/widgets/_forms/color_selector.dart
DA:17,1
DA:21,1
DA:23,1
DA:24,1
DA:28,0
DA:30,0
DA:31,0
DA:32,0
DA:33,0
DA:35,0
DA:37,0
DA:38,0
DA:39,0
DA:40,0
DA:41,0
DA:43,0
DA:44,0
DA:45,0
DA:49,0
DA:50,0
DA:51,0
DA:52,0
DA:53,0
DA:55,0
DA:63,1
DA:65,1
DA:67,0
DA:68,1
DA:71,6
DA:72,1
LF:30
LH:9
end_of_record
SF:lib/widgets/_forms/date_time_input.dart
DA:22,1
DA:27,1
DA:29,1
DA:30,1
DA:34,0
DA:36,0
DA:37,0
DA:38,0
DA:42,1
DA:44,1
DA:45,2
DA:46,1
DA:47,2
DA:49,1
DA:51,1
DA:53,1
DA:54,1
DA:55,1
DA:56,2
DA:57,2
DA:60,1
DA:61,1
DA:62,4
DA:63,1
DA:64,2
DA:65,1
DA:66,1
DA:67,3
DA:69,4
DA:71,0
LF:30
LH:25
end_of_record
SF:lib/widgets/_wrappers/full_sized_button_widget.dart
DA:21,1
DA:27,1
DA:28,3
DA:31,1
DA:33,4
DA:34,1
DA:35,2
DA:36,5
DA:37,1
DA:39,1
DA:40,1
DA:41,1
DA:42,1
DA:43,1
DA:44,1
DA:46,1
DA:47,1
DA:48,1
DA:49,1
DA:51,2
DA:54,0
DA:55,0
DA:56,0
DA:57,0
DA:58,0
DA:59,0
LF:26
LH:20
end_of_record
SF:lib/widgets/_forms/icon_selector.dart
DA:15,1
DA:19,1
DA:21,1
DA:22,1
DA:26,0
DA:28,0
DA:29,0
DA:30,0
DA:33,1
DA:35,1
DA:36,0
DA:38,2
DA:39,1
DA:40,1
DA:43,4
DA:44,3
DA:45,1
LF:17
LH:12
end_of_record
SF:lib/widgets/_forms/month_year_input.dart
DA:18,1
DA:22,1
DA:24,1
DA:25,1
DA:29,0
DA:31,0
DA:33,0
DA:34,0
DA:35,0
DA:37,0
DA:42,0
DA:43,0
DA:47,1
DA:49,2
DA:50,4
DA:51,1
DA:52,4
DA:53,1
DA:54,2
DA:55,0
DA:56,0
DA:59,1
DA:60,2
DA:61,3
DA:63,0
LF:25
LH:14
end_of_record
SF:lib/widgets/_forms/simple_input.dart
DA:17,4
DA:19,1
DA:26,2
DA:27,1
DA:28,0
DA:32,1
DA:34,2
DA:35,1
DA:36,1
DA:37,1
DA:38,4
DA:39,1
DA:40,1
DA:41,1
DA:42,3
DA:43,0
DA:44,1
DA:45,1
DA:48,4
DA:49,1
DA:50,5
LF:21
LH:19
end_of_record
SF:lib/widgets/_wrappers/required_widget.dart
DA:12,1
DA:18,1
DA:20,2
DA:21,1
DA:23,1
DA:24,1
DA:25,2
DA:26,1
DA:28,2
DA:29,1
DA:30,1
DA:31,1
DA:32,3
DA:35,1
DA:36,0
DA:38,0
DA:39,0
LF:17
LH:14
end_of_record
SF:lib/widgets/home/account_widget.dart
DA:22,1
DA:35,1
DA:39,1
DA:41,1
DA:42,3
DA:43,1
DA:44,1
DA:45,1
DA:47,1
DA:48,2
DA:50,2
DA:51,8
DA:54,5
DA:55,2
DA:59,1
DA:60,5
DA:63,0
DA:64,0
DA:65,0
DA:66,0
DA:67,0
DA:69,0
DA:73,1
DA:75,4
DA:78,0
DA:79,0
DA:80,0
DA:81,0
DA:84,0
DA:87,0
DA:88,0
DA:89,0
DA:90,0
DA:91,0
DA:92,0
DA:93,0
DA:94,0
DA:95,0
DA:96,0
DA:98,0
DA:102,1
DA:103,1
DA:104,1
DA:106,1
DA:107,1
DA:108,1
DA:109,1
DA:110,1
DA:111,1
DA:112,1
DA:113,1
DA:114,1
DA:115,1
DA:116,1
LF:54
LH:32
end_of_record
SF:lib/_classes/storage/history_data.dart
DA:10,3
DA:12,1
DA:13,2
DA:14,3
DA:16,1
DA:17,7
DA:18,1
DA:20,1
DA:28,0
DA:29,0
DA:32,0
DA:33,0
LF:12
LH:8
end_of_record
SF:lib/widgets/_generic/base_list_infinite_widget.dart
DA:16,1
DA:24,1
DA:25,1
DA:35,1
DA:37,1
DA:38,3
DA:39,1
DA:40,3
DA:43,1
DA:45,2
DA:46,1
DA:49,1
DA:50,3
DA:51,2
DA:52,2
DA:53,1
DA:54,1
DA:59,1
DA:60,1
DA:63,4
DA:64,3
DA:65,2
DA:67,5
DA:70,0
DA:71,0
DA:72,0
DA:73,0
DA:74,0
DA:75,0
DA:76,0
DA:80,0
DA:81,0
DA:82,0
DA:83,0
DA:84,0
DA:85,0
DA:86,0
DA:90,1
DA:92,4
DA:93,0
DA:95,1
DA:98,1
DA:99,3
DA:100,1
DA:101,1
DA:103,4
DA:104,1
DA:112,1
DA:113,3
DA:114,3
LF:50
LH:35
end_of_record
SF:lib/widgets/automation/sync_tab.dart
DA:18,1
DA:22,0
DA:23,0
DA:34,0
DA:36,0
DA:37,0
DA:38,0
DA:41,0
DA:42,0
DA:43,0
DA:44,0
DA:46,0
DA:47,0
DA:51,0
DA:52,0
DA:53,0
DA:54,0
DA:55,0
DA:56,0
DA:57,0
DA:58,0
DA:62,0
DA:64,0
DA:65,0
DA:66,0
DA:67,0
DA:68,0
DA:69,0
DA:70,0
DA:71,0
DA:72,0
DA:73,0
DA:74,0
DA:76,0
DA:77,0
DA:78,0
DA:82,0
DA:83,0
DA:84,0
DA:85,0
DA:86,0
DA:88,0
DA:89,0
DA:90,0
DA:91,0
DA:92,0
DA:93,0
DA:97,0
DA:98,0
DA:99,0
DA:100,0
DA:102,0
DA:103,0
DA:104,0
DA:110,0
DA:111,0
DA:112,0
DA:114,0
DA:115,0
DA:116,0
DA:119,0
DA:121,0
DA:123,0
DA:124,0
DA:125,0
DA:128,0
DA:129,0
DA:130,0
DA:131,0
DA:133,0
DA:134,0
DA:135,0
DA:136,0
DA:137,0
DA:138,0
DA:140,0
DA:141,0
DA:142,0
DA:143,0
DA:144,0
DA:146,0
DA:147,0
DA:148,0
DA:149,0
DA:151,0
DA:152,0
DA:153,0
DA:154,0
DA:155,0
DA:156,0
DA:158,0
DA:159,0
DA:160,0
DA:164,0
DA:165,0
DA:166,0
DA:167,0
DA:168,0
DA:170,0
DA:171,0
DA:172,0
DA:173,0
DA:174,0
DA:175,0
DA:177,0
DA:183,0
DA:185,0
DA:186,0
DA:187,0
DA:189,0
DA:191,0
DA:193,0
DA:195,0
DA:196,0
DA:197,0
DA:201,0
LF:116
LH:1
end_of_record
SF:lib/widgets/bill/expenses_tab.dart
DA:34,0
DA:45,0
DA:46,0
DA:60,0
DA:62,0
DA:63,0
DA:64,0
DA:65,0
DA:66,0
DA:67,0
DA:68,0
DA:69,0
DA:70,0
DA:71,0
DA:72,0
DA:73,0
DA:74,0
DA:75,0
DA:78,0
DA:80,0
DA:81,0
DA:82,0
DA:83,0
DA:86,0
DA:87,0
DA:89,0
DA:90,0
DA:91,0
DA:94,0
DA:95,0
DA:96,0
DA:97,0
DA:98,0
DA:99,0
DA:100,0
DA:101,0
DA:102,0
DA:103,0
DA:107,0
DA:108,0
DA:110,0
DA:112,0
DA:113,0
DA:115,0
DA:116,0
DA:117,0
DA:120,0
DA:121,0
DA:124,0
DA:129,0
DA:131,0
DA:132,0
DA:133,0
DA:135,0
DA:136,0
DA:137,0
DA:138,0
DA:139,0
DA:141,0
DA:142,0
DA:143,0
DA:144,0
DA:146,0
DA:147,0
DA:148,0
DA:149,0
DA:150,0
DA:151,0
DA:152,0
DA:158,0
DA:159,0
DA:160,0
DA:162,0
DA:163,0
DA:164,0
DA:165,0
DA:166,0
DA:167,0
DA:168,0
DA:169,0
DA:175,0
DA:177,0
DA:179,0
DA:180,0
DA:181,0
DA:182,0
DA:183,0
DA:185,0
DA:186,0
DA:187,0
DA:188,0
DA:189,0
DA:192,0
DA:193,0
DA:194,0
DA:195,0
DA:197,0
DA:198,0
DA:200,0
DA:201,0
DA:202,0
DA:208,0
DA:211,0
DA:212,0
DA:213,0
DA:214,0
DA:215,0
DA:216,0
DA:217,0
DA:219,0
DA:220,0
DA:221,0
DA:223,0
DA:224,0
DA:225,0
DA:228,0
DA:229,0
DA:230,0
DA:232,0
DA:234,0
DA:235,0
LF:121
LH:0
end_of_record
SF:lib/widgets/bill/income_tab.dart
DA:32,0
DA:42,0
DA:43,0
DA:55,0
DA:57,0
DA:58,0
DA:59,0
DA:60,0
DA:61,0
DA:62,0
DA:63,0
DA:64,0
DA:65,0
DA:66,0
DA:69,0
DA:71,0
DA:72,0
DA:73,0
DA:76,0
DA:77,0
DA:79,0
DA:80,0
DA:81,0
DA:84,0
DA:85,0
DA:86,0
DA:87,0
DA:88,0
DA:89,0
DA:91,0
DA:92,0
DA:93,0
DA:97,0
DA:98,0
DA:100,0
DA:102,0
DA:103,0
DA:105,0
DA:106,0
DA:107,0
DA:110,0
DA:111,0
DA:114,0
DA:119,0
DA:121,0
DA:122,0
DA:123,0
DA:125,0
DA:126,0
DA:127,0
DA:128,0
DA:129,0
DA:131,0
DA:132,0
DA:133,0
DA:134,0
DA:136,0
DA:137,0
DA:138,0
DA:139,0
DA:140,0
DA:141,0
DA:142,0
DA:148,0
DA:150,0
DA:152,0
DA:153,0
DA:154,0
DA:155,0
DA:156,0
DA:158,0
DA:159,0
DA:160,0
DA:161,0
DA:162,0
DA:165,0
DA:166,0
DA:167,0
DA:168,0
DA:170,0
DA:171,0
DA:173,0
DA:174,0
DA:175,0
DA:176,0
DA:183,0
DA:186,0
DA:187,0
DA:188,0
DA:189,0
DA:190,0
DA:193,0
DA:194,0
DA:195,0
DA:197,0
DA:198,0
DA:199,0
DA:202,0
DA:203,0
DA:204,0
DA:206,0
DA:208,0
DA:209,0
LF:103
LH:0
end_of_record
SF:lib/widgets/bill/transfer_tab.dart
DA:31,0
DA:42,0
DA:43,0
DA:57,0
DA:59,0
DA:60,0
DA:61,0
DA:62,0
DA:63,0
DA:64,0
DA:65,0
DA:66,0
DA:69,0
DA:71,0
DA:72,0
DA:73,0
DA:74,0
DA:77,0
DA:78,0
DA:79,0
DA:82,0
DA:83,0
DA:85,0
DA:86,0
DA:87,0
DA:88,0
DA:89,0
DA:90,0
DA:92,0
DA:93,0
DA:94,0
DA:98,0
DA:99,0
DA:101,0
DA:103,0
DA:104,0
DA:106,0
DA:107,0
DA:108,0
DA:111,0
DA:112,0
DA:115,0
DA:120,0
DA:122,0
DA:123,0
DA:124,0
DA:126,0
DA:127,0
DA:128,0
DA:129,0
DA:130,0
DA:132,0
DA:133,0
DA:134,0
DA:135,0
DA:137,0
DA:138,0
DA:139,0
DA:140,0
DA:141,0
DA:146,0
DA:147,0
DA:148,0
DA:150,0
DA:151,0
DA:152,0
DA:153,0
DA:154,0
DA:155,0
DA:156,0
DA:162,0
DA:164,0
DA:166,0
DA:167,0
DA:168,0
DA:169,0
DA:170,0
DA:172,0
DA:173,0
DA:174,0
DA:175,0
DA:176,0
DA:179,0
DA:180,0
DA:181,0
DA:182,0
DA:184,0
DA:185,0
DA:187,0
DA:188,0
DA:189,0
DA:190,0
DA:197,0
DA:200,0
DA:201,0
DA:202,0
DA:203,0
DA:204,0
DA:205,0
DA:208,0
DA:209,0
DA:210,0
DA:212,0
DA:213,0
DA:214,0
DA:217,0
DA:218,0
DA:219,0
DA:221,0
DA:223,0
DA:224,0
LF:111
LH:0
end_of_record
SF:lib/widgets/bill/expenses_edit_tab.dart
DA:12,0
DA:22,0
DA:31,0
DA:32,0
DA:36,0
DA:38,0
DA:39,0
DA:40,0
DA:41,0
DA:42,0
DA:43,0
DA:44,0
DA:45,0
DA:46,0
DA:47,0
DA:51,0
DA:52,0
DA:54,0
DA:55,0
LF:19
LH:0
end_of_record
SF:lib/widgets/home/bill_widget.dart
DA:9,1
DA:22,1
LF:2
LH:2
end_of_record
SF:lib/widgets/budget/budget_widget.dart
DA:9,1
DA:17,1
DA:19,1
DA:20,1
DA:21,1
DA:22,1
DA:23,1
DA:24,1
DA:25,1
DA:26,1
DA:27,1
DA:28,1
DA:29,1
DA:30,1
LF:14
LH:14
end_of_record
SF:lib/_classes/structure/currency_app_data.dart
DA:12,1
DA:23,3
DA:26,1
DA:31,1
DA:34,1
DA:36,1
DA:37,1
DA:38,1
DA:39,1
DA:40,1
DA:41,1
DA:42,1
DA:46,0
DA:47,0
DA:48,0
DA:49,0
DA:50,0
DA:51,0
DA:52,0
DA:53,0
DA:54,0
DA:55,0
DA:59,1
DA:60,1
DA:61,1
DA:62,3
DA:65,0
DA:67,0
DA:69,1
DA:70,5
DA:72,1
DA:73,5
LF:32
LH:20
end_of_record
SF:lib/widgets/_generic/notification_bar.dart
DA:8,0
DA:9,0
DA:10,0
DA:11,0
DA:12,0
DA:15,0
LF:6
LH:0
end_of_record
SF:lib/_classes/structure/goal_app_data.dart
DA:14,0
DA:30,0
DA:32,0
DA:37,0
DA:40,0
DA:42,0
DA:43,0
DA:44,0
DA:45,0
DA:46,0
DA:47,0
DA:48,0
DA:49,0
DA:50,0
DA:51,0
DA:52,0
DA:53,0
DA:54,0
DA:58,0
DA:59,0
DA:60,0
DA:61,0
DA:62,0
DA:63,0
DA:64,0
DA:65,0
DA:66,0
DA:67,0
DA:68,0
DA:69,0
DA:70,0
DA:71,0
DA:72,0
DA:76,0
DA:77,0
DA:78,0
DA:79,0
DA:80,0
DA:84,0
DA:85,0
DA:86,0
DA:87,0
DA:89,0
DA:90,0
DA:91,0
DA:93,0
DA:96,0
DA:97,0
DA:98,0
LF:49
LH:0
end_of_record
SF:lib/widgets/_forms/date_input.dart
DA:17,1
DA:21,1
DA:23,1
DA:24,1
DA:28,0
DA:30,0
DA:32,0
DA:33,0
DA:34,0
DA:36,0
DA:41,0
DA:42,0
DA:43,0
DA:44,0
DA:45,0
DA:48,0
DA:49,0
DA:53,1
DA:55,2
DA:56,4
DA:57,1
DA:58,1
DA:59,4
DA:60,1
DA:61,2
DA:62,1
DA:63,3
DA:66,0
DA:67,0
DA:68,0
DA:70,2
DA:71,1
DA:72,0
LF:33
LH:16
end_of_record
SF:lib/_ext/double_ext.dart
DA:10,1
DA:12,1
DA:14,1
DA:15,1
DA:17,1
LF:5
LH:5
end_of_record
SF:lib/widgets/budget/budget_line_widget.dart
DA:25,1
DA:39,1
DA:41,1
DA:44,1
DA:45,1
DA:46,2
DA:47,4
DA:49,1
DA:51,3
DA:52,1
DA:54,1
DA:55,1
DA:56,1
DA:59,3
DA:62,1
DA:63,1
DA:64,1
DA:65,3
DA:67,2
DA:68,1
DA:69,1
DA:71,1
DA:72,3
DA:73,3
DA:78,1
DA:79,1
DA:80,3
DA:81,3
DA:84,1
DA:85,2
DA:90,3
LF:31
LH:31
end_of_record
SF:lib/widgets/_wrappers/grid_layer.dart
DA:14,1
DA:22,1
DA:24,6
DA:25,8
DA:26,1
DA:27,3
DA:28,3
DA:29,1
DA:30,1
DA:31,1
DA:32,2
DA:33,4
DA:35,0
DA:36,0
LF:14
LH:12
end_of_record
SF:lib/widgets/init/init_tab.dart
DA:11,1
DA:13,0
DA:14,0
DA:18,0
DA:23,0
DA:24,0
DA:26,0
DA:29,0
DA:32,0
DA:37,0
DA:39,0
DA:42,0
DA:44,0
LF:13
LH:1
end_of_record
SF:lib/widgets/home/budget_widget.dart
DA:16,1
DA:29,1
DA:33,1
DA:35,1
DA:36,1
DA:37,1
DA:38,1
DA:39,1
DA:40,5
DA:41,5
DA:42,4
DA:44,1
DA:48,1
DA:51,7
DA:52,7
DA:53,4
DA:54,1
DA:55,2
DA:62,1
DA:64,1
DA:65,1
DA:67,1
DA:68,1
DA:69,1
DA:70,1
DA:71,1
DA:72,1
DA:73,1
DA:74,1
DA:75,1
DA:76,1
DA:77,1
LF:32
LH:32
end_of_record
SF:lib/widgets/home/goal_widget.dart
DA:14,1
DA:21,1
DA:23,2
DA:26,0
DA:28,0
DA:30,0
DA:31,0
DA:32,0
DA:33,0
DA:34,0
DA:36,0
DA:37,0
LF:12
LH:3
end_of_record
SF:lib/widgets/_wrappers/tab_widget.dart
DA:15,1
DA:24,1
DA:25,1
DA:35,1
DA:37,1
DA:38,1
DA:41,1
DA:42,4
DA:43,3
DA:44,3
DA:45,3
DA:46,2
DA:47,1
DA:49,1
DA:53,1
DA:55,2
DA:56,2
DA:57,1
DA:60,0
DA:61,0
DA:62,0
DA:65,1
DA:66,3
DA:69,2
DA:71,1
DA:72,2
DA:73,2
DA:78,3
DA:79,0
DA:81,1
DA:86,1
DA:87,2
DA:88,1
DA:89,1
DA:90,1
DA:91,1
DA:92,2
DA:93,1
DA:94,3
DA:95,3
DA:98,0
DA:99,0
DA:100,0
DA:101,0
DA:106,1
DA:108,5
DA:109,0
DA:111,4
DA:112,3
DA:113,5
DA:114,3
DA:117,1
DA:118,0
DA:119,0
DA:120,0
DA:121,0
DA:122,0
DA:125,1
DA:126,1
DA:127,1
DA:128,3
DA:129,1
DA:130,1
DA:131,1
DA:132,2
LF:65
LH:51
end_of_record
SF:lib/widgets/metrics/account_tab.dart
DA:27,0
DA:32,0
DA:33,0
DA:34,0
DA:35,0
DA:41,0
DA:43,0
DA:44,0
DA:49,0
DA:50,0
DA:51,0
DA:52,0
DA:53,0
DA:54,0
DA:55,0
DA:56,0
DA:58,0
DA:60,0
DA:61,0
DA:65,0
DA:66,0
DA:67,0
DA:68,0
DA:69,0
DA:71,0
DA:72,0
DA:74,0
DA:76,0
DA:79,0
DA:80,0
DA:81,0
DA:82,0
DA:83,0
DA:84,0
DA:85,0
DA:91,0
DA:93,0
DA:94,0
DA:95,0
DA:96,0
DA:97,0
DA:98,0
DA:99,0
DA:100,0
DA:101,0
DA:102,0
DA:103,0
DA:104,0
DA:108,0
DA:109,0
DA:110,0
DA:111,0
DA:113,0
DA:114,0
DA:117,0
DA:118,0
DA:119,0
DA:121,0
DA:122,0
DA:125,0
DA:126,0
DA:127,0
DA:137,0
DA:138,0
DA:139,0
DA:141,0
DA:148,0
DA:150,0
DA:151,0
DA:152,0
DA:153,0
DA:155,0
DA:156,0
DA:157,0
DA:162,0
DA:165,0
DA:166,0
DA:167,0
DA:168,0
DA:169,0
DA:170,0
DA:172,0
DA:175,0
DA:176,0
LF:84
LH:0
end_of_record
SF:lib/widgets/metrics/bill_tab.dart
DA:18,0
DA:23,0
DA:24,0
DA:25,0
DA:26,0
DA:27,0
DA:28,0
DA:29,0
DA:30,0
DA:31,0
DA:36,0
DA:37,0
DA:38,0
DA:39,0
DA:41,0
DA:49,0
DA:51,0
DA:52,0
DA:53,0
DA:54,0
DA:56,0
DA:57,0
DA:58,0
DA:59,0
DA:60,0
DA:63,0
DA:64,0
DA:65,0
DA:66,0
DA:67,0
DA:69,0
DA:70,0
DA:71,0
DA:72,0
DA:74,0
DA:79,0
DA:82,0
DA:83,0
DA:84,0
DA:87,0
DA:90,0
DA:91,0
DA:92,0
DA:93,0
DA:94,0
LF:45
LH:0
end_of_record
SF:lib/widgets/metrics/budget_tab.dart
DA:18,0
DA:23,0
DA:25,0
DA:26,0
DA:27,0
DA:28,0
DA:29,0
DA:30,0
DA:31,0
DA:33,0
DA:34,0
DA:35,0
DA:36,0
DA:38,0
DA:39,0
DA:42,0
DA:43,0
DA:44,0
DA:48,0
DA:49,0
DA:53,0
DA:55,0
DA:56,0
DA:57,0
DA:58,0
DA:60,0
DA:61,0
DA:62,0
LF:28
LH:0
end_of_record
SF:lib/widgets/settings/import_tab.dart
DA:25,1
DA:29,0
DA:30,0
DA:48,0
DA:50,0
DA:51,0
DA:52,0
DA:53,0
DA:54,0
DA:55,0
DA:56,0
DA:57,0
DA:58,0
DA:62,0
DA:67,0
DA:68,0
DA:69,0
DA:70,0
DA:71,0
DA:72,0
DA:76,0
DA:77,0
DA:78,0
DA:79,0
DA:80,0
DA:81,0
DA:83,0
DA:85,0
DA:86,0
DA:87,0
DA:89,0
DA:92,0
DA:93,0
DA:96,0
DA:97,0
DA:98,0
DA:99,0
DA:101,0
DA:102,0
DA:103,0
DA:104,0
DA:105,0
DA:106,0
DA:107,0
DA:108,0
DA:113,0
DA:115,0
DA:116,0
DA:117,0
DA:118,0
DA:119,0
DA:121,0
DA:122,0
DA:123,0
DA:124,0
DA:125,0
DA:126,0
DA:127,0
DA:129,0
DA:131,0
DA:132,0
DA:133,0
DA:134,0
DA:135,0
DA:136,0
DA:137,0
DA:138,0
DA:140,0
DA:142,0
DA:143,0
DA:144,0
DA:146,0
DA:147,0
DA:148,0
DA:150,0
DA:151,0
DA:152,0
DA:153,0
DA:154,0
DA:155,0
DA:162,0
DA:163,0
DA:165,0
DA:166,0
DA:167,0
DA:169,0
DA:170,0
DA:171,0
DA:172,0
DA:173,0
DA:177,0
DA:179,0
DA:180,0
DA:181,0
DA:183,0
DA:184,0
DA:185,0
DA:186,0
DA:187,0
DA:191,0
DA:193,0
DA:194,0
DA:195,0
DA:197,0
DA:198,0
DA:199,0
DA:200,0
DA:201,0
DA:202,0
DA:204,0
DA:207,0
DA:209,0
DA:210,0
DA:211,0
DA:213,0
DA:214,0
DA:215,0
DA:216,0
DA:219,0
DA:221,0
DA:222,0
DA:223,0
DA:225,0
DA:228,0
DA:230,0
DA:232,0
DA:233,0
DA:234,0
DA:235,0
DA:241,0
DA:242,0
DA:245,0
DA:246,0
DA:248,0
DA:249,0
DA:250,0
DA:251,0
DA:252,0
DA:253,0
LF:139
LH:1
end_of_record
SF:lib/widgets/settings/setting_tab.dart
DA:8,0
DA:11,1
DA:13,0
DA:14,0
DA:18,0
LF:5
LH:1
end_of_record
SF:lib/widgets/settings/recover_tab.dart
DA:17,1
DA:19,0
DA:20,0
DA:29,0
DA:30,0
DA:31,0
DA:34,0
DA:36,0
DA:38,0
DA:40,0
DA:41,0
DA:43,0
DA:44,0
DA:46,0
DA:47,0
DA:48,0
DA:52,0
DA:53,0
DA:54,0
DA:55,0
DA:56,0
DA:57,0
DA:58,0
DA:59,0
DA:62,0
DA:63,0
DA:64,0
DA:65,0
DA:66,0
DA:67,0
DA:68,0
DA:72,0
DA:74,0
DA:76,0
DA:77,0
DA:79,0
DA:82,0
DA:83,0
DA:85,0
DA:91,0
DA:92,0
DA:93,0
DA:94,0
DA:95,0
DA:96,0
LF:45
LH:1
end_of_record
SF:lib/widgets/start/account_tab.dart
DA:15,1
DA:21,1
DA:22,1
DA:26,1
DA:28,2
DA:29,1
DA:32,1
DA:33,5
DA:34,3
DA:38,1
DA:40,2
DA:41,1
DA:42,1
DA:43,2
DA:44,2
DA:45,2
DA:46,3
DA:47,4
DA:51,1
LF:19
LH:19
end_of_record
SF:lib/widgets/start/budget_tab.dart
DA:15,1
DA:21,1
DA:22,1
DA:26,1
DA:28,2
DA:29,1
DA:32,1
DA:33,5
DA:34,3
DA:38,1
DA:40,2
DA:41,1
DA:42,1
DA:43,2
DA:44,2
DA:45,2
DA:46,3
DA:47,4
DA:51,1
LF:19
LH:19
end_of_record
SF:lib/widgets/start/privacy_tab.dart
DA:11,1
DA:17,1
DA:18,1
DA:22,1
DA:24,2
DA:27,1
DA:29,1
DA:30,1
DA:33,1
DA:35,2
DA:36,1
DA:37,3
DA:38,1
DA:39,1
DA:40,2
DA:42,1
LF:16
LH:16
end_of_record
SF:lib/widgets/start/setting_tab.dart
DA:19,2
DA:25,1
DA:26,1
DA:36,1
DA:38,1
DA:39,1
DA:40,1
DA:41,2
DA:42,2
DA:43,3
DA:46,0
DA:47,0
DA:50,0
DA:51,0
DA:54,0
DA:55,0
DA:56,0
DA:59,0
DA:60,0
DA:61,0
DA:64,1
DA:65,1
DA:66,1
DA:67,1
DA:68,2
DA:69,1
DA:71,4
DA:74,1
DA:75,2
DA:77,1
DA:79,2
DA:80,2
DA:81,2
DA:82,1
DA:83,1
DA:84,4
DA:87,1
DA:88,1
DA:90,1
DA:92,1
DA:93,2
DA:94,1
DA:96,1
DA:97,2
DA:98,2
DA:99,1
DA:102,1
DA:103,1
DA:105,1
DA:106,1
DA:107,2
DA:108,1
DA:110,1
DA:111,1
DA:112,1
DA:114,1
DA:115,1
DA:121,1
DA:122,2
DA:123,1
DA:125,1
DA:126,1
DA:127,2
DA:128,1
DA:129,3
DA:130,3
DA:131,3
DA:133,1
LF:68
LH:58
end_of_record
SF:lib/widgets/subscription/other_widget.dart
DA:11,1
DA:13,0
DA:15,0
DA:16,0
DA:18,0
DA:19,0
DA:20,0
DA:24,0
DA:25,0
DA:26,0
DA:30,0
DA:31,0
DA:32,0
DA:36,0
DA:37,0
DA:38,0
DA:42,0
DA:43,0
DA:44,0
LF:19
LH:1
end_of_record
SF:lib/widgets/_forms/abstract_input.dart
DA:13,1
DA:14,3
DA:15,2
DA:16,4
DA:19,1
DA:21,1
DA:22,1
LF:7
LH:7
end_of_record
SF:lib/widgets/_forms/currency_exchange_input.dart
DA:24,0
DA:33,0
DA:34,0
DA:35,0
DA:39,0
DA:40,0
DA:51,0
DA:53,0
DA:54,0
DA:57,0
DA:59,0
DA:60,0
DA:63,0
DA:64,0
DA:67,0
DA:68,0
DA:69,0
DA:70,0
DA:77,0
DA:78,0
DA:79,0
DA:80,0
DA:81,0
DA:82,0
DA:84,0
DA:85,0
DA:88,0
DA:89,0
DA:90,0
DA:91,0
DA:92,0
DA:93,0
DA:94,0
DA:95,0
DA:96,0
DA:98,0
DA:99,0
DA:100,0
DA:101,0
DA:106,0
DA:107,0
DA:110,0
DA:111,0
DA:112,0
DA:113,0
DA:115,0
DA:116,0
DA:117,0
DA:118,0
DA:120,0
DA:121,0
DA:122,0
DA:126,0
DA:130,0
DA:132,0
DA:135,0
DA:136,0
DA:139,0
DA:140,0
DA:142,0
DA:143,0
DA:144,0
DA:145,0
DA:148,0
DA:150,0
DA:151,0
DA:152,0
DA:153,0
DA:154,0
DA:156,0
DA:158,0
DA:159,0
DA:160,0
DA:161,0
DA:162,0
DA:164,0
DA:165,0
DA:167,0
DA:168,0
DA:169,0
DA:170,0
DA:171,0
DA:173,0
DA:174,0
DA:175,0
DA:176,0
DA:177,0
DA:179,0
DA:180,0
DA:182,0
DA:185,0
DA:186,0
DA:187,0
DA:188,0
DA:190,0
DA:191,0
DA:193,0
DA:202,0
LF:98
LH:0
end_of_record
SF:lib/widgets/_generic/base_group_widget.dart
DA:26,1
DA:38,1
DA:39,2
DA:40,1
DA:41,1
DA:42,9
DA:43,1
DA:44,1
DA:45,3
DA:47,0
DA:48,0
DA:49,0
DA:51,0
DA:54,1
DA:55,1
DA:56,1
DA:57,2
DA:62,1
DA:64,1
DA:65,2
DA:66,1
DA:67,1
DA:68,1
DA:71,1
DA:72,1
DA:73,1
DA:76,4
DA:77,3
DA:78,0
DA:80,13
DA:82,1
DA:84,1
DA:85,1
DA:86,3
DA:87,3
DA:88,1
DA:91,2
DA:92,2
DA:93,1
DA:94,1
DA:95,1
DA:96,1
DA:97,4
DA:100,1
DA:101,1
DA:103,1
DA:106,1
DA:107,1
DA:110,1
DA:111,3
DA:112,1
DA:113,2
DA:116,2
LF:53
LH:48
end_of_record
SF:lib/widgets/_generic/base_header_widget.dart
DA:25,1
DA:35,1
DA:37,1
DA:39,1
DA:40,2
DA:41,2
DA:42,1
DA:43,1
DA:44,1
DA:45,1
DA:46,1
DA:47,2
DA:49,2
DA:50,1
DA:51,2
DA:53,1
DA:54,1
DA:57,1
DA:58,1
DA:59,1
DA:62,1
DA:65,1
DA:66,3
DA:67,4
DA:70,1
DA:73,1
DA:74,4
DA:76,1
DA:78,1
DA:80,4
DA:82,2
DA:83,0
DA:87,1
DA:88,0
DA:91,0
DA:92,0
DA:94,0
DA:96,0
DA:98,0
DA:100,0
DA:102,0
DA:104,0
DA:105,0
DA:106,0
LF:44
LH:32
end_of_record
SF:lib/widgets/_wrappers/keep_alive_wrapper.dart
DA:9,1
DA:11,1
DA:12,1
DA:16,1
DA:18,1
DA:19,2
DA:22,1
LF:7
LH:7
end_of_record
SF:lib/widgets/_generic/base_list_limited_widget.dart
DA:19,1
DA:29,1
DA:30,1
DA:31,1
DA:32,0
DA:33,0
DA:34,0
DA:36,1
DA:40,1
DA:42,3
DA:44,5
DA:45,0
DA:49,6
DA:51,1
DA:55,1
DA:56,1
DA:58,2
DA:59,3
DA:60,2
DA:62,0
DA:64,0
DA:65,0
LF:22
LH:15
end_of_record
SF:lib/widgets/_generic/base_swipe_widget.dart
DA:20,1
DA:28,1
DA:29,1
DA:30,1
DA:32,1
DA:34,1
DA:35,3
DA:36,1
DA:37,2
DA:38,1
DA:44,1
DA:46,3
DA:47,1
DA:48,2
DA:49,1
DA:50,3
DA:51,1
DA:52,2
DA:53,1
DA:54,1
DA:55,1
DA:56,1
DA:58,1
DA:59,1
DA:60,1
DA:61,1
DA:64,1
DA:66,1
DA:68,1
DA:70,3
DA:79,0
DA:80,3
DA:82,1
DA:85,0
DA:86,3
DA:89,1
LF:36
LH:34
end_of_record
SF:lib/widgets/_generic/base_widget.dart
DA:26,1
DA:39,1
DA:41,0
DA:42,0
DA:43,0
DA:44,0
DA:45,0
DA:46,0
DA:47,0
DA:48,0
DA:49,0
DA:50,0
DA:51,0
DA:52,0
DA:53,0
DA:54,0
DA:59,0
DA:60,0
DA:61,0
DA:62,0
DA:63,0
DA:67,1
DA:69,1
DA:70,1
DA:73,0
DA:74,0
DA:75,0
DA:76,0
DA:77,0
DA:78,0
DA:79,0
DA:80,0
DA:81,0
DA:82,0
DA:84,0
DA:89,1
DA:90,1
DA:91,1
DA:92,1
DA:93,1
DA:95,1
DA:96,1
DA:97,1
DA:98,1
DA:99,1
DA:100,1
DA:101,1
DA:102,1
DA:103,2
DA:104,1
DA:106,1
DA:107,1
DA:108,1
DA:109,1
DA:110,2
DA:111,1
DA:112,1
DA:113,1
DA:114,1
DA:116,1
DA:117,2
DA:118,1
DA:119,1
LF:63
LH:33
end_of_record
SF:lib/widgets/_generic/text_widget.dart
DA:7,0
DA:9,0
DA:10,0
DA:12,0
DA:15,0
LF:5
LH:0
end_of_record
SF:lib/widgets/_wrappers/dots_indicator_decoration.dart
DA:13,1
DA:21,1
DA:23,1
DA:24,1
DA:25,1
DA:26,1
DA:27,1
DA:28,1
DA:41,1
DA:48,1
DA:50,1
DA:52,2
DA:55,3
DA:56,3
DA:57,4
DA:58,3
DA:59,6
DA:60,2
DA:61,1
DA:62,4
DA:64,4
LF:21
LH:21
end_of_record
SF:lib/widgets/_wrappers/dots_tab_bar_widget.dart
DA:15,1
DA:24,1
DA:31,1
DA:32,7
DA:34,1
DA:35,10
DA:37,1
DA:38,1
DA:39,1
DA:40,2
DA:41,1
DA:42,1
LF:12
LH:12
end_of_record
SF:lib/widgets/_wrappers/elevate_button_widget.dart
DA:17,0
DA:27,0
DA:29,0
DA:31,0
DA:32,0
DA:33,0
DA:34,0
DA:35,0
DA:36,0
DA:37,0
DA:39,0
DA:43,0
DA:44,0
DA:46,0
DA:47,0
DA:48,0
DA:49,0
DA:50,0
DA:54,0
DA:55,0
DA:56,0
DA:57,0
LF:22
LH:0
end_of_record
SF:lib/widgets/_wrappers/table_widget.dart
DA:14,0
DA:22,0
DA:24,0
DA:25,0
DA:26,0
DA:27,0
DA:28,0
DA:29,0
DA:33,0
DA:34,0
DA:37,0
DA:38,0
DA:39,0
DA:40,0
DA:41,0
DA:43,0
DA:44,0
DA:45,0
LF:18
LH:0
end_of_record
SF:lib/widgets/init/loading_widget.dart
DA:10,0
DA:16,0
DA:17,0
DA:23,0
DA:25,0
DA:28,0
DA:29,0
DA:32,0
DA:34,0
DA:35,0
DA:38,0
DA:40,0
DA:41,0
DA:42,0
DA:43,0
DA:44,0
DA:45,0
DA:46,0
DA:47,0
DA:48,0
DA:50,0
DA:51,0
DA:52,0
DA:53,0
DA:54,0
DA:55,0
DA:56,0
DA:59,0
LF:28
LH:0
end_of_record
SF:lib/widgets/home/goal_line_widget.dart
DA:16,0
DA:22,0
DA:24,0
DA:25,0
DA:26,0
DA:27,0
DA:28,0
DA:29,0
DA:31,0
DA:32,0
DA:33,0
DA:34,0
DA:36,0
DA:37,0
DA:39,0
DA:41,0
DA:42,0
DA:43,0
DA:44,0
DA:45,0
DA:46,0
DA:49,0
DA:54,0
DA:55,0
DA:56,0
DA:57,0
DA:58,0
DA:59,0
DA:60,0
DA:61,0
DA:62,0
DA:68,0
DA:69,0
DA:70,0
DA:71,0
DA:72,0
DA:73,0
DA:81,0
DA:83,0
DA:84,0
DA:85,0
DA:86,0
DA:87,0
DA:93,0
DA:94,0
DA:95,0
DA:96,0
DA:97,0
DA:98,0
DA:99,0
DA:102,0
DA:103,0
LF:52
LH:0
end_of_record
SF:lib/widgets/settings/recover_tab/date_time_helper_widget.dart
DA:10,1
DA:12,0
DA:14,0
DA:15,0
DA:17,0
DA:18,0
DA:19,0
DA:20,0
DA:21,0
DA:22,0
DA:23,0
DA:24,0
DA:25,0
DA:26,0
DA:27,0
DA:28,0
DA:29,0
DA:30,0
LF:18
LH:1
end_of_record
SF:lib/widgets/settings/recover_tab/nav_button_widget.dart
DA:17,0
DA:26,0
DA:28,0
DA:29,0
DA:30,0
DA:31,0
DA:32,0
DA:33,0
DA:34,0
DA:35,0
DA:36,0
DA:37,0
DA:39,0
DA:40,0
DA:44,0
DA:45,0
LF:16
LH:0
end_of_record
SF:lib/widgets/settings/recover_tab/recover_file_form.dart
DA:20,0
DA:29,0
DA:30,0
DA:38,0
DA:40,0
DA:41,0
DA:44,0
DA:46,0
DA:47,0
DA:48,0
DA:50,0
DA:52,0
DA:53,0
DA:56,0
DA:58,0
DA:59,0
DA:60,0
DA:62,0
DA:63,0
DA:64,0
DA:66,0
DA:67,0
DA:69,0
DA:70,0
DA:71,0
DA:72,0
DA:76,0
DA:78,0
DA:80,0
DA:81,0
DA:82,0
DA:85,0
DA:86,0
DA:88,0
DA:90,0
DA:91,0
DA:92,0
LF:37
LH:0
end_of_record
SF:lib/widgets/settings/recover_tab/recover_webdav_form.dart
DA:21,0
DA:30,0
DA:31,0
DA:42,0
DA:44,0
DA:45,0
DA:48,0
DA:50,0
DA:51,0
DA:52,0
DA:54,0
DA:56,0
DA:57,0
DA:60,0
DA:62,0
DA:63,0
DA:64,0
DA:66,0
DA:67,0
DA:68,0
DA:70,0
DA:71,0
DA:75,0
DA:76,0
DA:77,0
DA:79,0
DA:80,0
DA:83,0
DA:84,0
DA:85,0
DA:87,0
DA:88,0
DA:92,0
DA:93,0
DA:94,0
DA:96,0
DA:97,0
DA:99,0
DA:100,0
DA:101,0
DA:102,0
DA:106,0
DA:108,0
DA:110,0
DA:111,0
DA:112,0
DA:113,0
DA:114,0
DA:116,0
DA:117,0
DA:120,0
DA:121,0
DA:123,0
DA:125,0
DA:126,0
DA:127,0
DA:128,0
DA:129,0
DA:130,0
DA:131,0
DA:133,0
DA:135,0
DA:136,0
DA:137,0
LF:64
LH:0
end_of_record
SF:lib/widgets/start/abstract_tab.dart
DA:13,2
DA:25,1
DA:26,3
DA:29,1
DA:30,1
DA:32,1
DA:33,4
DA:38,1
DA:40,1
DA:41,2
DA:42,2
DA:43,3
DA:44,4
DA:48,1
DA:49,1
DA:50,1
LF:16
LH:16
end_of_record
SF:lib/_classes/math/bill_recalculation.dart
DA:14,0
DA:19,0
DA:21,0
DA:24,0
DA:25,0
DA:26,0
DA:28,0
DA:33,0
DA:34,0
DA:37,0
DA:39,0
DA:40,0
DA:41,0
DA:43,0
DA:44,0
DA:45,0
DA:46,0
DA:48,0
DA:49,0
DA:54,0
DA:55,0
DA:56,0
DA:59,0
DA:60,0
DA:61,0
DA:62,0
DA:65,0
DA:66,0
DA:67,0
LF:29
LH:0
end_of_record
SF:lib/_classes/math/budget_recalculation.dart
DA:11,1
DA:16,1
DA:18,3
DA:19,0
DA:25,1
DA:26,3
DA:27,3
LF:7
LH:6
end_of_record
SF:lib/_classes/math/goal_recalculation.dart
DA:11,0
DA:16,0
DA:18,0
DA:19,0
DA:25,0
DA:26,0
LF:6
LH:0
end_of_record
SF:lib/_classes/math/invoice_recalculation.dart
DA:13,0
DA:15,0
DA:17,0
DA:20,0
DA:21,0
DA:24,0
DA:25,0
DA:26,0
DA:28,0
DA:33,0
DA:36,0
DA:37,0
DA:38,0
DA:40,0
DA:41,0
DA:42,0
DA:43,0
DA:45,0
DA:46,0
LF:19
LH:0
end_of_record
SF:lib/_classes/math/total_recalculation.dart
DA:16,1
DA:20,0
DA:22,0
DA:25,1
DA:26,1
DA:27,1
DA:30,4
DA:31,1
DA:32,0
DA:37,1
DA:38,4
DA:41,1
DA:42,1
DA:43,2
DA:46,3
DA:47,3
DA:50,1
DA:51,1
DA:52,1
DA:54,0
DA:55,0
DA:56,0
DA:57,0
DA:58,0
DA:59,0
DA:60,0
DA:61,0
DA:62,0
DA:66,0
DA:68,0
DA:70,0
DA:73,0
LF:32
LH:16
end_of_record
SF:lib/_classes/structure/summary_app_data.dart
DA:13,1
DA:17,1
DA:20,6
DA:22,6
DA:24,1
DA:25,2
DA:26,0
DA:30,1
DA:31,2
DA:32,0
DA:33,0
DA:34,0
DA:36,1
DA:38,5
DA:39,2
DA:40,2
DA:41,5
DA:42,2
LF:18
LH:14
end_of_record
SF:lib/_classes/structure/abstract_app_data.dart
DA:30,1
DA:43,1
DA:44,1
DA:45,1
DA:49,0
DA:50,0
DA:52,0
DA:53,0
DA:56,2
DA:57,1
DA:58,1
DA:59,1
DA:60,2
DA:61,1
DA:62,2
DA:63,2
DA:64,2
DA:65,1
DA:66,1
DA:67,1
DA:70,1
DA:71,2
DA:72,1
DA:73,1
DA:74,1
DA:75,1
DA:81,1
DA:82,2
DA:85,1
DA:87,2
DA:90,1
DA:91,1
DA:93,0
DA:96,2
DA:97,0
DA:98,0
DA:99,0
DA:102,1
DA:103,1
DA:104,0
DA:105,0
DA:106,0
LF:42
LH:31
end_of_record
SF:lib/_ext/int_ext.dart
DA:7,0
DA:9,0
DA:10,0
DA:11,0
DA:14,0
LF:5
LH:0
end_of_record
SF:lib/_classes/structure/currency/crypto_list.dart
DA:5,3
DA:6,1
DA:7,1
DA:8,1
DA:9,1
DA:10,1
DA:11,1
DA:12,1
DA:13,1
DA:14,1
DA:15,1
DA:16,1
DA:17,1
DA:18,1
DA:19,1
DA:20,1
DA:21,1
DA:22,1
DA:23,1
DA:24,1
DA:25,1
DA:26,1
DA:27,1
DA:28,1
DA:29,1
DA:30,1
DA:31,1
DA:32,1
DA:33,1
DA:34,1
DA:35,1
DA:36,1
DA:37,1
DA:38,1
DA:39,1
DA:40,1
LF:36
LH:36
end_of_record
SF:lib/_classes/structure/currency/currency_list.dart
DA:4,3
DA:5,1
DA:18,1
DA:31,1
DA:44,1
DA:57,1
DA:70,1
DA:83,1
DA:96,1
DA:109,1
DA:122,1
DA:135,1
DA:148,1
DA:161,1
DA:174,1
DA:187,1
DA:200,1
DA:213,1
DA:226,1
DA:239,1
DA:252,1
DA:265,1
DA:278,1
DA:291,1
DA:304,1
DA:317,1
DA:330,1
DA:343,1
DA:356,1
DA:369,1
DA:382,1
DA:395,1
DA:408,1
DA:421,1
DA:434,1
DA:447,1
DA:460,1
DA:473,1
DA:486,1
DA:499,1
DA:512,1
DA:525,1
DA:538,1
DA:551,1
DA:564,1
DA:577,1
DA:590,1
DA:603,1
DA:616,1
DA:629,1
DA:642,1
DA:655,1
DA:668,1
DA:681,1
DA:694,1
DA:707,1
DA:720,1
DA:733,1
DA:746,1
DA:759,1
DA:772,1
DA:785,1
DA:798,1
DA:811,1
DA:824,1
DA:837,1
DA:850,1
DA:863,1
DA:876,1
DA:889,1
DA:902,1
DA:915,1
DA:928,1
DA:941,1
DA:954,1
DA:967,1
DA:980,1
DA:993,1
DA:1006,1
DA:1019,1
DA:1032,1
DA:1045,1
DA:1058,1
DA:1071,1
DA:1084,1
DA:1097,1
DA:1110,1
DA:1123,1
DA:1136,1
DA:1149,1
DA:1162,1
DA:1175,1
DA:1188,1
DA:1201,1
DA:1214,1
DA:1227,1
DA:1240,1
DA:1253,1
DA:1266,1
DA:1279,1
DA:1292,1
DA:1305,1
DA:1318,1
DA:1331,1
DA:1344,1
DA:1357,1
DA:1370,1
DA:1383,1
DA:1396,1
DA:1409,1
DA:1422,1
DA:1435,1
DA:1448,1
DA:1461,1
LF:114
LH:114
end_of_record
SF:lib/_classes/structure/currency/currency_template.dart
DA:4,3
LF:1
LH:1
end_of_record
